TN:
SF:/home/fbellidopazos/.vscode-server/extensions/ms-python.python-2022.16.1/pythonFiles/testing_tools/adapter/discovery.py
DA:32,1,sXz7peLezzdjAEwnDRhvFQ
DA:34,1,OsTWDVYyOGgCmd2yAJU4Pg
DA:35,1,uP4seoORIC5fRysIma7f/Q
DA:37,1,8x4H7Q1SrUquLT6+sOoJgQ
DA:38,1,UYGpkCC0wm01wTzjSLvJuQ
DA:39,1,IF/rZ00ZK4yrM0XhcDAGtQ
DA:40,1,wfTYzZtc2LN/8nG9RWzvEw
DA:41,1,alScYPy8CPR5yZthrk8Rjg
DA:42,1,5uJJym+AG4BuWri8CeWDWw
DA:46,1,8NKiPlpT2HhMlkjRrbKZPw
DA:47,1,V7bsjzSvMjYa6EjUVphmpg
DA:72,1,PoUEdrefBV5li0B7/J8iIA
DA:73,1,6LIM3NfPUUUviz7sZWzhtQ
DA:77,1,BukeSpCaidRosaCzNk53VQ
DA:81,1,GaExqrI6uRjCEBwO1f9GNA
DA:86,1,wDn6BzG0Ph985b6VDH5QaA
DA:95,1,6XTk0WcLn6J81CnijTi9UQ
DA:96,1,Z6dSZk6A0Fd7++D2vboEpA
DA:98,1,EAXB6779ZfGk2auFOlGD0Q
DA:99,1,9ZaETFOBqzi6A7SmPCcOOw
DA:101,1,+pJzfowD0O/msKBWAjExnA
DA:102,1,x3DJhFYgxlsEyJS0stEvHg
DA:103,1,eJLzBj4r4A5OPP8CKC4PlQ
DA:105,1,YZ2zbvNnwn/DlO6U/cr7Gg
DA:106,1,sLbn5OIZkwaw8EJd62glcg
DA:107,1,qGuuFuU3S/agF4wdR81vDg
DA:108,1,r1khkqS6OibQbsgBnVOehQ
DA:110,1,YLZkGQbKry5zT7vim7q4TA
DA:111,1,j/h2bVZ7Mh5IB1Fn2IDSmQ
DA:112,1,+fCKGJ/NYyWstlZ7ZWIH4A
DA:113,1,F6IipGHcw3lwEVDLyGHAAg
DA:114,1,5CKl8aukpmS7cvHoIf0/lQ
DA:115,1,VE6MRuNCSDalRPlXqKB9yw
DA:117,1,0DeizlhEY+osY+1Wu4nb2A
DA:4,0,9eAqqwyvLBw5Tgi8Yzv3XQ
DA:6,0,p7hNY1S5rX9QtYADf+cK4g
DA:8,0,DeXJnTVAUyJy0iOs/M4p+g
DA:9,0,U6NVNULEgEoPN32+oKCwPQ
DA:12,0,A1NrUCRRLJwKDWbR2b5m5Q
DA:25,0,QlEWIZNfCItc/35nYHTnZg
DA:33,0,4S6U3UmrF2hgVMeCcT2OOg
DA:43,0,USv10AcaxpCdzJn+cV86zg
DA:44,0,oiGy2dHpxlO546MxsYNdeQ
DA:45,0,uB45SbPl0TPIR4TCLTGgOA
DA:50,0,dWlzlEBsfg6BvByviX5d/w
DA:53,0,gFdnwIzxJ64X+nD2UauP7A
DA:54,0,mGReZzR6dpxW5ohz2IxTVQ
DA:56,0,NhwiEFYxgSItKkKpG1x/GA
DA:57,0,3+Cy670xkvL62MsW9HG6tQ
DA:59,0,BO+cQ74EkpvEtXJ0bbHDEA
DA:60,0,DDpFg6nspg5EtCXIVcLfwA
DA:62,0,HmADa1g/W1C2Vo9Wm4sNNA
DA:63,0,8lQhLyQrE2GwXlyRO8Da+Q
DA:64,0,b26D22/7rlRZHvqdeQO/8A
DA:70,0,GvK0UUlsslC8hvImo16AKw
DA:75,0,ekWtCRzMFi22vvd33zRJFA
DA:88,0,/9EHZeF10nyexP6fth779Q
LF:57
LH:34
end_of_record
TN:
SF:/home/fbellidopazos/.vscode-server/extensions/ms-python.python-2022.16.1/pythonFiles/testing_tools/adapter/info.py
DA:11,1,07Pvb6TzT6Ec66XYF3cYWA
DA:18,1,ackOWdJx2/IgtB/ELuvQJg
DA:21,1,+NAVRk2INNlxEg2z5s8yGA
DA:23,1,hejH9KCFeGN4vNpxr2fOqw
DA:34,1,Hnsv5PEfkhoMkGgnWSbqcQ
DA:43,1,ackOWdJx2/IgtB/ELuvQJg
DA:46,1,lFVPL97HPnrl4KNvsFIE4Q
DA:48,1,kH/4r3To0vrE8HaynGr+6w
DA:50,1,978Od/hYsqpjOh3ae7LASg
DA:52,1,j8Qe7nPRPlXDW8FwcsbpJQ
DA:54,1,+NAVRk2INNlxEg2z5s8yGA
DA:55,1,jkPquNXB/SX7B1IvuOX92g
DA:57,1,7PaqvqNKRMw8fCWVSwcx4g
DA:59,1,cB6wCLG3oJRtqV/5DhgWvQ
DA:61,1,sg/DwdZWbmHt2neP7fW/zQ
DA:74,1,3ubIEOezo3E3BROQawW8XA
DA:84,1,ackOWdJx2/IgtB/ELuvQJg
DA:87,1,lFVPL97HPnrl4KNvsFIE4Q
DA:89,1,j8Qe7nPRPlXDW8FwcsbpJQ
DA:91,1,AXyT3HksNAlFfM7VfH7UsA
DA:93,1,WBNBO93EJ5EV8l/Fr9OFvA
DA:96,1,GK8Hz5ETKRgeWK2+P7LHLw
DA:97,1,soxTvLdn8+YqUp8tsb5arA
DA:99,1,PhmI3Nn2cALKrNxT5AcLmg
DA:103,1,+O3926C5COK3L4sUDOR98g
DA:105,1,kH/4r3To0vrE8HaynGr+6w
DA:107,1,GpUuZ78o71vYIxCsEv9Jog
DA:4,0,vde7ERK8n2u7Qt5rKvREtA
DA:7,0,dxRaNWhtwyvmNCfAXnbC3w
DA:10,0,VxlWd8MXIgPm8EA4QSRmyA
DA:20,0,uGUl/8ln5/u2N7ovgzVIXQ
DA:22,0,RS/7l44jVvuygv0cVM6Xxw
DA:24,0,xe+TK/WMDpV4kHnG98hiWQ
DA:29,0,gd7dC2VNbcO1Jk6bkKYDrA
DA:31,0,zZ6yff9C9p0osiAUwPkSTA
DA:33,0,uNFL23PdXdAhKnwy+qY3HQ
DA:45,0,uGUl/8ln5/u2N7ovgzVIXQ
DA:47,0,RS/7l44jVvuygv0cVM6Xxw
DA:49,0,xe+TK/WMDpV4kHnG98hiWQ
DA:51,0,y84z1c43+IhD1R8Wq83Cug
DA:53,0,vPWW6BKVQzDaZOzeprrUaA
DA:56,0,dEdxxLNpGKcGQYlw1uL4sw
DA:58,0,fb5CGVi74a0G67Ax7+/nMw
DA:60,0,4eGntZ2udyuRq4sXNEOnIA
DA:62,0,cAVPguE0lm6Tob83qPhkqg
DA:65,0,da37lRSw41ViHPfHvMvv3w
DA:70,0,gs4a+zw//Ld9ePvONgCeBw
DA:71,0,VI+P5fIwr+HzPcrhwzHbIA
DA:73,0,U8t8R30zj3mI7SHPaQkdVA
DA:86,0,uGUl/8ln5/u2N7ovgzVIXQ
DA:88,0,RS/7l44jVvuygv0cVM6Xxw
DA:90,0,vPWW6BKVQzDaZOzeprrUaA
DA:92,0,Te3grMI4W8fHbDsqLT5Psw
DA:94,0,H67Gl/X5psFetu8c6wobXw
DA:98,0,ZFog6y9tXhRLq0UyZBHwXA
DA:100,0,4uk9mCOqCn3A77a3q/6uzQ
DA:101,0,AFGei/aMpY4Wf5tjG+HfBg
DA:102,0,fz4Pyr5kEIpZEk0Gyz1zbg
DA:104,0,4eGntZ2udyuRq4sXNEOnIA
DA:106,0,xe+TK/WMDpV4kHnG98hiWQ
DA:108,0,y84z1c43+IhD1R8Wq83Cug
DA:110,0,HmADa1g/W1C2Vo9Wm4sNNA
DA:111,0,KEcNndjbBljC9ZPlZUlPGg
DA:112,0,vzPpZP4ErIDCwXER8ZwzkQ
DA:114,0,HmADa1g/W1C2Vo9Wm4sNNA
DA:115,0,qtHCsXTtHQK43GQS+ddxog
DA:116,0,odlgQ82RYX2A9jXMkr7ELg
DA:118,0,HmADa1g/W1C2Vo9Wm4sNNA
DA:119,0,ocF02RDg5ba3Ws/afuQKkg
DA:120,0,+ParXq5MpOKLvgZkoTXHtg
LF:70
LH:27
end_of_record
TN:
SF:/home/fbellidopazos/.vscode-server/extensions/ms-python.python-2022.16.1/pythonFiles/testing_tools/adapter/pytest/_discovery.py
DA:77,1,XLpLEkM+dFA8hzpUqaliuA
DA:89,1,y99wurRhrYWhFr4vXnumpQ
DA:90,1,pVcDCBoVhLUza10ntZ+I4w
DA:91,1,btXq3irfRgkztho2uQ1+JA
DA:92,1,Uaq1Fo7qav5SwMN3P/KFhA
DA:93,1,2QBq908gZ0DzLVWN/gaEYQ
DA:94,1,Jxj36eH2xNS1FGkydWVpuQ
DA:99,1,y99wurRhrYWhFr4vXnumpQ
DA:100,1,xjcDBnSwra0OiNOAYAwoHA
DA:101,1,kLLLcWJoc3/yC+zPAGSb6g
DA:105,1,pVcDCBoVhLUza10ntZ+I4w
DA:106,1,btXq3irfRgkztho2uQ1+JA
DA:107,1,Uaq1Fo7qav5SwMN3P/KFhA
DA:108,1,2QBq908gZ0DzLVWN/gaEYQ
DA:109,1,Jxj36eH2xNS1FGkydWVpuQ
DA:4,0,9eAqqwyvLBw5Tgi8Yzv3XQ
DA:6,0,mUDsnWRiqW9R9nTILGKIZg
DA:8,0,6EqVyswJtxIE+9LVqyxOlA
DA:10,0,yJdMpR+gZNbUWTl6Ga5Arw
DA:11,0,X/l5toFhm56UJCBrnKvGog
DA:14,0,kGE7fW+9iXxri/923qui6A
DA:23,0,rjewZK2TI2KrDVRi/5ya/w
DA:24,0,rtXBs4Q+EoeXP8fd+Uq93g
DA:26,0,DxFX0/U7US8WPHhr5wqRSw
DA:29,0,qpNudCbJwJhYd14LMX8vbg
DA:30,0,nRQX7P/IofDZAyNkwxiqIw
DA:32,0,weoz8WZIsze+JlbEd2H6YA
DA:34,0,wWvyVCzDRWfTVXhFZNNl1w
DA:35,0,hKXkR5Nibm5TVUqPsOmEoA
DA:36,0,hE1d6Ac84BtqyZvgJqz5Bw
DA:41,0,F5JHn9+3bWwRsZxeaU2+Gg
DA:42,0,8xO+6/xG1VcMAVoL1W6MpA
DA:43,0,SiChCxKrHMnEBv0+6ppQdg
DA:44,0,QIxrPeUSwxucD99Q/Ali5w
DA:45,0,gMLJq9hJ5/DY8XkJd1Vukw
DA:46,0,hE1d6Ac84BtqyZvgJqz5Bw
DA:51,0,F5JHn9+3bWwRsZxeaU2+Gg
DA:52,0,8xO+6/xG1VcMAVoL1W6MpA
DA:53,0,SiChCxKrHMnEBv0+6ppQdg
DA:54,0,XIpwjvGALbR6jTfVHzAn0w
DA:55,0,FZkWxpLvxUP7NlzPnYwk3A
DA:61,0,j5CdewyNlrX2en07ElOS4A
DA:63,0,ejFvHGNYIj4rYwCKT7gSCw
DA:65,0,eKMD6YnWIdtM095NZc3UPg
DA:69,0,f8MOV8qz7FocONz3JWesUQ
DA:72,0,7v7QkLmPpDt/pBMYGM4aPQ
DA:75,0,Nnqu9X+lU2lagW39QNhFWA
DA:76,0,FjT+t7/AsGi71WwkkQP3VQ
DA:79,0,YmfpwNxwYT5nAPmJR6GCrA
DA:80,0,0Gl3ua+Vo9TXcH8V0e19wQ
DA:81,0,lMxcbiCr6TgUvcabZWxqaQ
DA:82,0,kw+w48UnvX0U9vJTm/Gd8g
DA:83,0,ySO1sf+wGF1FHDWUnsSf+g
DA:88,0,fzBTOHTFzzKmJPDHCV47KQ
DA:98,0,vmgAMYfSqILPE/eVK0KXHg
DA:102,0,TulZRDVyZgwaluSyPp9m8w
DA:104,0,MnzpXe1veqpfA7nIMRo0OA
LF:57
LH:15
end_of_record
TN:
SF:/home/fbellidopazos/.vscode-server/extensions/ms-python.python-2022.16.1/pythonFiles/testing_tools/adapter/pytest/_pytest_item.py
DA:140,1,vpBd4Do7rpNZWY3UxO8s6Q
DA:157,1,4Mmk14Qtye4FJWRaH66R7g
DA:159,1,A45RtnnnEg6VKujxomTAUg
DA:162,1,8uCjwXZpDTJSY9SqOCbE3w
DA:173,1,evxIJh4sZy2eu11VwJdeFw
DA:176,1,piBdyZyZ+m/ThOKwTo5Itg
DA:182,1,Oj2weKEJdZtlkK6EpSCmwQ
DA:183,1,Rnirs7nnI0k0DPyac+hyGw
DA:184,1,BQd5wJocK2u9Xbsonbhr0w
DA:185,1,KFB1R9TCTI/YJ0OQRc4x6Q
DA:204,1,CFRN3jEWy7TyDMo419mpBA
DA:205,1,4viH2sks3V1DbWGY2grXJA
DA:211,1,4wBkHQMJiLcIBQBuXMGHLg
DA:212,1,lzf/n/XXLQraBUDvGgYUzA
DA:224,1,4J0vyHtJWgVX1G41GWa4uQ
DA:237,1,9LBhRipncylKvpZSf548DQ
DA:238,1,+pVyUWW/0aYyoji5YUaZBw
DA:239,1,dUp9UeU1iA3v642weZOFsQ
DA:256,1,B2seIkxtpdZrm7nZI4TFow
DA:257,1,GV0WQ+Urc0I1CuKg5Fgmeg
DA:264,1,8Wty5/KJqupVoRhrepatrw
DA:265,1,oCooG7iULjocjDVtkLcnjg
DA:266,1,V02l3D4STA1OkHKqGrt76Q
DA:269,1,4Dv8nh95tTZaWcMPBvvBOw
DA:283,1,oHj6zu44d2M9TNZrbW2XKw
DA:284,1,T57VR9i/UA5gXE41N/LBZQ
DA:285,1,WqnxSbfjxiXq/Wb/XwV/Gw
DA:312,1,0YFlyKTP6DG0O6S8V8G/eQ
DA:316,1,B81ZRPrTcp2d7pW4XapxTg
DA:317,1,Rv8b/iiHOTDD1papyhdgBQ
DA:329,1,I8+/Seqt9Y5sCHJHSDScOg
DA:330,1,sHYNBFe4GMXjtf/iTeNhVA
DA:331,1,J00GxM1Acy65BtDx+Oz/8g
DA:332,1,vaS2sy+Ec7V2P2+mdomT8g
DA:334,1,mGTxTgS9r1GSSw40AoOWxw
DA:335,1,eJ6zrxnLWn/k18a2vHOhRA
DA:387,1,dAw8k0p8Oh3edvUXED9tqA
DA:394,1,FJlZEWuRrLSNCuTj2wbgjQ
DA:396,1,5OU7q5E2MVomPYbl9qMmdg
DA:397,1,YN5MEX+aVw8pk4wro3J7ZQ
DA:398,1,1lGlNXIBUGNit55BrQlS2w
DA:399,1,sXtTvPbOCDbe5E63PlvQJQ
DA:403,1,4uC12OEScxkB7gS9BTeAaQ
DA:406,1,IbVJuqCJvge9j1p6EfBa0w
DA:411,1,QGIp6bpMOD/vyDJ8FNJqrw
DA:412,1,WoTDRB6pRjyzC8CBx7HEbw
DA:419,1,/Ph0eZVyAN/ch3tr32u2AA
DA:421,1,8aBLgwWAp4vDgWOls1SgIQ
DA:422,1,CmiF8KKLN0GWa57BjR1oiQ
DA:423,1,/YTQABjzugx33S1RSZcNWw
DA:424,1,pefe+o9ihLicj+TQNOsoGw
DA:425,1,kmfhufIR7w6TVIqpT1XqcQ
DA:426,1,7a6iEiO6Zzu8yfez5LxOyQ
DA:427,1,SFGdd9oZOIuNyBiwImuUoA
DA:430,1,xH5THFRWf3OQWOeP2NwKIA
DA:431,1,hDWzEkWJ6PsCSrFEXOQlSA
DA:440,1,XZOyz/dDUS+lO3dTGXl8DQ
DA:442,1,FZkWxpLvxUP7NlzPnYwk3A
DA:451,1,rsULO6UkrS4V9ZaUfTwt7A
DA:460,1,Fr1HE4xzyHPNAYNZgOvIeA
DA:461,1,fPyBIOLRK3MydUxZAEqaAA
DA:462,1,8FS/AlYVUR7fjphzvh+M3Q
DA:464,1,NeoZD8S6PQqtDoy+AttOPA
DA:465,1,sMV7ZTo9i9khb3Kg2g+2wg
DA:476,1,KU2OT8Hze5wFSoI6tiRdFw
DA:479,1,OtYpmXWftSK9x/fNhFDimQ
DA:480,1,0WrIHf/1p//B/GEhf1ujWA
DA:481,1,4rSDCWU2/9QVvPVOZ/q6iA
DA:482,1,ujbsflGozGxFafwTd5Sc5w
DA:485,1,ZyX1KzCQtP6uxSNkK9UPtQ
DA:486,1,q2JGe2XQXzZ3x54VUTYoVQ
DA:487,1,iPW+VIzl/I719ygIVBBwTA
DA:488,1,ap9Vivyimj34s6blGxssIw
DA:489,1,4ixawGSS0JmWf59FRXNkMw
DA:490,1,26KeKHAqBCnAn0HsT5Q/1Q
DA:492,1,+zcV0y7WVoALLalR3yodZA
DA:493,1,Ho5jM4Xp38mZNa7fHrao/w
DA:494,1,u6uWDLbH7cdNDuZHiLypmg
DA:495,1,WnVtlzIpcBqbQROI5eFiBA
DA:496,1,XPwA2+5OZeJQjc2wH8K0JQ
DA:497,1,+R+sYW2U6j83ERVfzcQL9w
DA:499,1,1bYLLVTsR1keJDg6o0ndzw
DA:500,1,43FjNAtxbv5Kve6mmn9cFQ
DA:511,1,p0hjw3qnV+R4t1qumZai5A
DA:513,1,t4d7KJJuo18KD2Zm1J2BxQ
DA:515,1,A45RtnnnEg6VKujxomTAUg
DA:517,1,jppbcVmbGNc5UhsYuyQaWw
DA:523,1,zTz7vpJqHmauFZ78U18fEQ
DA:524,1,MnTZ/ooBoqBXacV0PfnVEQ
DA:525,1,MUbYp7q/S6CKKmjS0g4aiQ
DA:531,1,pKu74iqns7+vENBmmnbLUg
DA:533,1,gXxpyh8iY9kpoucblkvydQ
DA:538,1,8PxG/zdn1OQGKB4nfXFcDw
DA:540,1,NaiN11T7ghFCIHl2Ot+Z1g
DA:541,1,3Rq4w20jw9BhVFuviVJ1dA
DA:3,0,1+9wdnNK6ERHmSA06tdyPQ
DA:94,0,9eAqqwyvLBw5Tgi8Yzv3XQ
DA:96,0,mUDsnWRiqW9R9nTILGKIZg
DA:98,0,FBnEoWt/yF9Qmzt2aSRUSQ
DA:99,0,WS07U9f4cWt1eFjXbLzbUA
DA:100,0,6EqVyswJtxIE+9LVqyxOlA
DA:102,0,pGhW5tyiEBEOvXK0lp4xqA
DA:103,0,UMBHRBFsM2zNE3I5ApLmLQ
DA:106,0,W9N0uqdghpEgHC+aPpX52A
DA:108,0,ktI234tL7/V4cAPUPEer5g
DA:109,0,FOHD0taRcaCTCXhxqvERxQ
DA:110,0,hVAqlCXB0UdtF9gPepvZqA
DA:111,0,kO9hX4nH3PZySLyJ7yOnjg
DA:112,0,R4580bYWv2nYpWgEn6r0Qg
DA:113,0,ouO7gna3RkIrdgeBsYiNcQ
DA:114,0,2jqdcimcogs1j5cHUpUXIw
DA:115,0,w6uXRdlSDSHMwZY2dWku5g
DA:116,0,mIeAuBdKlDMUaheQ+zAwWQ
DA:117,0,B8cwIaaLGRj0JA0RFXCSyw
DA:118,0,Neqo4mcU1vr0oloh+WFmaA
DA:119,0,3qd6/Tsh0cElgMsJ5FIw2w
DA:120,0,ayd7Xf9KLOSX91YRsbx24Q
DA:121,0,wr1fZwKV2DKknZaHSk8ENg
DA:122,0,Jy/uVN+wmP3h3uOjrf0pYQ
DA:124,0,Uk1iEqLYWHwxE4nbWtF0CQ
DA:125,0,s7uwbNanXe4B9haGHIwN+Q
DA:126,0,i0tfAY0fdzZA9Ze2EqGSaQ
DA:127,0,xl5oALSxGVVwaLUemZFQ5g
DA:128,0,ouO7gna3RkIrdgeBsYiNcQ
DA:129,0,WIeePRU3ghxw08e07FlyOQ
DA:130,0,9+s6Qw0duJ8lzX2+RatX9w
DA:132,0,3TzwR4N52C+cnBAQrO54Lg
DA:134,0,/yfDwX6qte79U26ggANgaw
DA:135,0,pFZlhfmb7xfSma+0/tH1ug
DA:136,0,wC/YkBFQRlLk9CRTaZaUCw
DA:137,0,ZfGgvcdlF5/XgIE42L28IA
DA:160,0,m/lJvfAqp1BOoQympeCbPQ
DA:165,0,xs8NiTo9xkkVhD/Efa7SMQ
DA:166,0,c5qnoO+GPwOPSNzLXwB2EA
DA:169,0,3koZPhkljvrIUGjWrIobzA
DA:170,0,219MjngIydL/RWSVyIasZQ
DA:171,0,iQVL0iqK6J2aWrXjiDf4DQ
DA:186,0,XSMx2y7ZqCBUKRsHXXNmWA
DA:193,0,/Nbchb7tisFe589Ux2RxkQ
DA:194,0,Knd/zR4NRxtMai3vSa902g
DA:195,0,XSMx2y7ZqCBUKRsHXXNmWA
DA:201,0,ALkJE3shkqjzfG0/8+Qg7A
DA:207,0,tk42Km5FmgGvcJArjTVjyw
DA:213,0,9XXH4fUzMwUzlbNR6CwkgQ
DA:215,0,sOvtOfk75TbAtTgkgicGHg
DA:216,0,WPBX598DIrK6wFpS+6C8qw
DA:217,0,t6fbTDsgdGRVQ7zf8YkDJg
DA:218,0,+MhkalwzTuZXzV7hg8z2yg
DA:219,0,1z1TIzDCe1Dc/Lk4PmfWuA
DA:220,0,1MTZCN75etSfRLosACYW2A
DA:221,0,F6RrsC/P8bRx3EOfPCwn6w
DA:242,0,J6LNt9LICOrQZhvITYPStA
DA:258,0,uFHb632ZxOY4sgk1UxGo4Q
DA:291,0,hDf7Uhw1qgbj4G2icOKtgA
DA:292,0,hc2qTxpsfOYwFPDz26qubg
DA:293,0,6UOcqBZnZHLZggjPa9sC8A
DA:294,0,ewcZoWIOWq4GxPzpqGUrxA
DA:297,0,/fcdpwP7a5fXE9dQlMvYGw
DA:299,0,QnIcF5n1xzzQ9ZHIK7XlKQ
DA:300,0,P7ZMS30yF0e45W6baDS9hg
DA:304,0,wLbkR86cQnJmyGqdvqbqiQ
DA:305,0,bAe6EU62N8rVjcbwF1tmTw
DA:306,0,hc2qTxpsfOYwFPDz26qubg
DA:309,0,dWT/FgrYjDuu8QW723t4nw
DA:310,0,KNqBOpupq+/TSF2ShaxVbQ
DA:313,0,xq/RCSmZd69Ae47q0AeUvg
DA:320,0,fwHsQRthb6E4YTNG0JnfOA
DA:333,0,eJ6zrxnLWn/k18a2vHOhRA
DA:336,0,wZKVZoVTgEK1Bud2aViGOg
DA:337,0,eJ6zrxnLWn/k18a2vHOhRA
DA:339,0,W/g8GJDAYJkSSurt59Mzfw
DA:342,0,9PkGUsky+qc+bZSNlrcWaA
DA:353,0,yfFh/4TUxs36w5rUC/SnRw
DA:354,0,W/g8GJDAYJkSSurt59Mzfw
DA:355,0,Nxc9KMhRYn/7MbLi14qyaQ
DA:356,0,W/g8GJDAYJkSSurt59Mzfw
DA:357,0,LWILTcvARcydjFFyo9qM0A
DA:360,0,zPLlzGWrSwbfkR+YE7lSCw
DA:367,0,B/Fo9U4/nMeRNS1JjGZVyQ
DA:368,0,bRWfmNj5f1idN/ZDeNU/RA
DA:369,0,wBhrQB7H2B4wx/urlv78AQ
DA:370,0,apkQQtiiE4JOuDIBvLOUjQ
DA:372,0,wC0fphvh4MxEi1PmnMPomg
DA:373,0,Dwjd91USmMoWKfkSCVg/jg
DA:374,0,xjcDBnSwra0OiNOAYAwoHA
DA:375,0,sadUSGC8NPkSPcANYjztAQ
DA:376,0,TulZRDVyZgwaluSyPp9m8w
DA:377,0,Dwjd91USmMoWKfkSCVg/jg
DA:379,0,xvWIcpcyNr0gyGcTkdMxXw
DA:380,0,due8CFBMbM74BItzw/BB+w
DA:381,0,Dr4iceMEi7qvXsS7VW/wYg
DA:382,0,u/9mGW24ahra8tm3zXX2Yw
DA:384,0,C2W+aWjxzYqNcu4pAE0PbQ
DA:400,0,36fxlI67FsBqHopTKlz+fA
DA:401,0,+aqVpc0BKOT+8VzltcpvXg
DA:402,0,EvWtNiAYJRIMBBvRJB5a1A
DA:404,0,6Ms6I9e360bh4i3VVCRdmQ
DA:407,0,6cGuyrF2tkwjnXKw1PB2YA
DA:408,0,SizWl670kl2AL2DGqSJRxA
DA:409,0,JLfyWoKUWb+48bC68jGvyQ
DA:410,0,CAzV9tyKNmPICM9oqmgU4A
DA:414,0,XSMx2y7ZqCBUKRsHXXNmWA
DA:429,0,sOvtOfk75TbAtTgkgicGHg
DA:433,0,XSMx2y7ZqCBUKRsHXXNmWA
DA:439,0,46ifYqL5boirUo2ZpwmN/Q
DA:466,0,yBxLyVHHxunbuMuj8TdUiA
DA:469,0,7epvgilxXXwxwfrPq6DHqQ
DA:470,0,MnzpXe1veqpfA7nIMRo0OA
DA:472,0,uFHb632ZxOY4sgk1UxGo4Q
DA:503,0,4od0Zo87qtV6MuJE3RUcSA
DA:512,0,SsUet8lawKpMh6xZZemC9A
DA:514,0,f2Cw8m9ctM/dfqiShlL7cA
DA:516,0,1srzrbwvaMBYhTSQi8TTxA
DA:526,0,uFHb632ZxOY4sgk1UxGo4Q
DA:536,0,RbYQKvaJCuMd8qSI7ia+iw
DA:539,0,fNiGzGUaELq3CKxiNa7EpA
DA:542,0,RPiNY9vc36PnvhlM88Ov3w
DA:544,0,3q6/1czg7VHp+NtPCJgJdA
DA:546,0,SzOzV7riB6DItKbkr71yrA
DA:552,0,WjrkpnkyqiRwT7/a+iEe7w
DA:566,0,1oHlJ0hmAiwEeSbuuFpjng
DA:567,0,Hisppmgm6WnfNQi+F0UA2w
DA:568,0,rLmpixncaUPXblyqKIEoCg
DA:569,0,l6TjtYHqcNyGECUCc2lV5w
DA:571,0,KA7yFPgp7s1KvrTay5hddg
DA:572,0,xjcDBnSwra0OiNOAYAwoHA
DA:573,0,68UjbID9gpJh7rE11IsW0Q
DA:574,0,nPcW+00Ul/IQBarag+vK9w
DA:575,0,vQRaJpmLlyIGb3h1djBtRw
DA:576,0,iR8ZCaakpFRwa7vPxWKNMQ
DA:577,0,2OqGihOVhNOkzmSYxxLGzg
DA:578,0,hlYNdn5TMGzKVuzACD1SCw
DA:580,0,y71K33Aofjucw447rav2mA
DA:581,0,RGWhsECWAESdje7FyNNFLQ
DA:583,0,UNqnWtR5Kpm4gFYeqYk/gA
DA:584,0,S6ebRaTaWJHw6sbAq2ovyQ
DA:585,0,DV7urJqWrul5iiTVlkevkQ
DA:588,0,MxiJvsWVYuxXEnfE2SZ9dA
DA:589,0,8tlu42068kCcK0mMnvEIpg
DA:590,0,B/Fo9U4/nMeRNS1JjGZVyQ
DA:591,0,IBzzhQMvJMAptUwFYfGykw
DA:593,0,HhFVRBG777rcA/BmCiyGcg
DA:595,0,rhNJc4DJhXW6+PCc56YJfg
DA:596,0,7DEOTgyIfJZlnkS2Os2QNg
DA:597,0,NcAqA6+7XjC99JS/9uawng
DA:607,0,tAazkjDgYf5gRCvjpvTPJg
DA:608,0,B8cwIaaLGRj0JA0RFXCSyw
DA:610,0,5dietRjDKmIFM1lhTj97EQ
LF:248
LH:95
end_of_record
TN:
SF:/home/fbellidopazos/.vscode-server/extensions/ms-python.python-2022.16.1/pythonFiles/testing_tools/adapter/util.py
DA:109,1,bYvBmOyh4ivNWzY7IWmaFw
DA:110,1,J2NWmYTD5k4XKUhvEf8nMw
DA:111,1,W92fUMWxcp4v4wytrf4pKw
DA:112,1,OK9BqPPDg6dfVMYLBOqu/w
DA:145,1,pgbef66ssKsjr4cw/AvHOg
DA:152,1,7W+U4zYMJjzR6b+16J6ztA
DA:154,1,HGsMhxZ000LPd/a8iNokqg
DA:161,1,5IQS//5PkLZBN9psXAWQ0g
DA:162,1,xl/fnKw8DsW59fk3fpKFdQ
DA:164,1,ET1R9L2bYAcBei56veWicg
DA:168,1,IpgM/DQNXxT6deEMVtHPzw
DA:171,1,mA/EKCJgcfCUgjehneAaeQ
DA:4,0,YfNjf/lR08q7la6j9dr6QQ
DA:5,0,xmMLoYBW1BFhJ6Xn+A/vug
DA:7,0,RuZ5KcncCoRYUb0REMXZIg
DA:8,0,EA6RM+W1FxGQD8inVHn5fg
DA:9,0,eCH+TKaNn426Dr4MaJa6Bw
DA:10,0,8Wx04pUPOJMkifDiEK+eRQ
DA:12,0,7Z9Lj4ed27Wf2hBX6jooEA
DA:13,0,y8Ejf19xFFYuOpqYb7W7fw
DA:14,0,mUDsnWRiqW9R9nTILGKIZg
DA:15,0,5hwPtyw5fWMOX90GeC1WXw
DA:18,0,Imcei/rWbC3zWeSHg5WvCA
DA:19,0,FeBsdOrPgm0f1xyZESlRnA
DA:20,0,2F6VZWe9h/g4eLrs5I6BUg
DA:23,0,xLgpZ3ZEDj3bLWPLR3zzkQ
DA:24,0,8ez4mUff3tNqMt4VRD+taw
DA:32,0,OV79mf9fJFr+qJALGZZgkQ
DA:33,0,8eb6T0lE/+oWri2u1dB5Ug
DA:34,0,vlb/yiUWuPyOnLthMcAl6g
DA:35,0,xlEKZNiKxMs8MChG360cVg
DA:36,0,1sxhqSruJEDOWUJe1jgsPQ
DA:37,0,d/9+bQMI7j+roa0UmjkLGA
DA:38,0,pbdseBBHzoUkh3mplGRlsg
DA:39,0,9Ec+5Ou6C04opjHDhmkvDw
DA:40,0,rab6tlzJENJk4uS2q38mOg
DA:41,0,PHUqEZYs8mhlvxwBh0xD3w
DA:42,0,CtnSHuw0pWmSGW5KkqkxVQ
DA:44,0,esp++wRrTg3+HQHsfK7UaA
DA:45,0,Q7gQdTEgfyd8dvPoMjaSew
DA:46,0,lLrbvLimbeNsT0hybVwkVA
DA:49,0,vcVWjSUWqoOdxXRUUSev/A
DA:50,0,ltbb0l534fhylAKeTA23ow
DA:52,0,M7ylnp5Qk5m3Tkyd2iOwGQ
DA:58,0,hln8/4Weccrbr8nUuk59RA
DA:61,0,KDhzGVQ0RZsxH3p6SMUbNg
DA:62,0,v4PG4uvp6SeHclzQHVCScw
DA:63,0,MF3AMuBg1mEVrWQJAakt1A
DA:64,0,YGvXVMlPJfLG5AQOqEIstA
DA:65,0,Bb69DfX2YQyyMG5dXnsCgQ
DA:66,0,ekU5llz+C8Eme7+KNOLnnA
DA:67,0,eP5K0ryz9QwB2LL2EcUSZw
DA:70,0,pCx8SZNwI2trg7OM6j7ptQ
DA:76,0,Gvd8UBCcm6Oc4tZoFwQs5Q
DA:77,0,SI7RJvB66HcmOiVrPZBAFg
DA:78,0,dnYfbZCN9Ud20fq+QUbPlw
DA:81,0,iSHQtYN/YRKKyKEcwrXdJA
DA:89,0,3HDCtNL9zP/zIRRFvlFjqg
DA:90,0,a+g8+ZdPx1Wnj48X/z/sbQ
DA:91,0,OK9BqPPDg6dfVMYLBOqu/w
DA:92,0,W92fUMWxcp4v4wytrf4pKw
DA:93,0,PO6sUka8dqaisP6id+HPYw
DA:94,0,Da4FTE7nvsrO1v0mg1FzZQ
DA:95,0,9qzmXFW0yu6lk2vfs0nPMw
DA:98,0,w/tkGBMA4M9Ya+HLXu2c8Q
DA:115,0,HVi1xTdrW4Ut3fRDVHY/UQ
DA:116,0,lOfdpYcecXWucMcEMfpGTQ
DA:117,0,EZtRTDdJrrcdY2Ej3SXU/w
DA:119,0,Z5xyoHDX/KwIZLO9wf4AWg
DA:120,0,apkQQtiiE4JOuDIBvLOUjQ
DA:121,0,6nHVNz9Q80uoRN+y06mRwg
DA:122,0,cWUxGIMi/iJJ15krvc2R2A
DA:123,0,wmIMhnspw4h/ONzC1OuAWQ
DA:125,0,jqqFeCUynRKLvNp+Jw+sjQ
DA:126,0,apkQQtiiE4JOuDIBvLOUjQ
DA:127,0,XjeKZyIN2ws33EOBdTjqaA
DA:130,0,r3F2NidaLtJ6Avl4fs2LDA
DA:146,0,OtVcshsSyJiDt+1xMF8oZA
DA:165,0,VYmzoJ1HbUN/7CbEIJ7LBA
DA:166,0,h9Ekn3sXF18wBoXnSGS5eg
DA:167,0,ocVg1VxtwfxUZEgMLH4vUw
DA:170,0,pHZeGU1dpdN7lKEUseth3A
DA:178,0,Imcei/rWbC3zWeSHg5WvCA
DA:179,0,ZzdFFjORiKPozahFqzlhXw
DA:184,0,B/Fo9U4/nMeRNS1JjGZVyQ
DA:185,0,mbk4eMClUoC1P97RuBvXwQ
DA:186,0,d09syf9n5/P+IabI/yP8QQ
DA:189,0,Sw+J5TaTo8ek+FC+rL9Ipg
DA:190,0,l6TjtYHqcNyGECUCc2lV5w
DA:191,0,GCXoWuzLo4E443eAw+vJCA
DA:194,0,I/PYy61/LRAHvxi4YhXVhg
DA:195,0,B/Fo9U4/nMeRNS1JjGZVyQ
DA:197,0,aAK7DyKbOOQEZoQVY3UvXQ
DA:198,0,xjcDBnSwra0OiNOAYAwoHA
DA:199,0,IIwlv+pXNwCWw5VfNkGkEw
DA:202,0,1+JwGs0EcMfs2jujK7WGLQ
DA:204,0,9F3dlbD0kUEa4vYxGByLug
DA:207,0,Imcei/rWbC3zWeSHg5WvCA
DA:208,0,0LjIIfpnBgDLs9/LVDUO7A
DA:209,0,ySTWEur7yWUOlfB4MVA21Q
DA:210,0,K5TWQvuFOxHHeXFubj8U7A
DA:211,0,B/Fo9U4/nMeRNS1JjGZVyQ
DA:212,0,Xf2nEKhfG7AZKU/eU4EtUw
DA:214,0,1RUL0hTHMDCLiA+wyRkIAQ
DA:217,0,Imcei/rWbC3zWeSHg5WvCA
DA:218,0,8EcU63YKzvSfLzkwY16L8Q
DA:219,0,Lz992oo9upQEGwT0+Fp7RQ
DA:220,0,q58ZvEgGHGqkolq25aUHwg
DA:221,0,B/Fo9U4/nMeRNS1JjGZVyQ
DA:222,0,Xf2nEKhfG7AZKU/eU4EtUw
DA:224,0,a4B2ot4U9N5XDmF01EZ3wA
DA:227,0,vcVWjSUWqoOdxXRUUSev/A
DA:228,0,51eJeReLjGbT4HqJbXC9UA
DA:230,0,SGhkGU9RJil1RS1Vw/dC5g
DA:233,0,Imcei/rWbC3zWeSHg5WvCA
DA:234,0,9Gydgt8KTekXXqosoUjQpA
DA:235,0,++mlmyoKwBw2Qo7aGerDcg
DA:236,0,81TwYSDW7W4Jhyu2OGN0SA
DA:237,0,xjcDBnSwra0OiNOAYAwoHA
DA:238,0,8v8RbuvbjKnogFgLeGw1lA
DA:240,0,+QN2b8RY5viYj9Aj8K20/Q
DA:241,0,ModctVSv+VetCivoaF7Nag
DA:242,0,3b0HL4TJMF8Haw40d2CvTw
DA:245,0,Imcei/rWbC3zWeSHg5WvCA
DA:246,0,k/OyxKMCYCJWxX1H26QFiA
DA:248,0,FOU1jAiNoOAuoEpfsSpk9w
DA:249,0,woK55BE0Q+My4pvLF1dbtQ
DA:250,0,xcAeQfe2a7ghoQg+Dyx1NA
DA:251,0,PM+9c64et+VQbB0zcnW9Zw
DA:252,0,nm0jeQ/kTK3MkAhBXX3ozw
DA:253,0,bB+HOT05dQqV4bPqAZ45bg
DA:260,0,yil67Gx73dDH8m/ipZu60g
DA:265,0,AW6klgYzZDbXlw85FeoNXg
DA:266,0,LSYlisKpCZCnBfzdU0oxRQ
DA:269,0,RuZ5KcncCoRYUb0REMXZIg
DA:270,0,5aKyzTRnhg+LozAGdLWGZg
DA:271,0,eCH+TKaNn426Dr4MaJa6Bw
DA:273,0,6RLbWKN8ufqWg3ZTBbHctA
DA:274,0,T9mwTCTGq9ND4BtmEyFwCA
DA:275,0,1eq5PZBctuKgncJgTRCMow
DA:276,0,Cyk+FJtpjSRJrsolTpJ0Cw
DA:277,0,dquiAd0b6I3SPuVFJDK09w
DA:278,0,Ha2rzg6HFCNIeHTGZTYeew
DA:279,0,dquiAd0b6I3SPuVFJDK09w
DA:280,0,Pj5rXpmSR9OpDOCxsYP6nA
DA:281,0,XlImfo01PwWtQ/hgX8XEVQ
DA:283,0,HRmYgrUgQRrlHMAQ7gWdXQ
DA:284,0,c0NKHHYUulLzx9jh4V8xVA
DA:285,0,7ihcReCWyNe2i9t/BI3BKg
DA:286,0,jOFSErYv294wCrgMh5eslQ
DA:287,0,w5FHDb25UjtHw6lyi6bCNg
DA:288,0,Jz56lDADulew0ouexJoNVg
DA:289,0,Vw/esEfb1WXYPcunta3RSA
LF:153
LH:12
end_of_record
TN:
SF:BasicLineAlg/Interpolation/InterpolationVisualizer.py
DA:1,1,IWWjrCeOtk8NNtrE95++2g
DA:2,1,2vT16BZi5I8zGI6Be4uoGA
DA:3,1,ZKcxIdhvrVjF78XcabCCLw
DA:4,1,o3e9LnFf2bHgINyNVeB12A
DA:5,1,MKZymsCiUCSWIIbhlW8n2w
DA:7,1,s5sqARTqdpk/FtjTShb50A
DA:8,1,3HS7+QsTcCP0LRGHkPxRyw
DA:27,1,TqXWL9G28LpZxy9oIB0ACQ
DA:72,1,GXGznm+veAtrh5M91FmrOw
DA:81,1,TD3ofsFE9nqUsAGnAXf0pA
DA:88,1,LrEmGX/vSmyJatJbRe3tmg
DA:94,1,pLxx2cq+5NJDzb4QziohQQ
DA:110,1,2+TRj8ETeDaiRwcLnv772A
DA:122,1,Oqnb2AqhfFy5uECT3eAnfQ
DA:128,1,7vsAuOKxJOL5g8u8atFWeQ
DA:153,1,YbuKLXfOfK889Jve4fdLkQ
DA:183,1,CSgE7WkmT30IAfbPdqJbqg
DA:184,1,NTGuB6E7AGR1U4JzoP/uqg
DA:196,1,TqXWL9G28LpZxy9oIB0ACQ
DA:243,1,IOD0KyzbLLvJr5eNoKiYSQ
DA:257,1,3sBvlYPSXzF2/tW+6J5HTA
DA:270,1,ajdU0cW3gQ/BiE2mxVW4+g
DA:282,1,ej+3OJXwTYBIxqd2/Jln/Q
DA:304,1,2+TRj8ETeDaiRwcLnv772A
DA:312,1,Oqnb2AqhfFy5uECT3eAnfQ
DA:319,1,7vsAuOKxJOL5g8u8atFWeQ
DA:331,1,kX5NAbtStxNjDU6ZuPC04g
DA:347,1,YbuKLXfOfK889Jve4fdLkQ
DA:9,0,6J+BzFDtzbvZVxXpmczX+A
DA:10,0,EI5j0pR7VDP39f+p9VcFkw
DA:12,0,rav7/ZGEwDF4bG93PXiKwA
DA:13,0,C+CNW30BGi+Knttr0V4ndA
DA:14,0,ys7QpWStFFAbP8QI8EzrEQ
DA:16,0,iuMwCfBk6aNQl6mMvZlfcQ
DA:18,0,nWUEQYknhipUDz3YCexq0w
DA:41,0,apZsjsw2lCG1DEoyWYLF+g
DA:42,0,Z/TugCApycBHLX8pf24x2Q
DA:43,0,Z6kQ3qBuEO7Yotc5Jdp06A
DA:44,0,XXhJIjSzq5y+vCeeO6h18g
DA:45,0,2yomJdrqXW4WdBNVyamQ5g
DA:46,0,V32c40pIPdgMHJ+BFywUog
DA:50,0,5035ntR2hpb2GK4g+8eIvw
DA:51,0,JZoxRDuOnrggTVJjuLMDpg
DA:54,0,lYmu3BXPqN8tAgC6cAs3lg
DA:55,0,BA9nFhsL0SFQXSE2s+4eiQ
DA:67,0,qpPfv9pCwNU5UaubQ9lyVA
DA:73,0,sgje1SyX39hY/JTwtmsWsA
DA:76,0,8lyIEt2vc822cXh/oDWd8A
DA:77,0,4STPfsqtsAZYvx65KmAdoA
DA:78,0,qe5OuUu/QRt+pwkx6/FZkw
DA:82,0,pO4BUXIXm/Og3AHEkJmmIA
DA:89,0,YrchyJEgxAUkkqO3hDLE7w
DA:91,0,yvKU00RsI5brOvzrLifqyw
DA:92,0,z0YXa1E7wOn3Z/SHI4aZfQ
DA:95,0,bEbdxXlHPaEQuxjUnWeqiw
DA:97,0,r8wIBheUr/86UpgBrtWUBw
DA:98,0,axYCHVw6xgY9PznKvv8dLg
DA:100,0,+cNUoZxRoXUaqNYHrQ9JUg
DA:102,0,N5hZ90qBfUUDGpmm36Dwkg
DA:104,0,Z0bBYuzGR8ibRbXJRK7FFw
DA:106,0,xuMab5iCcY1PLM3Oewe6ZA
DA:107,0,xUtw8l0viLrabfYycipFAw
DA:108,0,l0MvbJvQLSrz0X5Z2s3JJg
DA:114,0,wlbbUQsCcCFjh5l7Wavx9w
DA:115,0,k4a7aZltNcIjEwD7ZmIgFA
DA:116,0,/vckOShzJtGeujUrJrD8Ow
DA:119,0,rq2s6MsuQs05W6ImKk2lDw
DA:120,0,DMQD3ixuecffzkIFDlSzSg
DA:126,0,k4a7aZltNcIjEwD7ZmIgFA
DA:127,0,/vckOShzJtGeujUrJrD8Ow
DA:132,0,dwvexK1fsIkOfSqwoAhRWA
DA:133,0,yixrmbDVj1WOz80/qVtPrQ
DA:134,0,k5Ig8URDh2HZm2wPh2RjGw
DA:136,0,lYmu3BXPqN8tAgC6cAs3lg
DA:137,0,14VSW83PY1oiw+aJNMfUpA
DA:140,0,k4a7aZltNcIjEwD7ZmIgFA
DA:141,0,/vckOShzJtGeujUrJrD8Ow
DA:144,0,FL/Mschq9Oy+GAC1Dd4lIA
DA:145,0,OULd7N7nuxMvDtYXAeBugQ
DA:149,0,LC4OxTFcDeo3Tj5ROh56Qw
DA:150,0,ehU+gBJNYvuTX2uFQYamoQ
DA:155,0,oOdTMbufbiol8OUWnAG3Pw
DA:156,0,eorNdSJnfCc12gw/02UIIQ
DA:157,0,fl6sT3kqr9rb48Ga53ajGg
DA:158,0,+dR/wssajCFEriUtdVi5Zg
DA:161,0,fXwjv1NDVPi35mETCbur2w
DA:162,0,axYCHVw6xgY9PznKvv8dLg
DA:163,0,r8wIBheUr/86UpgBrtWUBw
DA:165,0,9Uy/sGAq/tONw6c9h0AB1A
DA:167,0,FIU6O8fwq/kXspkG20xzRg
DA:169,0,WZlO/cnPWe/G4S6fcg+4fQ
DA:170,0,KDrZ4nnjStnwOidNAeRddw
DA:172,0,fqC99r8D3PImYxUhRiOjzQ
DA:174,0,sdU7COak+Y+INWtuVGtJLg
DA:175,0,05fza9uPzeyZ1iG6hOq8FQ
DA:176,0,0DOAW5h906Jax5Gi99XrYA
DA:178,0,tQc7ydXjULCA8ywhCgXSwA
DA:187,0,6J+BzFDtzbvZVxXpmczX+A
DA:188,0,EI5j0pR7VDP39f+p9VcFkw
DA:190,0,rav7/ZGEwDF4bG93PXiKwA
DA:191,0,C+CNW30BGi+Knttr0V4ndA
DA:192,0,ys7QpWStFFAbP8QI8EzrEQ
DA:194,0,iuMwCfBk6aNQl6mMvZlfcQ
DA:207,0,KREwg1rgdxHlAGrzXDwq2g
DA:216,0,5035ntR2hpb2GK4g+8eIvw
DA:219,0,lYmu3BXPqN8tAgC6cAs3lg
DA:220,0,BA9nFhsL0SFQXSE2s+4eiQ
DA:233,0,qpPfv9pCwNU5UaubQ9lyVA
DA:234,0,JZoxRDuOnrggTVJjuLMDpg
DA:235,0,fqCljRw88Iws6kU1V+s4Yg
DA:236,0,fimcr4qbo7w+ek5oddFhEA
DA:239,0,WZlO/cnPWe/G4S6fcg+4fQ
DA:249,0,Dwrb3cV55ZBs1pz73s751A
DA:251,0,/SzY16Z7qsx8hKJVM0efRQ
DA:253,0,tqfFnAeARSDv4ChY8BSgIg
DA:254,0,BE0u5dohXOqvGuKqFt+hpA
DA:255,0,8RcHiRlBeWwIbl7vDNiJMg
DA:263,0,UDANl78dwpLK/BQmeHuxPA
DA:264,0,2t5kQlNxzA5BAZtMj7tshQ
DA:265,0,jXX4dYXgMgut6/grVuzcpg
DA:266,0,TITYQ1KIOeBFkCqFlN9UFA
DA:267,0,VBlSBvrVNf1P8ui0nAYNyw
DA:268,0,6u+3+xrmd3ylZYlMLM8vnw
DA:280,0,YrchyJEgxAUkkqO3hDLE7w
DA:292,0,ODkSpg251mcNEh6WYtgnPw
DA:293,0,QNhXcXj8ydnqVx/IZjXdaw
DA:295,0,yvKU00RsI5brOvzrLifqyw
DA:296,0,z0YXa1E7wOn3Z/SHI4aZfQ
DA:299,0,tqfFnAeARSDv4ChY8BSgIg
DA:300,0,w/f6RB2Cj8LHovAOvcEX8A
DA:302,0,8RcHiRlBeWwIbl7vDNiJMg
DA:308,0,wlbbUQsCcCFjh5l7Wavx9w
DA:309,0,0w7wx3gGXfXpuzVsdjDmEg
DA:310,0,9aJfsYqy9YmHJQMD6WXbbw
DA:316,0,0w7wx3gGXfXpuzVsdjDmEg
DA:317,0,9aJfsYqy9YmHJQMD6WXbbw
DA:323,0,dwvexK1fsIkOfSqwoAhRWA
DA:324,0,yixrmbDVj1WOz80/qVtPrQ
DA:325,0,k5Ig8URDh2HZm2wPh2RjGw
DA:327,0,0w7wx3gGXfXpuzVsdjDmEg
DA:328,0,9aJfsYqy9YmHJQMD6WXbbw
DA:335,0,LTbvvNadScs8MXSh74guRQ
DA:336,0,MzA/ikag0bL92ghQhR0wJg
DA:337,0,dwq2VCvVqkGi7zfQfpvV0Q
DA:338,0,hrmgoJXJByKuQPVDGkQtAA
DA:339,0,XkAAXBQJyK5mCtS86cnARg
DA:340,0,5O9QFpnXD+8t9fdbQtVt0A
DA:341,0,JI4k8ykpfS2ZhJeUBUBiHQ
DA:342,0,r+0LeWwBjAsgZle2RaG+ZA
DA:351,0,fXwjv1NDVPi35mETCbur2w
DA:352,0,oNKRUiI3CtNd+0jXK3q4Sg
DA:354,0,KDrZ4nnjStnwOidNAeRddw
DA:356,0,fqC99r8D3PImYxUhRiOjzQ
DA:358,0,sdU7COak+Y+INWtuVGtJLg
DA:359,0,ivr9FHcMpna0NE4b3HUsdw
DA:360,0,0DOAW5h906Jax5Gi99XrYA
DA:364,0,tQc7ydXjULCA8ywhCgXSwA
LF:157
LH:28
end_of_record
TN:
SF:BasicLineAlg/Interpolation/interpolation.py
DA:1,1,VdtqRd9UkoeRPBIwTBp++Q
DA:2,1,IWWjrCeOtk8NNtrE95++2g
DA:4,1,qs6i1VWn7k0qgWvOcZQpWw
DA:26,1,6ddFT11IGCK3Bw8D8BcDeg
DA:66,1,wgC/K2OQ0owv74UOy1nDyw
DA:173,1,foCIFXEY6IALDHntCcvQQw
DA:16,0,qGrhzsza11/wmgO9iM5Wvw
DA:17,0,16hFP6oXYG4jhCkdnbdGfA
DA:18,0,kCV+Z6qFxFcADlJ2YO9CnQ
DA:19,0,ZzwmSlk88LL4pD4Trm9jkw
DA:20,0,vdLZfXliYMoPLXuG6AOcHg
DA:21,0,6H7bPSanWYKXvcwnL07r3w
DA:22,0,1SBPKjHvRvGtL9UrpnNzww
DA:23,0,Qz3ANLT/uz9fPGZr5Fi1tg
DA:25,0,ftXoBK66AoUvmLvv6seS4g
DA:39,0,u6bqkHu9eWnqFW+cYKJubA
DA:41,0,sOwATdCqcb8/N0PtTFZH1g
DA:42,0,wrSzMSNMv7A2lfE4uSJU/g
DA:43,0,mM7IlU5UiZUjqWWLY8viNQ
DA:44,0,diWPWpeRqy+hsJvKR6DhWw
DA:45,0,TGD0sdxQxwtnjwVt3LYSOw
DA:47,0,uQS2DFyB2VYE7QDOBNpuMQ
DA:48,0,J7LqGoIklgWWy0cAPrlmWA
DA:51,0,t+s1gWUjkv18k4u+v+BaLw
DA:52,0,um7K/lef9nQPCf2pnJskLg
DA:53,0,74JLaKGkTQY8JyRxv2x6Ow
DA:56,0,Z4huGJHBVsFRHgxnEHHvRQ
DA:59,0,zCkF/Qs7nI21KT8S4+yfGg
DA:62,0,ftXoBK66AoUvmLvv6seS4g
DA:79,0,nQOWMdv1wS3JGhZ3DGqwiQ
DA:94,0,lN3LZRCh8sZWr9EcN8Z8Jg
DA:96,0,WuAyDt8qRdOyVkIH2dIkOg
DA:97,0,v2fZIVc6bx9QD+forWuRWw
DA:100,0,4nfsiR4f+BdQR8BkGhM9sg
DA:101,0,v2fZIVc6bx9QD+forWuRWw
DA:103,0,RGM770oADryGLfvmpp5svQ
DA:104,0,XmDA0dtWWQsPNnbmtWn1Aw
DA:120,0,GvbI0pXwz8pmlXUmdfr5vw
DA:121,0,+ZCqT3gkGOrxsip4y2GShg
DA:124,0,9ftNILKNk9APN1qQsOSZdg
DA:125,0,IERhf3/LkmpiAOeUkYhaUA
DA:128,0,4Oa1fvGtSeqfs6lhuMz60A
DA:129,0,w+3U9lXVqY5OltqwXAjlQw
DA:130,0,H2jR31KOspw6z3W8nSvqGQ
DA:133,0,6wR0uQZzZAxhXIFjGuMLag
DA:135,0,rREphKALmWNhc82leFukDQ
DA:137,0,RGM770oADryGLfvmpp5svQ
DA:140,0,tIRal9J3Ohe9SI7wgApFMA
DA:141,0,j4LPOWjrznGX6zFVE3aBxw
DA:142,0,u6bqkHu9eWnqFW+cYKJubA
DA:143,0,mM7IlU5UiZUjqWWLY8viNQ
DA:144,0,diWPWpeRqy+hsJvKR6DhWw
DA:145,0,TGD0sdxQxwtnjwVt3LYSOw
DA:148,0,LldcweYKer/oxyBEho2hsw
DA:149,0,Ny/4IRtSr0dDjeVMsUqlZQ
DA:151,0,+ww8WWjwKN0W47vuFwx9Hg
DA:153,0,qGrhzsza11/wmgO9iM5Wvw
DA:154,0,gdvM3YSJJcwfxRemVD0Vhw
DA:155,0,BRAcW+W6imWRq5tFcskN6g
DA:158,0,t+s1gWUjkv18k4u+v+BaLw
DA:159,0,um7K/lef9nQPCf2pnJskLg
DA:160,0,z95cdHVmtBRHvi50+qN8ng
DA:162,0,a7nR69IQFTC6/JGkAeBi/Q
DA:165,0,8xgiuLrJD82qtWK+wUmZHA
DA:169,0,ftXoBK66AoUvmLvv6seS4g
DA:188,0,TuJazZxwpu0Pic6rK5FBdQ
DA:199,0,ARaXx76v5Dl/E5CGo+as6g
DA:200,0,33GXLsNohgrwfzEx+4W8iw
DA:201,0,x3/qYuPd5KMa3CEznrBx9A
DA:202,0,RrXg0M5Xq6vI59NHDYFaXg
DA:204,0,qyyxM0z9VUujbEgIeTkjWw
DA:205,0,/VjDGDLMJ4v68Yil+z3rWg
DA:206,0,jphsx3SNyQhUpYbY/PDrVg
DA:207,0,m8fZEIIgTqWiLQYBiGLYKA
DA:208,0,wc2vdCAfLB8s+s2w+OdUUw
DA:209,0,pkojtJlpKvX4MLIqqQykcA
DA:210,0,xGieQ616omw0aIuR1WDlyA
DA:214,0,mm5+VvF49bluu/WfXlt8pg
DA:215,0,WVY655QQZZb4HlEoJufS5w
DA:216,0,Io+7rwecFtdNCT2FWbW8NA
DA:218,0,Z3tB/T8pbnXvMWa3eq0CGg
DA:220,0,EE0nMy03txKFlUhSywAmtg
DA:222,0,tIRal9J3Ohe9SI7wgApFMA
DA:223,0,j4LPOWjrznGX6zFVE3aBxw
DA:224,0,u6bqkHu9eWnqFW+cYKJubA
DA:226,0,mM7IlU5UiZUjqWWLY8viNQ
DA:227,0,diWPWpeRqy+hsJvKR6DhWw
DA:228,0,TGD0sdxQxwtnjwVt3LYSOw
DA:231,0,LldcweYKer/oxyBEho2hsw
DA:232,0,Ny/4IRtSr0dDjeVMsUqlZQ
DA:234,0,wikFWJvnJC9OLql6er9Qig
DA:236,0,qGrhzsza11/wmgO9iM5Wvw
DA:237,0,gdvM3YSJJcwfxRemVD0Vhw
DA:238,0,BRAcW+W6imWRq5tFcskN6g
DA:241,0,t+s1gWUjkv18k4u+v+BaLw
DA:242,0,um7K/lef9nQPCf2pnJskLg
DA:243,0,z95cdHVmtBRHvi50+qN8ng
DA:245,0,a7nR69IQFTC6/JGkAeBi/Q
DA:248,0,8xgiuLrJD82qtWK+wUmZHA
DA:252,0,ftXoBK66AoUvmLvv6seS4g
LF:100
LH:6
end_of_record
TN:
SF:BasicLineAlg/LinearEquations/lu.py
DA:1,1,IWWjrCeOtk8NNtrE95++2g
DA:2,1,o+6RgMs6iyt/d9UQxm8HOQ
DA:58,1,gnTRQpi30PUrwuy5qgCJRA
DA:111,1,5tqsfFfNKqa7mdVysItzIQ
DA:29,0,YIlYYmp+VpWiBxZQiLR2Gg
DA:30,0,eHCW82r7fEZp3/SZ2RQicA
DA:32,0,n7tcDIgiMEqcjGlSnNXFEg
DA:33,0,NO/8S+DNRYLEJ9pD/rPgOg
DA:34,0,iXM+nU4P0k63ggHrs98eyg
DA:37,0,uKPKDDtHwb33kIVI/vIPfA
DA:39,0,bk8ICI1KIKlFskED5/eIsQ
DA:42,0,w//exyold5IfohpxM4JdUw
DA:44,0,qmWqohDlOMvUrNoZJejxhQ
DA:45,0,U/3DXGAPPtYqIm5KSnnmCA
DA:48,0,HyHqs7Soze+K4qfShBFVDw
DA:49,0,eWlLVuNCttZW6FdEPbwgjw
DA:50,0,t+rUm31pJgDW3H6CDBOWbw
DA:52,0,aAt4hhhkk2FfCWFKC9QDUA
DA:53,0,bol2cf9RAhGAJoYd/N/VPA
DA:56,0,wlpTAI7IiHWyXQMi/Lc0iA
DA:85,0,mQ3tHfOXohhFwNR9egKAnw
DA:86,0,upVQKhWxmG4k8vgG4D69UQ
DA:88,0,RO0vQHRooyq1tMAyN8/iIw
DA:89,0,neqXqejuKBbVHwZBycZthQ
DA:92,0,ysB0wDY2xbOdoaVGvGG2GQ
DA:95,0,WE2PC9mjj1EgDOrOTepyLg
DA:97,0,KXXcuwiQCuL8qQEfKbpvCg
DA:98,0,qKm0SGg//aW1rGpm4mv4WA
DA:99,0,28hF499bkBNaOENZNkZ1mA
DA:102,0,AgFXSFn0KNM0iU9GFVzwXg
DA:103,0,U84uKrAkGzNijuAcR1H3kg
DA:104,0,SJJcTPwxK6wqxDTDx/Ia7g
DA:105,0,nOdl4Lq4RGCoR1B5ypGEdQ
DA:108,0,6DLjVQ5MVtUqyIuZY8khrQ
DA:131,0,IGNWVNmNEyYG7iyGuXQA9Q
DA:132,0,HMKh5AfyYPEMU5DfxPi6uQ
LF:36
LH:4
end_of_record
TN:
SF:BasicLineAlg/Zeros/roots.py
DA:1,1,IWWjrCeOtk8NNtrE95++2g
DA:2,1,5o2LTgay2cAutSFYQPzu2A
DA:4,1,+wbb+KfVJWMxjbSb5IaMfg
DA:40,1,Au8ykpDNQ/bY/LWL7UnuoQ
DA:75,1,U+zOzLp5By+S+NKbMYbEXQ
DA:109,1,wnHfW/EFD+u1tPdEasP6GA
DA:21,0,svldc3LQZHnTJsGXRYML4A
DA:22,0,KV9PMOb6TJ0s6qN9xKCxDw
DA:23,0,PeKkBj8ELcf7pTrP+Cw0Jw
DA:25,0,aG7WJf5n9w6y+Mx7Vb23ug
DA:26,0,ViTutvOHOyi8AvOhzmFF+g
DA:27,0,VNR87UpYVZmrNWS5eI+EWA
DA:28,0,Xz5PmRM3A+65sRdZiRfvXg
DA:30,0,l92KRvvsK2lIhulJGGYQ7w
DA:31,0,BIA0fsnqcB28KYK+sOAq/A
DA:32,0,g0ChGRqjOCyRMv3HunrnqA
DA:33,0,HUUeWsoZ7q+FVutrJb2zcw
DA:34,0,zjUW2NyL1LZsp9TmJMW+pA
DA:36,0,JLq0Gm7vVbLxwjpIwiTcOA
DA:37,0,AJgjGipvQvbq5ftttQJ7FA
DA:38,0,Y6t3MlnCvEYrnR1Ha8AqQQ
DA:56,0,svldc3LQZHnTJsGXRYML4A
DA:57,0,42VZXg8c2cgQ4LpJ/gRxuw
DA:58,0,fUM4rmXe9qR0WMSdhMB0NA
DA:60,0,r6qWxIh5KHOxbHGvqgTsTg
DA:61,0,aG7WJf5n9w6y+Mx7Vb23ug
DA:62,0,ViTutvOHOyi8AvOhzmFF+g
DA:64,0,VNR87UpYVZmrNWS5eI+EWA
DA:65,0,Xz5PmRM3A+65sRdZiRfvXg
DA:66,0,qilJWgB4U+pcEdAWoHWlcQ
DA:67,0,MoD/dkepzsZxmGWkGVh2Nw
DA:68,0,Yk/vVbcRuNkANd1YqETGeQ
DA:69,0,VVKFo7+TzXZNE5nIeiyikw
DA:70,0,OIlo7457xfVJBMEoJzn3GA
DA:71,0,L5hEQ4BtEAzjbB58KSx5Rg
DA:73,0,Y6t3MlnCvEYrnR1Ha8AqQQ
DA:91,0,svldc3LQZHnTJsGXRYML4A
DA:92,0,42VZXg8c2cgQ4LpJ/gRxuw
DA:93,0,fUM4rmXe9qR0WMSdhMB0NA
DA:95,0,aG7WJf5n9w6y+Mx7Vb23ug
DA:96,0,ViTutvOHOyi8AvOhzmFF+g
DA:97,0,VNR87UpYVZmrNWS5eI+EWA
DA:98,0,Xz5PmRM3A+65sRdZiRfvXg
DA:99,0,qilJWgB4U+pcEdAWoHWlcQ
DA:100,0,MoD/dkepzsZxmGWkGVh2Nw
DA:101,0,Yk/vVbcRuNkANd1YqETGeQ
DA:102,0,VVKFo7+TzXZNE5nIeiyikw
DA:103,0,OIlo7457xfVJBMEoJzn3GA
DA:104,0,L5hEQ4BtEAzjbB58KSx5Rg
DA:106,0,Y6t3MlnCvEYrnR1Ha8AqQQ
DA:126,0,svldc3LQZHnTJsGXRYML4A
DA:127,0,KV9PMOb6TJ0s6qN9xKCxDw
DA:128,0,PeKkBj8ELcf7pTrP+Cw0Jw
DA:130,0,aG7WJf5n9w6y+Mx7Vb23ug
DA:131,0,ViTutvOHOyi8AvOhzmFF+g
DA:133,0,QhPC/lAWbXqlCojTHfRD4Q
DA:134,0,+8hlVZAop3b7mLuZbzxLSw
DA:136,0,R7CNUB2pZ0Le7St3RgqM3w
DA:137,0,uSEOVGHypkUMj334LHrGIg
DA:140,0,+sAuYe0rYzr3svtrFuKR/A
DA:141,0,4sYzWZ7gZKQPLpVa5A7rWw
DA:142,0,Ko0SuTrqWD2RBb1+qFW2SA
DA:143,0,RjTi3DoyxyMTAn0rWjVlpg
DA:144,0,ruA4ZrpBKzo3xdnJ4WQOhQ
DA:145,0,N3JbIUD+OHpZuYS/+EIkkw
DA:146,0,WRvlbNGtSHIE3gqgWSr8ww
DA:147,0,HnTXKCpjZTNKucP7DAzCjw
DA:148,0,C/OIaPuMY/q3nL3nafi8OQ
DA:149,0,Ko0SuTrqWD2RBb1+qFW2SA
DA:150,0,lqYGipWsGEVFN5WiUK8xrQ
DA:151,0,iKaJM1TkGmNRXVHafHcRVA
DA:152,0,RjTi3DoyxyMTAn0rWjVlpg
DA:154,0,DYBvRMoRCmVwiRAO3N+xQg
DA:155,0,o/tyyPEi9ezkT2AgGfX2rw
DA:156,0,MkaTHne+jhbSHz+3vRp0eg
DA:157,0,7a6iEiO6Zzu8yfez5LxOyQ
DA:160,0,OEA6PXbx54U2xCKKUp1wcQ
DA:162,0,KDmozqio21kSFOlR2Q1Seg
DA:163,0,LmHWifhcMtHUOGx/0ew6IA
DA:166,0,nNPUGXOcw+/THuI+cYOHCQ
DA:167,0,d7XFgkvdf6oVp23ZKt4zWQ
DA:169,0,/VhBoERi49BhjzQmhJv8EA
DA:170,0,a81DVqla7grryVHqIaxarQ
DA:173,0,zzpLBZu44seM0DcN0d4RxQ
DA:174,0,DmQ2wtN8eLqL4gdo7rdEug
DA:175,0,/WWn4p5TtIanaFXpHfMYIQ
DA:176,0,ObBQE8qzfT4A7Fpc/Nn+mQ
DA:178,0,hzgS7I0MR0m4v3PjHMXDmA
DA:179,0,w64+2UluFs7xiKrw1GbZ3g
DA:181,0,FP9QV908vEHSbFkKPMQkMg
DA:183,0,vElpl6K9i+MY7imcQQK9Yg
DA:184,0,fvqhHAQVj8pMGuuvDc1MvA
DA:185,0,uEAb+LlLYPZ0Af1sYGwnZA
DA:187,0,DBjgw0u0ZGXzfS9biWVK+A
DA:188,0,Swhx3jsVlogMYLFj9BwArg
DA:191,0,drSuHM9Oc+/kJ4LVL0ru0g
DA:192,0,J8Jr/2FZaknD8pdjol0jAg
DA:193,0,AavfQe6CPCZt8JdcK1Zb7g
DA:194,0,tEKjzvnKypI+p67QoSicww
DA:196,0,tIAsQQtAhj1Oi4aJCsCFTg
DA:198,0,bRqO3tY9kE/NB5NLSP6xvg
DA:201,0,3AfiS0M+aYC2Hezq2mzATQ
LF:102
LH:6
end_of_record
TN:
SF:BasicLineAlg/__init__.py
DA:1,1,1B2M2Y8AsgTpgAmY7PhCfg
LF:0
LH:1
end_of_record
TN:
SF:BasicLineAlg/module.py
DA:1,1,IWWjrCeOtk8NNtrE95++2g
DA:2,1,71QqNTIjqmmCvilNABuBHA
DA:9,1,13AYUV5lcrGbQYQY1078FQ
DA:18,1,xQVNdxAJxuGw1z9RcZmDQw
DA:3,0,XxZ64K9tmyNYkPuPmw6/Fg
DA:4,0,UkpXCOwQ+xJS3+OtUCGdjA
DA:5,0,RbNyuVPHS50ARmTYA/dygw
DA:6,0,+dlmlQiKmNkE8QGQFoyHjA
DA:7,0,AexTfISHsWDuRw3/PziRhQ
DA:10,0,tIRal9J3Ohe9SI7wgApFMA
DA:11,0,j4LPOWjrznGX6zFVE3aBxw
DA:12,0,Ad3NggILqjyiTsYjz+znMQ
DA:13,0,J3cDi424MjI8ZSdl8N7FWw
DA:14,0,+O89zLPF6vdZe0ptXUmB/g
DA:16,0,TSsz35nJ16L6dA/8bbzb4g
DA:19,0,bXryxGksGMyG0fOcYqRtew
LF:16
LH:4
end_of_record
TN:
SF:Test/__init__.py
DA:1,1,mUDsnWRiqW9R9nTILGKIZg
                                                                                                                                                                                                                                                                                                                                                                                                                                                                                                                                                                                                                                                                                                                                                                                                                                                                                                                                                                                                                                                                                                                                                                                                                                                                                                                                                                                                                                                                                                                                                                                                                                                                                                                                                                                                                                                                                                                                                                                                                                                                                                                                                                                                                                                                                                                                                                                                                                                                                                                                                                                                                                                                                                                                                                                                                                                                                                                                                                                                                                                                                                                                                                                                                                                                                                                                                                                                                                                                                                                                                                                                                                                                                                                                                                                                                                                                                                                                                                                                                                                                                                                                                                                                                                                                                                                                                                                                                                                                                                                                                                                                                                                                                                                                                                                                                                                                                                                                                                                                                                                                                                                                                                                                                                                                                                                                                                                                                                                                                                                                                                                                                                                                                                                                                                                                                                                                                                                                                                                                                                                                                                                                                                                                                                                                                                                                                                                                                                                                                                                                                                                                                                                                                                                                                                                                                                                                                                                                                                                                                                                                                                                                                                                                                                                                                                                                                                                                                                                                                                                                                                                                                                                                                                                                                                                                                                                                                                                                                                                                                                                                                                                                                                                                                                                                                                                                                                                                                                                                                                                                                                                                                                                                                                                                                                                                                                                                                                                                                                                                                                                                                                                                                                                                                                                                                                                                                                                                                                                                                                                                                                                                                                                                                                                                                                                                                                                                                                                                                                                                                                                                                                                                                                                                                                                                                                                                                                                                                                                                                                                                                                                                                                                                                                                                                                                                                                                                                                                                                                                                                                                                                                                                                                                                                                                                                                                                                                                                                                                                                                                                                                                                                                                                                                                                                                                                                                                                                                                                                                                                                                                                                                                                                                                                                                                                                                                                                                                                                                                                                                                                                                                                                                                                                                                                                                                                                                                                                                                                                                                                                                                                                                                                                                                                                                                                                                                                                                                                                                                                                                                                                                                                                                                                                                                                                                                                                                                                                                                                                                                                                                                                                                                                                                                                                                                                                                                                                                                                                                                                                                                                                                                                                                                                                                                                                                                                                                                                                                                                                                                                                                                                                                                                                                                                                                                                                                                                                                                                                                                                                                                                                                                                                                                                                                                                                                                                                                                                                                                                                                                                                                                                                                                                                                                                                                                                                                                                                                                                                                                                                                                                                                                                                                                                                                                                                                                                                                                                                                                                                                                                                 DA:60,0,lQY8LRG6xmPUvt4e0ih9Hg
DA:64,0,BYtr0YUWhmyhZk3EeYr3Bg
DA:66,0,+cofZDvhA9G7UdsvTMNSGg
DA:67,0,XPew0Xgb0SJ3Qd6yzVXzcQ
DA:74,0,bv44F0whGXJOEcPpm7q5mA
DA:76,0,W33OrGY3dGFdqa74gx2fXA
DA:77,0,MucOuHT3n9VO8fyieYW+cg
DA:84,0,GKtSdk+vcVmL2CM9CR9byg
DA:86,0,UtRl7D4wFAK9Xn4bSZYOCg
DA:87,0,ScayyYo/JhgfZmiwKq9ZAg
DA:90,0,hZwbVdq/9yDPwY9PItRh0A
DA:92,0,RmY8D9cM5D/3z+vyKbnGgw
DA:93,0,cnESu7DYFuN3i1ftWsHKLw
DA:94,0,UQO3wDtlsm8JxHAgFyYd5A
DA:96,0,bBxhhAt5v/ggtDFWte4kQQ
DA:98,0,gBd6K6YQ8YJtUtdlREhrTQ
DA:99,0,KUyXUNM4WetYqBoTe2aM0A
DA:102,0,k1LUDEvF4A5GN7IsL+uNhw
DA:103,0,MLVWb9fndK8YEEKrMdZ/5Q
DA:104,0,cnESu7DYFuN3i1ftWsHKLw
DA:105,0,UQO3wDtlsm8JxHAgFyYd5A
DA:107,0,LW+QpOpeCPDKa7NztXItYQ
DA:109,0,Ax8AHHJOoQI5RP/Eb8Ucjg
DA:110,0,MLVWb9fndK8YEEKrMdZ/5Q
DA:111,0,3tfkVDoyU20/+fxQiaSGEg
DA:113,0,KUAPfpAnF/wcRYn9/X6JsQ
DA:114,0,Txqwzc3nkrEpQ8OLOpBrhw
DA:116,0,XMdV5bcN56OWkzlYGz9bOQ
DA:117,0,MnzpXe1veqpfA7nIMRo0OA
DA:121,0,Jm79NdNU91MNuvtOM3SqKA
DA:122,0,6BAmqRk2eBs5U9HoXWfFcA
DA:124,0,PxVtk26W5S8w2Def69AH+w
DA:125,0,cbcHt454fr07Vw6Yly4Q8Q
DA:126,0,1u5kcNpSw2nDuIOReQz8JA
DA:128,0,MLVWb9fndK8YEEKrMdZ/5Q
DA:129,0,yfYkQZx745L76PW4ZM9J6Q
DA:131,0,TwHXeD7V/cVObeJwn7ZB0w
DA:132,0,MLVWb9fndK8YEEKrMdZ/5Q
DA:133,0,a0rqvtDBMTTo1QUy7VF+3A
DA:134,0,AXwpKvcEhXTIY6i/r0tR+g
DA:135,0,m4RrXP44jQhuXzZqYH1CCw
DA:137,0,2mjsLyU1JyBBZlTebx0nrw
DA:139,0,2rPFWAheS2uxaSG0cRghpw
DA:141,0,PTCRq6zXtvdVeW8njgou5g
DA:143,0,MLVWb9fndK8YEEKrMdZ/5Q
DA:144,0,PnJjbCr7ZYO2fVO2fWGIPw
DA:145,0,AXwpKvcEhXTIY6i/r0tR+g
DA:146,0,m4RrXP44jQhuXzZqYH1CCw
DA:148,0,BOFRAz6iytzg1sQAs0r9iQ
DA:151,0,+FzGfkJk68mld1YbQYD5Ag
DA:152,0,X6LgYogTYTv9lCORcnTRLA
LF:78
LH:10
end_of_record
TN:
SF:/usr/lib/python3/dist-packages/colorama/winterm.py
DA:2,1,HkDUwmUjAJKMunMUuSuH9A
DA:6,1,EnbwODYO3bSk6I8LF36fyA
DA:7,1,q0S6+p0FGfMW9u0kFclong
DA:8,1,DFt9QK0KvXzFnLcJhijVww
DA:9,1,fzMyDW6zNDIKaALv87Gjtw
DA:10,1,jsZK+OS6xKCXgYtPyI7uUg
DA:11,1,hFgEE2BmUPDY9hcOteSE4w
DA:12,1,NOBWdfW4p0LhAmvm7cSPSg
DA:13,1,ZQOINoqi+ZMN+TgzXzc/zg
DA:14,1,cOSxDioG3Wfnn9nxcRkg3A
DA:17,1,9KbroF2r81gs30TUzN3tsw
DA:18,1,VG/S3Vn7MPBC5lXFkrBUHw
DA:19,1,itkjRo1i/OcTCkv4B0C71Q
DA:20,1,wi1YW1CLd0tyKKvuAzgv0A
DA:22,1,I/GqaHK+9zSVamY5ip0ppw
DA:24,1,gFdnwIzxJ64X+nD2UauP7A
DA:36,1,ar3Z0gs1t91aANhA2Dwl9A
DA:39,1,SEvyjDlP7IlY2o5yrHaN1w
DA:44,1,COBghHQRhfEJbS6s9TDyug
DA:49,1,r5LNEenWMtzmi+jCl1GZUg
DA:60,1,91FLtLH/nnVW7ztFcLUTZA
DA:71,1,MuXIm0xIpjY2HwAfZ9M+qQ
DA:77,1,VzlqKvZ8yldbLMaq0H1vrg
DA:85,1,L57I+kEBuwxlJlJjf3vJNg
DA:93,1,zAQD3WQWqTRG1DVMduBocw
DA:103,1,jo3oYiM/R+P+EUdw7fm0/A
DA:111,1,q8crQo3u4CwbBdnZQWbMpA
DA:143,1,gXQQgm58hjGG0Y58T3D1Xw
DA:168,1,WR5FkJca/TsJs2FtdLgadg
DA:25,0,eA+aTMbgtZFwKJ7c5rmcVw
DA:26,0,y/C7sX+03seDIjEk2t4KQQ
DA:27,0,b0AvHM1hXU/1leGquYDT1A
DA:28,0,OlqZniLMDaoYzt5tpY5kOg
DA:29,0,AfEIeCmyPsuM452wyM2AZA
DA:34,0,lq+tNiOaGXol0d4Fj2K6rw
DA:37,0,HnYwmcrVKCaGnb2cf5uS1Q
DA:40,0,X9wwFmzupvZ+oiaSS77LiQ
DA:41,0,iws5bVtm+HWGujaAsWMakw
DA:42,0,Rk+YZCN4EoVbYzyf2rl3YA
DA:45,0,y/C7sX+03seDIjEk2t4KQQ
DA:46,0,CcJfE7MRDMap7A49KOUqoA
DA:47,0,lq+tNiOaGXol0d4Fj2K6rw
DA:50,0,xYtSdjzcCQCgqk1DNgrJVg
DA:51,0,wfa96TRxhngAEhB5RNU5kQ
DA:52,0,oKjkObIbvUXjMvJuQcQxMw
DA:54,0,FQgKyizZKwVaeb3TlO8m1g
DA:55,0,EdxMGVHu8nIWDlqic5OmyA
DA:57,0,qKoGgsxD1wzQVU7iJ3OH8g
DA:58,0,bh5MiUpsKPaA12rLc4/0CQ
DA:61,0,+xcPi1DoYosehGNBJ4fFWg
DA:62,0,1KOw3ZCXQn4HGbPCF15TEw
DA:63,0,unOn1pcUrsbERrFJryC1VA
DA:65,0,FQgKyizZKwVaeb3TlO8m1g
DA:66,0,hTUqbthzrlUsRW6OcT2X5g
DA:68,0,Gnb+ztKnTEIzoXWvyNxEQA
DA:69,0,bh5MiUpsKPaA12rLc4/0CQ
DA:72,0,US+Znr4C3WAynLHehqFl1g
DA:73,0,1YXurUYCzgdZ3joYp2Zf3w
DA:74,0,3v2gd7c2vj1r4R7oEwnXkA
DA:75,0,bh5MiUpsKPaA12rLc4/0CQ
DA:78,0,NQbzOMLxUjG+GwFGdr4tuA
DA:79,0,SSqibEoISmmIJdEpX6HM+A
DA:80,0,P6EHxJlUoEJGnyyLAzpLOg
DA:81,0,Dek4LRdmVQFs75ylx3ybEw
DA:82,0,HZIZ0MfVTl750iI71i59mA
DA:83,0,IYeCRLRZ2wZYXX0kTzCnlA
DA:86,0,v1/rM+6TEu0J0n9r9+4oGQ
DA:89,0,jUaz4a3wGmEvAhVrd5GmUQ
DA:90,0,8d/yUyWTHB9E0Sx57jbzwA
DA:91,0,OcUdvsN3CHyHb6Y4MBLECA
DA:94,0,QldFWf7CCNYMx2ezWL4Btw
DA:97,0,MnzpXe1veqpfA7nIMRo0OA
DA:98,0,P6EHxJlUoEJGnyyLAzpLOg
DA:99,0,Dek4LRdmVQFs75ylx3ybEw
DA:100,0,HZIZ0MfVTl750iI71i59mA
DA:101,0,65uMv7/MTb3d+7DnX3FcWw
DA:104,0,P6EHxJlUoEJGnyyLAzpLOg
DA:105,0,Dek4LRdmVQFs75ylx3ybEw
DA:106,0,HZIZ0MfVTl750iI71i59mA
DA:107,0,lpWaQGt9qacBnrZXPjn64Q
DA:108,0,qLoAvEHZvXcOkua+Dl5dVw
DA:109,0,m0ELcczl2ewcw+A4SM15ew
DA:115,0,P6EHxJlUoEJGnyyLAzpLOg
DA:116,0,Dek4LRdmVQFs75ylx3ybEw
DA:117,0,HZIZ0MfVTl750iI71i59mA
DA:118,0,+LmGD0fL3Dnvqj7SeN5uPA
DA:120,0,TWGrGsD4mPftVKqv3CPK5w
DA:122,0,/9noMFesJ0/MBLX40gf1AQ
DA:123,0,QktUO7QYELx+EH+EJ7eADA
DA:124,0,zY/Z0/2zrNHYK9/wm380iw
DA:125,0,juYC4ag78gnIdCdbCx/3dg
DA:126,0,53SeSQ0DSB97XBP2pOLezA
DA:127,0,v6Rd2W2B64R5mt0Fb+DKyw
DA:128,0,59RYbmq4QX8yzIRhgtaVOA
DA:129,0,AVwxk+R/RogA7MyHMtSLqA
DA:130,0,v6Rd2W2B64R5mt0Fb+DKyw
DA:131,0,XnV+bomlMpa8B4dQpwyxkA
DA:134,0,MnzpXe1veqpfA7nIMRo0OA
DA:136,0,H5vTb6uB0RNJh0YSX3cgkw
DA:138,0,0XqoR8oyXY84MHV9tlrX2Q
DA:139,0,hh0ZNJduohalT2iGi8jJXA
DA:141,0,EhdjZqlEw1kgkrj11NXSNA
DA:147,0,P6EHxJlUoEJGnyyLAzpLOg
DA:148,0,Dek4LRdmVQFs75ylx3ybEw
DA:149,0,HZIZ0MfVTl750iI71i59mA
DA:150,0,+LmGD0fL3Dnvqj7SeN5uPA
DA:151,0,QktUO7QYELx+EH+EJ7eADA
DA:152,0,zY/Z0/2zrNHYK9/wm380iw
DA:153,0,L7jAyU9alowkSgX+w6HlOQ
DA:154,0,53SeSQ0DSB97XBP2pOLezA
DA:155,0,kas3spOPhbdWsqVNOiHKHw
DA:156,0,H4ucYh+IgxuwatutFQtbPg
DA:157,0,AVwxk+R/RogA7MyHMtSLqA
DA:158,0,kas3spOPhbdWsqVNOiHKHw
DA:159,0,hLsR8QgonYoRQDc/lFhVVg
DA:162,0,MnzpXe1veqpfA7nIMRo0OA
DA:164,0,H5vTb6uB0RNJh0YSX3cgkw
DA:166,0,0XqoR8oyXY84MHV9tlrX2Q
DA:169,0,RS5nAoAyhgbrN38LEwZNbQ
LF:119
LH:29
end_of_record
TN:
SF:/usr/lib/python3/dist-packages/entrypoints.py
DA:1,1,t5hL+kGnQm5pl6kBqXciTg
DA:5,1,7qyEQ6RddKiipSGbK8K7nQ
DA:6,1,lbaFnMfPJ+WhlwqOMD8Xqg
DA:7,1,4rMkQTK878jjgLFWKcIYqA
DA:8,1,xmMLoYBW1BFhJ6Xn+A/vug
DA:9,1,S7y4sCZPz7Tt9orve1SZGw
DA:10,1,bQL3toP2DSmzGppPh67rXw
DA:11,1,p7hNY1S5rX9QtYADf+cK4g
DA:12,1,mUDsnWRiqW9R9nTILGKIZg
DA:13,1,uqQzsyLE2snBclOsmsd0qA
DA:14,1,ujGT9gMlmbZC/v5MQ8MxFw
DA:16,1,xjjCXzyk2SPNhaquJh7rOg
DA:18,1,X08d2bI+If9l/PYJSOq3gw
DA:26,1,PpB1hXGcT7lUqffcMXa3NA
DA:31,1,6npqVME89yvfcZB/xp+f7w
DA:33,1,Vqdb0cZzkptYOCI59LXswQ
DA:34,1,yZY+l548J5J20RfiNiVR0Q
DA:36,1,nfVsg6opQO9ANCJY7hyaLA
DA:39,1,j+CcxAIEiLeqjzkbiEHnZA
DA:42,1,KxgaGtJPkScc4OG7mJ59vg
DA:43,1,/JnYgdDRrxXmxi9VZLoH5A
DA:44,1,BIRAuTXOT1chGrZJcLAcDQ
DA:50,1,wucW23KV1J0AyOfm4cAkSA
DA:51,1,MveH5FSe83tlYj5wQFBvIw
DA:52,1,si+uYrlf+CPIxqbf+zc4/A
DA:56,1,j+CcxAIEiLeqjzkbiEHnZA
DA:60,1,y49T+qzMwISr4DsG2MhHNw
DA:61,1,zB3zVyObvwAKAD/L06+kjQ
DA:64,1,mp+Up83et9NJriyGXN4AMQ
DA:65,1,ff7byAfJr93/K63EEwhwYA
DA:72,1,leWPu3a92U46XgI3/MVg5A
DA:76,1,SxjlYx+/ddUCNSTZRkoAHQ
DA:86,1,Nnqu9X+lU2lagW39QNhFWA
DA:87,1,Mfm99u0bl8PCazxJRxkk1Q
DA:105,1,VfFZ1OvV0QeLTppw+V9pEw
DA:106,1,DHJSKMjsIj6iwT6YyusmoQ
DA:110,1,leWPu3a92U46XgI3/MVg5A
DA:114,1,A57tvxkPt8hpAZsR89opzg
DA:202,1,kRrCSVhDVpoFwXgRx5VK7g
DA:216,1,dzVm9GutMEbwnDosyCgj1w
DA:227,1,t4KaQxYoOaHaI7sUq9mNMQ
DA:241,1,PCd+tTkojc+/9k3Gg2wfWw
DA:37,0,nAehQgyttJNKCfWEwEM8WQ
DA:40,0,+Evfw7p1+hPqbLBxpongcQ
DA:45,0,xjcDBnSwra0OiNOAYAwoHA
DA:46,0,IIwlv+pXNwCWw5VfNkGkEw
DA:47,0,GR0v/PYou0h9AjvTp2oLmA
DA:48,0,oZHYKLDKe7iB4lo7fCZpeQ
DA:53,0,zdEg4Pr0NsIHfpdYjaeczw
DA:54,0,BK+foMhfUltpwhLaXPLX4g
DA:57,0,vvOnR7jRFpiTvW9lW+L0wQ
DA:66,0,BK+foMhfUltpwhLaXPLX4g
DA:67,0,S4MgSwFf+/GT6hzvattS9w
DA:68,0,iw4oGRznBUdBjkqZxqMq0A
DA:69,0,er/8jaz5kh3k/NSYVtdNEA
DA:70,0,36ZWydTOLdpfxd18psoRFQ
DA:73,0,YgXKR3cd40Bc39gGwl3d4g
DA:79,0,vKvEa3vvPOSHW1ABuN2uZA
DA:80,0,3iZXezf7tvlGZ9LiiByEWA
DA:81,0,7hK+MduNoRBXjKMgiVvQCQ
DA:82,0,G0thxGqgeO6cNpsJupudoA
DA:83,0,9fPs8MRcdMcb0iaL+2obtw
DA:84,0,L1mqGu7hZ2SAWP+QzB5sgA
DA:96,0,Vo1l0AfSLFN45qEdZZo6Mg
DA:97,0,alScYPy8CPR5yZthrk8Rjg
DA:98,0,iFQhxBfe7AcfGNK6sybaDA
DA:99,0,uWUDCn5GtgzFo3//RZtDPQ
DA:100,0,5vThLKIatKZV5bFVKfUKjg
DA:101,0,i780OXHCsC0xvp+EcifeZA
DA:103,0,yKQAcYjz35RgJMrZ918f6A
DA:107,0,BK+foMhfUltpwhLaXPLX4g
DA:108,0,zzLAEf6C7MPvpvAjqPh41A
DA:111,0,IhykGmNUreNjA8i6HPeE2A
DA:115,0,v82U/Vdv7kd2tXlsDVtq4A
DA:116,0,n8yD0Ly4kh+QMsNFjP2hSw
DA:122,0,7Oj9thokErX0Nb/JvYjZIQ
DA:124,0,lzY+DNZj3s7/snb+39JD6Q
DA:125,0,anvASTfcycV5ZMwrzQ8Jhg
DA:127,0,OC/UFnyceQHz3KCIEde3uw
DA:128,0,TTX7Cdxb/cdRwrxINTGg9Q
DA:129,0,Edxyd7ZsVtSOYcQbPlrM6g
DA:131,0,bSQEBxdcg46axyjrgG6SFQ
DA:133,0,eqbXBPv2ES+sqKXPKY+Ruw
DA:134,0,jteN0PbQpeLPuHulENLM9w
DA:136,0,/twhLE9QnFAvfyJ8zm5qkQ
DA:138,0,yYta+iECmbqIHSCUTNKn3A
DA:139,0,fMQUUU5ws/UxS+cVlL+Iuw
DA:140,0,assD9Qdod7suLWxlPnfQjw
DA:141,0,tKz+2+2lalpoaCg/KsBNdQ
DA:142,0,BHGLa1427XBE3HIbHy3xIQ
DA:143,0,BHrvVqVeuEax6qa54n8JJg
DA:145,0,1gQBwqzF0UuEvRrQBAdjOg
DA:146,0,FH7zSlXB1j2T2+HiMxUSsg
DA:147,0,Uk1iEqLYWHwxE4nbWtF0CQ
DA:148,0,At4ytTHgO6Nd4rCLO+PM8Q
DA:149,0,VjuI1Dk6WGNi4viwynFCHg
DA:150,0,eqbXBPv2ES+sqKXPKY+Ruw
DA:151,0,kiTknpTwXRMpsiRoiPK+zA
DA:152,0,L3OAh92EYu2wWrfY/OXQZg
DA:153,0,058On+CimWq+qO1ktWo31g
DA:154,0,16LHuijg30T/SE8Wzy4oGw
DA:156,0,+e5OlCND+w+zQSsPUAHK4g
DA:159,0,heaO4ngt5fcHxqqp1bUJtg
DA:160,0,nvu5oF+xOTG3SRgwTTmsTw
DA:161,0,tDUujPAqf1a/Msxngm4f4Q
DA:162,0,dRVkfBHBDuSWCRvyLOISEQ
DA:163,0,Vk/c5rgqnUYpeqt+rUngqQ
DA:164,0,qaGnGmI7LFAkIeJXEBm/EA
DA:166,0,XcQhNV0Am1ICCpVD2y0Fxg
DA:167,0,YOfaHYAqRe5n5bKz6YPbCg
DA:168,0,zRls6eRQZEq57TmkFb78Ig
DA:170,0,8TeEORL7zEYk3UxnLYa51w
DA:172,0,OZliGks+1pKlibQRVUk6uA
DA:173,0,Y1S3hdtdmZI0CcqBUXkmZg
DA:175,0,iKKNMJkoWRK7ojCThScGXw
DA:177,0,tKz+2+2lalpoaCg/KsBNdQ
DA:178,0,xMmIvXfqDpMgsK8WYLgBpA
DA:179,0,J/0wauf+W1VOgNMI5yqipA
DA:180,0,auPFMW3G2JQj/dkecb0A0g
DA:181,0,BHrvVqVeuEax6qa54n8JJg
DA:184,0,ujD3V4ooUmBFyvMWy3BECQ
DA:188,0,JfSuSZmybwZdcPjvt951ig
DA:189,0,DYnv3IxkJyO0D8hb8hCRfA
DA:190,0,/nqLL4i3tuiYclImmXa96w
DA:192,0,bSQEBxdcg46axyjrgG6SFQ
DA:194,0,eqbXBPv2ES+sqKXPKY+Ruw
DA:195,0,jteN0PbQpeLPuHulENLM9w
DA:197,0,/twhLE9QnFAvfyJ8zm5qkQ
DA:198,0,tYiUqVvMvOK16RgddqhGmQ
DA:199,0,cunyQJppBSUyUxoBU1CyFA
DA:200,0,txYazMp7DqwFFJJ9kUS+5g
DA:208,0,rfcbJ8sWKtWbmUuclzX8vg
DA:209,0,/q25xniNoHHWguLVgZaZdw
DA:210,0,gRnhjn4gVXQIzSfpjH0g9g
DA:211,0,Jdk836jRK6V7/pumNlCEqA
DA:212,0,0SRE7Dp630bA7oAYS/rqlQ
DA:214,0,nUqgSgyFzrWJXiv9eHl+6w
DA:221,0,iSBbpbW+jjRbKa4A9Fq2+w
DA:222,0,vNE0ZmL9GII6NcNh9LSveg
DA:223,0,w06S6O9tpswF9FTDYFAdUw
DA:224,0,UwdKnnS/p+nIKjxKv2xWwA
DA:225,0,BJBlZsSWstphiTlZImt1kA
DA:232,0,9L8mobXKPkqh0iJUxWjgRQ
DA:233,0,rfcbJ8sWKtWbmUuclzX8vg
DA:234,0,yHiZjfLvZza/9CXwGMbRfg
DA:235,0,q5amJattZpIwRqr0GYDBcA
DA:236,0,47Mk509ZmO7qvIjBJ/jMag
DA:237,0,inFPK3e+3NMsBIWhLk6Adw
DA:239,0,BJBlZsSWstphiTlZImt1kA
DA:242,0,OlNHVLYNBN6bk+bhIBQ+iA
DA:243,0,4rR3w/XGt03cWJyPagzKbg
LF:148
LH:42
end_of_record
TN:
SF:/usr/lib/python3/dist-packages/pexpect/__init__.py
DA:1,1,liHskBZNT83vYVavgrLiXQ
DA:66,1,mUDsnWRiqW9R9nTILGKIZg
DA:67,1,Yfk74hENi6n3v4JrNTyHag
DA:69,1,pX7M3jmIgXgEhWVGwuibrA
DA:70,1,rJAbsNB6oND/bJjXjiZMbA
DA:71,1,n9HLWXk7DKUrQPc9F1vWqg
DA:73,1,XWh8ltlmTTaxX3WdFY7hGA
DA:75,1,UQ96FAd29ZlF6Ey0YqaxxA
DA:76,1,Tc5jagV5Cm0Cyi4PeOUMkA
DA:78,1,7NznW/yOGbYrByP6Xjj2xw
DA:79,1,pQMxecbwcPOSTH4Gh8vRUw
DA:80,1,4nzIjbFoqLDm6r1bMDQ66A
LF:11
LH:12
end_of_record
TN:
SF:/usr/lib/python3/dist-packages/pexpect/exceptions.py
DA:1,1,XtKU42TX4+vW9EPFk1ABSg
DA:3,1,8/DPjtWdo8z1/SINFFKe8w
DA:4,1,mUDsnWRiqW9R9nTILGKIZg
DA:6,1,ikv2gRwQEifI56xGdjN8YA
DA:7,1,/bgktW2eT7V0fc15ytmxlg
DA:10,1,yzDT/iGZPH4gJ9LwXQS8lQ
DA:14,1,j+CcxAIEiLeqjzkbiEHnZA
DA:17,1,uB8UUuI92zguLP0KuWu6XQ
DA:29,1,k9toJLvPXYJdw5DZYHsJqg
DA:30,1,DjEDjWSJfebfu7dmNfrAbA
DA:34,1,rBpLuHEBrI7r24T9hSgl3A
DA:35,1,ZzKKuq73VaheSgJJq2qvYA
DA:11,0,YHdNmu7/DRlFtipnTX9q+Q
DA:12,0,/Y9cVS0+u/p5Ob4sriXaCg
DA:15,0,BEm1AFo1xspXoaO+tXnDBw
DA:22,0,XoDztV3KsjXE9zJrB/ynYA
DA:23,0,FLmqaLTaOyDwnt+bvgsDng
DA:25,0,sd0R+Q8Xi31Ou+RBBBCGWA
DA:26,0,k539WoOLzV/VCsLu0AUW6w
LF:15
LH:12
end_of_record
TN:
SF:/usr/lib/python3/dist-packages/pexpect/expect.py
DA:1,1,4KXOIu0EzlFAqlH6QJ+whA
DA:3,1,TFFmqt1apjKbGmKcTOnJfw
DA:5,1,L24kiPOZbgdwpr2+iyGqIQ
DA:6,1,1+Jrowb5EqQ3DBMMaGF6HQ
DA:13,1,ivnqlFyu2MgAZo/OCflwLQ
DA:44,1,mXQlu7LIPasfL68+/TqOng
DA:65,1,4Oy5i0iEfqBHHm7W2SIKfQ
DA:84,1,VgdNGR5GTScHwKJckpeaDA
DA:91,1,E5bzUKQQNY8hZhA6lEAHaQ
DA:125,1,+zJas26rER6BOpJOhB+/vw
DA:126,1,3109GGXvnbxs9wbPXuFZPg
DA:144,1,MRmRxKnIFmq5EWoge15Bbg
DA:160,1,j+CcxAIEiLeqjzkbiEHnZA
DA:175,1,wgoN3F29kkfTyqjK0ludSw
DA:220,1,o6WPSpEdVOQr0iSrXIPdjA
DA:221,1,XHD1KbWD0WDOPqDbR4YhYQ
DA:239,1,PSMor6tzI7+L28tnWh3qRA
DA:256,1,j+CcxAIEiLeqjzkbiEHnZA
DA:275,1,wgoN3F29kkfTyqjK0ludSw
DA:7,0,6YH7sigtqG7q9aw/N4HDhQ
DA:8,0,Q3tZfe6hZFlwFYv+6PZvRw
DA:9,0,RnLBS3aVTvCQtM1VhyFvPw
DA:10,0,7y5iRUpJpu5Hbafvw8JtDA
DA:11,0,CqX5ruTxckXrj7mkA15uMg
DA:14,0,bwp1jhSrj/IJP3sdNLde4w
DA:15,0,L5SJMXfkiyjxCfOm+hvjzw
DA:17,0,jH+ZeQiRZcC3LVV33x4i5g
DA:18,0,DdiRx1tHd777qxKDf/NR7A
DA:19,0,f4+WPuZnNCDxUCJD6rZOrg
DA:23,0,foHTmmmqaG9rug9i4zb9Qg
DA:24,0,vP1BXLhG2D6nyJlwWSJ4NQ
DA:25,0,gNGbT5aOaDwZJy+80ltZuA
DA:28,0,LvRAJAbTKSq4dMaUxu50gg
DA:29,0,taL3MKNpFa8jrRKRVrMR8A
DA:30,0,41O+lZUx9NdwOA0f8/L0MA
DA:31,0,aGYbdz+AmQn6QOKLrrIL3A
DA:32,0,g8l94uKhMF9QPslEcmbWSw
DA:33,0,zwGbYTFaJZP83huo2J7uEA
DA:34,0,LYLlIyNLxjoWAuAgAHe09Q
DA:35,0,vYX5omVbugOhTZsoJ1z8MA
DA:36,0,TEBN1Vjd4xjyJGo+SW1+/w
DA:37,0,QqjgRssNxfS3Uw4Im4Orqg
DA:39,0,t+Xp3hWTKc6QUXS2Kx1svQ
DA:40,0,gzV5AHUZd+qs4Nt3yINqrQ
DA:41,0,aGYbdz+AmQn6QOKLrrIL3A
DA:42,0,o5zlEwjzNaYNUECHIo+UCg
DA:45,0,bwp1jhSrj/IJP3sdNLde4w
DA:47,0,oytORS9uygkyMGDtD/VmxA
DA:48,0,liWjWjALEKzxkpc6cM15Zg
DA:49,0,wi8eLtWSDdEFBidERgVa1A
DA:50,0,IcPvgBDUwTwxwGcyVD6N+g
DA:51,0,jIYW5w5ksTD9JBe7Z7fi5g
DA:52,0,41O+lZUx9NdwOA0f8/L0MA
DA:53,0,t2h0HCqw+nCmvp9Da5yHMA
DA:54,0,QqjgRssNxfS3Uw4Im4Orqg
DA:55,0,t+Xp3hWTKc6QUXS2Kx1svQ
DA:57,0,nXUfO0JZOmqkF82Hw2onJQ
DA:58,0,iICtmIWNn2xIIARdLiIBlw
DA:59,0,1oNQmRiixAVB2NVLn33nvg
DA:60,0,lzToLhpcvDBK/KRUjt4d0g
DA:61,0,Z0Hj/NOC898/CKpFndyRGA
DA:62,0,koe6wlG0Qed4hx5kx2vTRQ
DA:63,0,Gnl+X+WRSDUF0lCsUb64Ag
DA:66,0,bwp1jhSrj/IJP3sdNLde4w
DA:68,0,oytORS9uygkyMGDtD/VmxA
DA:69,0,aTCo2ft+xXGuu6fLt3oUxA
DA:70,0,GW7c+LDhLpYRVEBgTeU5dw
DA:71,0,41O+lZUx9NdwOA0f8/L0MA
DA:72,0,D5qfA/7aaZOXHuvhfmOo0w
DA:73,0,QqjgRssNxfS3Uw4Im4Orqg
DA:74,0,t+Xp3hWTKc6QUXS2Kx1svQ
DA:76,0,nXUfO0JZOmqkF82Hw2onJQ
DA:77,0,iICtmIWNn2xIIARdLiIBlw
DA:78,0,1oNQmRiixAVB2NVLn33nvg
DA:79,0,lzToLhpcvDBK/KRUjt4d0g
DA:80,0,Z0Hj/NOC898/CKpFndyRGA
DA:81,0,koe6wlG0Qed4hx5kx2vTRQ
DA:82,0,732uN/HaPkTxn2gvB8QnZg
DA:85,0,bwp1jhSrj/IJP3sdNLde4w
DA:86,0,oytORS9uygkyMGDtD/VmxA
DA:87,0,R3pJ2b0rDs9gE2Z55DvCzg
DA:88,0,7oRNKa/qAdcnqsqv1/CI3g
DA:89,0,exHE9HB/ZO1Hf0+iJ7IoBA
DA:93,0,bwp1jhSrj/IJP3sdNLde4w
DA:95,0,d4CbGGVG4h3iaIEaA4mCow
DA:96,0,WZJHQFYH+e0w79TTfP0kGw
DA:98,0,xjcDBnSwra0OiNOAYAwoHA
DA:99,0,C8RS7d+0oUwSyVAIekFGEA
DA:100,0,aGYbdz+AmQn6QOKLrrIL3A
DA:101,0,LYLlIyNLxjoWAuAgAHe09Q
DA:103,0,cWExOr4CzmIuw1uXp9thjQ
DA:105,0,pPWbyxlHr5PQpRrgOtER7Q
DA:106,0,Ph6KVQXHMsNxl9NoSQRvNA
DA:108,0,qmE/2R6/J+mFdNxVnqY76A
DA:109,0,y6/De0k/hxQqlzyuXbJHeg
DA:111,0,bFEk23lPSUPDWRgnS91iIA
DA:112,0,J/eqCH2DI1fYnI1wgAj3qg
DA:113,0,97DDImrbu4Il7CKt84BvjA
DA:114,0,IBvf45tdtXOs6bDHKVRLfg
DA:115,0,rtQwMGiHYzxu4hjLajP1IA
DA:116,0,f11f/2zX3G4V8QQi4LVXGg
DA:117,0,uPBhCEUMX99wfDxW5/PPqA
DA:118,0,giOYrEJwxHTipmr/Eu9xZA
DA:119,0,l6uXpLTcvljbNdSRTyNU4g
DA:120,0,3YMCPDRRiTd7NrrdXZvSGQ
DA:121,0,PhO+DhwpGV/7q8+Lc4H3KA
DA:122,0,NvVxGrDiJsGH6QhWsv4EYA
DA:148,0,NpeWqOl0CHagFRmU9C1kIQ
DA:149,0,OpUn2AMCdPUvL9JW4dAjkg
DA:150,0,fasB7n+meG1EWFiszVBYjQ
DA:151,0,wdPvcMzZEurEw7oZg1ofSQ
DA:152,0,LK6InrRL+GlQPmJ8Zmee1g
DA:153,0,xthih22Q6PFM8P0jjvr62Q
DA:154,0,HRmYgrUgQRrlHMAQ7gWdXQ
DA:155,0,/Q8HIXWYCHUCkx/51JV0Ow
DA:156,0,zPwR8rQdt4RD4lT/Pkqasw
DA:157,0,HRmYgrUgQRrlHMAQ7gWdXQ
DA:158,0,IL5PaR8QdotLKc2Hf3qNVQ
DA:164,0,AenxkZenucrYAvk27q8rUA
DA:165,0,5EC5L6K9og4oUdODpE96tw
DA:166,0,DvbtAfcI3IGktKgnOGK/gg
DA:167,0,aGh2Y5NqpVZ0pGMzMSmUuw
DA:168,0,FeYluttYrXkOezFgXJbbiw
DA:169,0,KOj48cuuTt5r/egymIn6lQ
DA:171,0,tT4tTZJ7rf3Y2iOnIaImgA
DA:172,0,MPv25PRc4M5oC13Ipl7CbA
DA:173,0,oO2SPe/X4DdxL8iCI3qgxw
DA:186,0,EyXkKmnnkOuk4lam0zB29w
DA:200,0,b4qEl+gnublItZuRy3NK2g
DA:201,0,kPcWuBa37sZNLLzxFrSOtw
DA:204,0,ejT709A+NoJH8lFdCf/WCg
DA:207,0,0EbsXK54AkiqwUtqcBMqSw
DA:208,0,wR7XrBjCS+FYTEJBmUHTDQ
DA:209,0,rY5M0JXwkJuBrj5LQGkJyQ
DA:210,0,c4pOIMgmbPjLbC7z5u8l4w
DA:211,0,CzooJS23YaKeZYnc/kQNDw
DA:212,0,1qgK+XxD4KwvNDf1+CmGXA
DA:213,0,5ffedYpEOOso7WAkdJp7zg
DA:214,0,lxVRCcYeAR4q7ujil9IoRg
DA:215,0,ZZByiVR/Z1TsIbFm8WrQfg
DA:216,0,u2NHYx4k18hFAmcqij5h3Q
DA:217,0,jlRF9projArIEO098Vqm5Q
DA:244,0,NpeWqOl0CHagFRmU9C1kIQ
DA:245,0,OpUn2AMCdPUvL9JW4dAjkg
DA:246,0,PDwVtGtcJaGMuvBYFqOxSA
DA:247,0,mkxdg0W3ZcO6w2i+ENGasg
DA:248,0,LK6InrRL+GlQPmJ8Zmee1g
DA:249,0,xthih22Q6PFM8P0jjvr62Q
DA:250,0,HRmYgrUgQRrlHMAQ7gWdXQ
DA:251,0,/Q8HIXWYCHUCkx/51JV0Ow
DA:252,0,zPwR8rQdt4RD4lT/Pkqasw
DA:253,0,HRmYgrUgQRrlHMAQ7gWdXQ
DA:254,0,MtIwj4JiMagDkNBCs1ScFw
DA:262,0,j42w7z9mWSwgwGsDA3eDcw
DA:263,0,Su3zQin/VRy6xRNwwo0Knw
DA:264,0,Xsh024fwyozHfr2I4034ug
DA:265,0,96PTcfTQfdWm1H04P273TA
DA:266,0,DvbtAfcI3IGktKgnOGK/gg
DA:267,0,aGh2Y5NqpVZ0pGMzMSmUuw
DA:268,0,FeYluttYrXkOezFgXJbbiw
DA:269,0,EuDzPn2prQC5g9pcseVXBA
DA:271,0,tT4tTZJ7rf3Y2iOnIaImgA
DA:272,0,MPv25PRc4M5oC13Ipl7CbA
DA:273,0,oO2SPe/X4DdxL8iCI3qgxw
DA:285,0,EyXkKmnnkOuk4lam0zB29w
DA:288,0,c8A7EkGCXaAo+D7Rq68dPg
DA:289,0,OZpkVOFGfIdj2RPWtACxjg
DA:291,0,6n5e8OLT12NLDTKrLpop1w
DA:292,0,p1rxa5VXWrgI10pnJQdpKQ
DA:293,0,zEVUfX1sdrBAXgGt7lDT2Q
DA:294,0,sQnMFrhPknCcElxPUnNOqQ
DA:295,0,HRmYgrUgQRrlHMAQ7gWdXQ
DA:296,0,CNlCTLQSzB7/1ylVTddpSw
DA:297,0,CVotIjQ0ngTiFhZBX1wlOA
DA:298,0,c4pOIMgmbPjLbC7z5u8l4w
DA:299,0,psxxfSGmqmUBl5E78gS3qg
DA:300,0,Ifnkfs+QF54FpLcjVC92Bg
DA:301,0,1qgK+XxD4KwvNDf1+CmGXA
DA:302,0,5ffedYpEOOso7WAkdJp7zg
DA:303,0,ZZByiVR/Z1TsIbFm8WrQfg
DA:304,0,u35FcejYkHURjyJiajG3oA
DA:305,0,vkzazyEGQF2ZK5lRjmgyYQ
DA:306,0,jlRF9projArIEO098Vqm5Q
LF:181
LH:19
end_of_record
TN:
SF:/usr/lib/python3/dist-packages/pexpect/pty_spawn.py
DA:1,1,7Z9Lj4ed27Wf2hBX6jooEA
DA:2,1,mUDsnWRiqW9R9nTILGKIZg
DA:3,1,4KXOIu0EzlFAqlH6QJ+whA
DA:4,1,5FnG87c05CviC5/4gpvcgw
DA:5,1,MrFDsS+/y9a+wzZb8XsCbg
DA:6,1,hShnGf6SZdvV1LEbSpITgw
DA:7,1,Ux3Z6ya1JDJT008OmoVf0w
DA:8,1,7qyEQ6RddKiipSGbK8K7nQ
DA:10,1,uukWBj/XJa+FB0GJC4XZsw
DA:11,1,4NNcZS0UK9ZjnYvmm49ZwQ
DA:13,1,pX7M3jmIgXgEhWVGwuibrA
DA:14,1,moBRoDkCEH75iDT0IpPvcw
DA:15,1,aktE5nQwo8BSDb4r6Cl++A
DA:19,1,gMqanpxXLw1GSN2xaNgoBQ
DA:20,1,MDU+f/dDBG/Qtzpa2LuNSw
DA:27,1,Yfk74hENi6n3v4JrNTyHag
DA:29,1,gDNbDT8gwfnc0sx5R+tEiw
DA:30,1,8uvoyGezUafEGa7FYbmTWQ
DA:34,1,/JMGgXfmCiy1vzaWJ2r0tA
DA:36,1,qHee4G0iKeyNlftfwn8TVA
DA:207,1,j+CcxAIEiLeqjzkbiEHnZA
DA:239,1,wZs9IgCYYXzWmrXa+L1nhQ
DA:312,1,ehm8fsEax2RmGOVbXRthug
DA:316,1,UIHvPYFbhOp5a1r2MNU3sg
DA:332,1,UzPNM9hrquE3aJtFcaV3Kw
DA:343,1,dDKVgJimlED3/fK/A50Sgw
DA:373,1,tvhIvtQLs9oxWE88qBw+Yw
DA:381,1,HcANMqPqcGFL3mWssPllZg
DA:415,1,V903ik6yt2Cb+fSqpuSskA
DA:489,1,vaN9+iHqQCRkDVsw/CGuRw
DA:495,1,HIBsWFDy9SM6g9d4QFEiZg
DA:504,1,GIjktJAZua2032VqFTqzig
DA:548,1,2g9b/mTqSrOaJsdrorx40Q
DA:557,1,ViZLIchtMnpFunZq1lz8EA
DA:563,1,OSmi03UFm4TYt6tCGQkbwg
DA:576,1,YuWputWjgG4TKeGv4NYdoA
DA:589,1,FPSy20PK8HVG0NB3XdPUdw
DA:596,1,HmADa1g/W1C2Vo9Wm4sNNA
DA:597,1,CoHQ2pK8qFOjxjjBUJwHAw
DA:600,1,MLBsc8Q8ZctJTRFNSB8jWg
DA:601,1,YGchFay6XiKEO8krXDf+Wg
DA:604,1,HxZdio22wPTy6U6gD30DQg
DA:609,1,yTot72NmPgV0iNwV552Udg
DA:649,1,n1X61pRzk37XeVNXVJf8nw
DA:673,1,GFbiFWicoEu2rjQqvOuw/w
DA:692,1,dpzvJC3F7/ADuqL55hSGzA
DA:702,1,kmBZh6yuEmkEMopfwBym0w
DA:707,1,qs1Nwje6ueNbXEHffl9hCQ
DA:716,1,ezyC7xddHFVb762bVJkGRA
DA:770,1,4bKnvd8mdU4xPDZX85wWcQ
DA:778,1,r16YmRBj6OW94l/fsCO1eQ
DA:784,1,HKsAtCAknWDFK7thKMT99Q
DA:830,1,+1UuD3deyrqOv6AQjQANlA
DA:22,0,B/Fo9U4/nMeRNS1JjGZVyQ
DA:23,0,Sw+J5TaTo8ek+FC+rL9Ipg
DA:24,0,hqpx/9wZTn+x9J71IqkutA
DA:25,0,NypEOqZjxluU7YVPwq4NHg
DA:189,0,zO0hCWWKN+GkeqInKV5cJQ
DA:191,0,6WR6BTnlvL180qvpGBcdHQ
DA:192,0,zQrVeYwCT2v/qjj9wZJcHw
DA:193,0,D2fpGgAhvhH9OPVCxqfuGg
DA:194,0,YhegGMa8E10SBWL3VhKxSQ
DA:195,0,zLuueT11+3b0kLpSrsRWAg
DA:196,0,Nhb2X+ZgCW28kJJQWCSbyQ
DA:197,0,Cf8sanzUVyVP8g4RAn0KSg
DA:198,0,shtkxYRZ8zMJeruHNwtwzQ
DA:199,0,reOm2Hsnw/B6IAaq6P+XUA
DA:200,0,MlajeXWaPFU2SIlRWV0DFQ
DA:201,0,W20f38cpWYJOiSvzSzpz2w
DA:202,0,dLLiKgBLASmyRkr3BDaeAw
DA:204,0,FJsKDipRGjB40a1vVz5vkg
DA:205,0,WuzB75vSVfEfjcAj3tszug
DA:211,0,oGMgGvvIhFWVr6mAran3BQ
DA:212,0,O0mANWjyVa1pRNuNrAvBEw
DA:213,0,jC/3a5agZ2VPBAvsJRxp4w
DA:214,0,E3gernz4SGTrrCuJP3rmzA
DA:215,0,143Bp7jT6z4/gxj4i/UOVA
DA:216,0,x8vcfMtYTtDqsKSb8hklDg
DA:217,0,Wt8vJTnvcxoiBdkyIy1krQ
DA:218,0,3gSwMsCtKjHe5gL5aJjgGw
DA:219,0,cli2vG7FkBpSIxG5WlagtQ
DA:220,0,2i6eTXaiOIAGcCSy67XD6g
DA:221,0,Rq3PtZsoP3Tfzn4/NlA9sg
DA:222,0,KtHqKtth+ZO5f/MRPkYFmg
DA:223,0,bAT+UJ6C0HcshT2JTVUvTQ
DA:224,0,FHch9vrh5mYMXCyBxbkhGg
DA:225,0,OOv+aFDPmLhXFcSh6bmUXA
DA:226,0,iQR1qdj8i96nxpoSVNZh5g
DA:227,0,57lqfX4u2Sc3g/qPstvPww
DA:228,0,twEUE5BeJpPhOZUXqA6t4w
DA:229,0,bv+Ol8q54KXk0jAsZQ8qqA
DA:230,0,Les0b2o7YhXuhumxRrByzg
DA:231,0,O/iEye71aIyOB7VX3AE5tQ
DA:232,0,6ihJnKbw5m/GG40Td8vpKQ
DA:233,0,mzhOeiztI4E5eXQRLBSvsA
DA:234,0,fkfYAqjiYXKnVVZ0gzAFhw
DA:235,0,+CyrIgRgodw4WG2oO52AKA
DA:236,0,lcU2wYMj8yu849NmANsL9Q
DA:237,0,dQ4kMm6HWYCeP8Udra2CGQ
DA:255,0,0BC9oWsEoIDWknWYTgcgNQ
DA:256,0,eN3pGoWc+aQubG4xg5AWrA
DA:261,0,D03J+fgTMcUBeXpCG2+BSA
DA:262,0,v1SJ9GhN8rlSj8CuTOniuQ
DA:264,0,KEXwVhDnPRvuexdLY9/kPw
DA:265,0,LxgFDEx6RKH1iKUy8cYA/Q
DA:266,0,zE651PtMxBSLPjhxw9Zndw
DA:269,0,Ry0wUoq+tYzGcZK5Kn1LtQ
DA:270,0,Zbv5xAO7SAIUHg7QIB9xTA
DA:271,0,egN2+UyXya1BzbFz/C7HrQ
DA:273,0,TS78ocomrM4pWAwZccd5Jg
DA:274,0,WBaT8RDZUxFaVIAy7Q6jsg
DA:275,0,AC0UvtsPB9rNU/bvf0EexA
DA:277,0,wTUHeoWbHtv28225hmR4wg
DA:278,0,Ady7MA6KgvGGx0z+zhd0Rg
DA:280,0,hDH6Y1HG0lt3LO+6j0TtqA
DA:282,0,paShyOjS9xu6g7CCQ26BcQ
DA:283,0,Frv1M0rNh1VvFC2ITbFkuw
DA:285,0,gVI3kcWiiCt0ADOQklyjzg
DA:286,0,l91yNgwo9MhY+qZsRBE8Pw
DA:287,0,lD0/uhI4miibIt0pIrGnRg
DA:289,0,K7Xno3prtBszsKaGGpjIjw
DA:290,0,YDJOHfngJkNoMZ7VC8xNHQ
DA:291,0,9M9QhmyxCDAT6pTrJoxjdQ
DA:292,0,WT4NtgfqtoChzWks535qvQ
DA:294,0,3uab9MPGK8zUhTCLnBghqw
DA:295,0,OdSqemyZrZH2gnYq7dQ6uA
DA:297,0,+3J38kwVA3dAVsWfSyWScg
DA:299,0,yiGKVXEQgwqKh/rQDVqD4g
DA:302,0,6QSaHr+yEsM2w1e1be+11Q
DA:305,0,inN7vxsUcE7Tt91ZOrYLkA
DA:306,0,iFJ9QqavJYDueqBiW+UQDg
DA:309,0,pM1VxRg2HI7ygJJKDcFTOQ
DA:310,0,5xYj1ZsrJeNysDAnKmg2tw
DA:314,0,9RuEoyKXiQMJXDSP42Co+w
DA:323,0,qjX2CyLf4IJ37DZq0chYpA
DA:324,0,x0+JWmQBt0LGx+2Jgtq1KA
DA:327,0,QuMiYcBn9ZITNRSEn4S8kA
DA:328,0,VAMyy2v/IZ73c3ylNmYrGg
DA:329,0,b3uU0IDBwYCcjwYeT7LNxg
DA:330,0,lhrLcMtYfEhDG0gVg6LmEg
DA:341,0,zwgDhdAHeIA6nlxlylh4KQ
DA:360,0,tjvJuz2Cr+hRXcjGtf+6bA
DA:361,0,1l++sRMjwF6py4Ih1Qn9ag
DA:362,0,d4CbGGVG4h3iaIEaA4mCow
DA:363,0,WZJHQFYH+e0w79TTfP0kGw
DA:365,0,PyoaaHJ99g+LXMH/xH9XvQ
DA:366,0,n05AfdIFALNK7eRaTWeHow
DA:367,0,R2c9edLES7hMb2r8Bzojaw
DA:368,0,7N/JFuOs+JgNw/t49ouLjw
DA:369,0,//Iz+vupVeOEf0B3cemaMA
DA:370,0,A5uwYAhMB1IpiKOHnC33Tw
DA:371,0,Y0HWV/6NrFJeN6Cr5/IIWQ
DA:379,0,nnJiQVIlEJl1BwdMN8lw/Q
DA:413,0,JayweZ6zHhJ/TpI3NfX3uQ
DA:436,0,7mAT/3XDf3B2fSY7R5tBMg
DA:437,0,PdTvAFaXx2z6FtFXCpNY5A
DA:439,0,tjvJuz2Cr+hRXcjGtf+6bA
DA:440,0,1l++sRMjwF6py4Ih1Qn9ag
DA:447,0,G7B7HPjJh3AwG5jn3bodFw
DA:449,0,j7epT5AK21WUL04yEFtKxQ
DA:450,0,RyzmfLagaqC5TJQ7bhuzDg
DA:452,0,ShXQz+Obe79gl4wymhPrPw
DA:453,0,Olu/TYCqrziaBC6Xbb7s2Q
DA:454,0,k4B+TG9qA3dzru8dYwD8ew
DA:455,0,4V/wDeLwfiBS7/M9yFxmXQ
DA:456,0,9wSb4L6uqwDu2yzLH5Tm2A
DA:460,0,j7epT5AK21WUL04yEFtKxQ
DA:461,0,RyzmfLagaqC5TJQ7bhuzDg
DA:463,0,knr2+k4DqJ7mFF5exEsuSQ
DA:464,0,fhMDy/m7MuWLhazXj6MOPQ
DA:465,0,k4B+TG9qA3dzru8dYwD8ew
DA:466,0,BTO1oyzbUFGbwXPyIbewZg
DA:467,0,GmVlX4jVJtC1o+gv96MH1Q
DA:468,0,RepH8GSBi9l+KOlkY6T6kg
DA:470,0,Can6Gdr86mI6AzEcMukt8Q
DA:474,0,BiZ6raucQrJCqidwpqv81A
DA:475,0,MZcVPUzso2Ol07f4bVDPew
DA:479,0,k4B+TG9qA3dzru8dYwD8ew
DA:480,0,yjmyaZrdgFpZUka77p3vWw
DA:482,0,sXbpA+E7lECe1lGUXu2YxA
DA:484,0,En2lQ6cjpLXu63Izhzle3A
DA:485,0,vh7NU7S5VRYhrf5FvR7v1g
DA:493,0,J1slaZYPmOqA8A/9N1brnw
DA:501,0,KsR6RTCILrLfyJ6/85yG1Q
DA:502,0,KyNdFXuCyJhm5wRKnsB4ig
DA:539,0,wPnCWJqgcfiZF+w7ZgIqJQ
DA:540,0,IDAUWLCSRRl08yfz9zwkMQ
DA:542,0,6fY77P5MqpZ52jkczXH4Bg
DA:543,0,eIvUHB8g7v9FA56KdnR8Sg
DA:545,0,yEsIg+DupeuFDEvRe/F+1g
DA:546,0,WS59fWHIVPgv1d0/MOpBrg
DA:554,0,6fY77P5MqpZ52jkczXH4Bg
DA:555,0,Bopo03CO9lqypqeGIpn6xw
DA:559,0,+3J38kwVA3dAVsWfSyWScg
DA:560,0,on2afBI7eYDoOZyXjs8fEg
DA:561,0,eIvUHB8g7v9FA56KdnR8Sg
DA:572,0,BsZBfiwQxgUQ4LLE/UqptQ
DA:573,0,FhWoz+kjjcHzdyVE2dXkBQ
DA:574,0,WGZX2/4XqBqpJCN42XEqhQ
DA:586,0,U11bw/nbbYqxe2TeBAl8XQ
DA:587,0,FhWoz+kjjcHzdyVE2dXkBQ
DA:593,0,Z5R/FZe0tW33ONnCVhX8TQ
DA:594,0,FhWoz+kjjcHzdyVE2dXkBQ
DA:598,0,clTto4DrimJVDkhkijfpLQ
DA:602,0,+RYBS+bFkPhbvJFn9ItPDQ
DA:607,0,l/dci9w7hLP0iTPaMkKwmQ
DA:615,0,G7B7HPjJh3AwG5jn3bodFw
DA:616,0,z1FY6hyPBCbZwMZY9KnRLg
DA:617,0,xjcDBnSwra0OiNOAYAwoHA
DA:618,0,3mTZFZAL3oyI7PtyyfWXrw
DA:619,0,BlqdTlhvN1JTxupJS5lPTg
DA:620,0,MZcVPUzso2Ol07f4bVDPew
DA:621,0,n05AfdIFALNK7eRaTWeHow
DA:622,0,7b4rc1/rpl0TOzxcJKWfXQ
DA:623,0,BlqdTlhvN1JTxupJS5lPTg
DA:624,0,MZcVPUzso2Ol07f4bVDPew
DA:625,0,n05AfdIFALNK7eRaTWeHow
DA:626,0,QY6V3S4Q+0oHgoD+1/nDsA
DA:627,0,BlqdTlhvN1JTxupJS5lPTg
DA:628,0,MZcVPUzso2Ol07f4bVDPew
DA:629,0,n05AfdIFALNK7eRaTWeHow
DA:630,0,j1BNfPunfFvIiy6hf5Cv8w
DA:631,0,y8PZncwM93fvfYaMDSbl4A
DA:632,0,0BrFUgzJ2eGmkxLiXbi9JQ
DA:633,0,X7AIEDjrh8Y7XozP3AFzHA
DA:634,0,ontIjLBbv5DWvhRiz69stQ
DA:636,0,5pQ+7dEeS/RBBYbBqy+xAg
DA:637,0,kycMaH6XbPuAfUpgfG1Lbg
DA:638,0,Da9IsG3rS+DktGB2XsJipw
DA:643,0,BlqdTlhvN1JTxupJS5lPTg
DA:644,0,MZcVPUzso2Ol07f4bVDPew
DA:645,0,n05AfdIFALNK7eRaTWeHow
DA:647,0,7N/JFuOs+JgNw/t49ouLjw
DA:661,0,znLuNmh+ltbtS9lq5boTbA
DA:662,0,x0+JWmQBt0LGx+2Jgtq1KA
DA:665,0,05lONs8qkfXeBnmpR1S0Lw
DA:666,0,o1BlwtylxaH+iPgl4MLnYA
DA:667,0,/qoEet6pwcf0YFa19blvjQ
DA:668,0,fZeUO/E0RSEON0+fw49j0A
DA:669,0,m6l+KPsCywlmIQl46HcKPw
DA:671,0,kzpUV6w5zNqFKqPs0CZ9yg
DA:680,0,znLuNmh+ltbtS9lq5boTbA
DA:681,0,x0+JWmQBt0LGx+2Jgtq1KA
DA:682,0,hBDsQCicvU8EEu+n5UXzvg
DA:684,0,PfgCZNKR+4FfQ+H5TZkSGw
DA:685,0,6t/Eh0kiFhiEDXj0kbveNA
DA:686,0,Z4Jr4ZrO2j95HCU7kSfCOQ
DA:687,0,t8AMA3YMVFJddfDo6OrZLA
DA:688,0,eGQ13TEeMSc30yMjLfMfhw
DA:690,0,6MEbRnHCUs5mcJURwBp5kw
DA:699,0,71CwLDXSfa7GsdB4rGvgIQ
DA:700,0,0XAXjQqvAqD5HYtay74xRw
DA:705,0,4AALchCYt4jooMmLZg76QA
DA:713,0,9JRMzA5Z7kU70XtUFEQ6rw
DA:758,0,eZS+1KaWS0/q0P+enxm2YA
DA:759,0,knnv0uRD6yh375AlAc+neQ
DA:760,0,ErlBCyiVz1AQpkcNExl9Yg
DA:761,0,COTCmJsITfCWuOfwFzFnWg
DA:762,0,goIgDT6wrZpCbJX8AK9PrQ
DA:763,0,Z7VHGfVACXpdEqPILHo5bw
DA:764,0,jPHJbUSxM5zTCjXTqhCdWA
DA:765,0,xjcDBnSwra0OiNOAYAwoHA
DA:766,0,oy3bSkHiJr/tExVpnO1q2Q
DA:768,0,+FFhZvmqNXTKiY/TanzLug
DA:774,0,nb3IHCoeDnTI9s+3ltw/Hw
DA:775,0,+GrOzaQViE1OBo1Na9cVKA
DA:776,0,XIHlg/KRJ/cxSbse9Y2gaw
DA:782,0,Bi3Ev4wwaJ8NzTpjSH9Q8g
DA:791,0,w2PfgyXnh4vG/S1VR/F0Vw
DA:792,0,j7epT5AK21WUL04yEFtKxQ
DA:793,0,X3skwB7NStcL6TLX972l1w
DA:795,0,x0FoxAzurUwOZXoJfL8Tpg
DA:798,0,4E9SlgDYI8RYwu/yRGQQ4w
DA:799,0,Uk1iEqLYWHwxE4nbWtF0CQ
DA:800,0,01eLAUvAPv2YVzthXuN8bg
DA:801,0,TWWL94Ac6aIDiJjr3ofl4A
DA:802,0,+7LQpO0xFJbcLpYBLZONyw
DA:804,0,oaMxUZ0mXWQhjLihPsuPYg
DA:805,0,Rrkz/Jrrn1dFixxE7fz6ag
DA:806,0,PZxjMoaJrCk43/5Xpa0aMQ
DA:808,0,bILj4pY/pxwJC6+WfN+YlQ
DA:809,0,rZoYbHNZnwGFaX0snSgn7w
DA:810,0,ZbEHMREHtkwujAKMYG0Ivw
DA:811,0,MHDNOnnqbSOBSdi5w8P+Ow
DA:812,0,IWyjY4mi3OLavV1n2lA91A
DA:813,0,+v5xwa6v0qyLNXafNmiGZw
DA:814,0,C08FSpHrQ7szS0UpIY4Hfg
DA:815,0,28Ma7yub8r8pZxXLr7WR0g
DA:816,0,+S8QXAL02AswGhdbsWeIHQ
DA:817,0,eUc1wXRZpjUU9qZqtjhN5Q
DA:818,0,4aUvGVwhulLD08S5IRb1QA
DA:819,0,9XmF9f+mTaQgzO25n9vN1A
DA:820,0,JAxkksXpHFFU1pJTdzTvqw
DA:821,0,ve+3CBadNvbr7w8ikiUKQw
DA:822,0,5aN2PbNzq5qQlAAzFysNjw
DA:823,0,pfqTyhPEUbCI605mwVGqAQ
DA:824,0,RVLeN06/dORBHPWYmcvLDg
DA:825,0,bILj4pY/pxwJC6+WfN+YlQ
DA:826,0,OlGeLiuOY+K1w/+GajDJyg
DA:827,0,OJ2q/EIoJjzyH4fGBTdBlQ
DA:832,0,Dbd5RUIg9GjgPuN3FfpWUg
DA:833,0,SXi7uymekrP+8uL09g/rdw
LF:301
LH:53
end_of_record
TN:
SF:/usr/lib/python3/dist-packages/pexpect/run.py
DA:1,1,mUDsnWRiqW9R9nTILGKIZg
DA:2,1,aaAPG7jy9GRgr+fPOQGgtw
DA:4,1,TFFmqt1apjKbGmKcTOnJfw
DA:5,1,6Wp4E1ksC+cbavANdMWr6Q
DA:7,1,/OL7rXEzNKRdXQ3XWlc0ZQ
DA:150,1,yiLJHer9jRH4JfC5yXrLrw
DA:95,0,afw7mqoZhUQ4doUG4V5j8g
DA:96,0,UfUXtqqMz7yCi8MoaNzGDg
DA:99,0,fwdCIs8csFC9hCnlKkJQ7w
DA:101,0,vJgkX4Zh31JstbdVwEeaSA
DA:102,0,iv4YVYedrMJuFqmg9UfRcQ
DA:103,0,qOnYs5oYOxBiPLCnPRblBQ
DA:104,0,7levZ7nRQkw0gj1RssR2LQ
DA:105,0,VvkguOYRv6rlY/R24+xBcw
DA:106,0,o9vgbU+mio+q6ped3ODRQg
DA:109,0,Y/dnCepGpFFGW/pWHsrYIw
DA:110,0,9M1pYcEXI/QUAMqj2ucWEA
DA:111,0,g4bU4m9nHHfW7PFyQO+zAQ
DA:112,0,mC21ZU+a5XOgNaJBvusAMg
DA:114,0,xjcDBnSwra0OiNOAYAwoHA
DA:115,0,n5ySvtAUKRb0n2U1DRyWgg
DA:116,0,LHRCnNotLAjweEf06gjMXQ
DA:117,0,k5kc1OIuwdYnplkIr5aQjA
DA:121,0,EksCK9N2t7es75IkzAV9ng
DA:122,0,cLqu0hgKgRh7/J/Y3JmtRA
DA:123,0,IWh5I4ovjciB50PzyhM4Ug
DA:124,0,llM9lAQxdCAnHArpss8h4Q
DA:126,0,6Hm0Hsca70PAd68eMuA75A
DA:127,0,jWkaBY+udcuQsBc9KiFntQ
DA:128,0,obVNzWQShg8+ft9IojPDsQ
DA:129,0,NiPjbDFVwG5EgCbzMqT6uw
DA:130,0,Hn6NdCZUCq/XQymIDYcYTA
DA:131,0,bILj4pY/pxwJC6+WfN+YlQ
DA:133,0,J7Xxlm2SyI+vAMdE8WUKtA
DA:136,0,I4G+8uznFVaUSr2x3Ccbrw
DA:137,0,ISGyBoSGenSivxGMiQL52g
DA:138,0,HHOrk49b0rKv0asV/B4VuA
DA:139,0,7a6iEiO6Zzu8yfez5LxOyQ
DA:140,0,zVjUEvUDs4HZoLtk0VFffw
DA:141,0,HHOrk49b0rKv0asV/B4VuA
DA:142,0,7a6iEiO6Zzu8yfez5LxOyQ
DA:143,0,mvBTuUUs7F0jdcgsoakA3Q
DA:144,0,011UqS5zndY5jPt+Ccc/1A
DA:145,0,tSDuLQVP/hh/ejKS90Jyaw
DA:146,0,RM6z1FSvfTzqamF7BjLXHQ
DA:148,0,K84EoTbajgyluf56Dq0daw
DA:154,0,Dbd5RUIg9GjgPuN3FfpWUg
DA:155,0,5z9pvLyWeGQkuTqBvue03A
LF:48
LH:6
end_of_record
TN:
SF:/usr/lib/python3/dist-packages/pexpect/spawnbase.py
DA:1,1,djX88PsAm5KyGVfhqnzYwA
DA:2,1,w2GKz22wq0CCqNxw6USuVg
DA:3,1,7Z9Lj4ed27Wf2hBX6jooEA
DA:4,1,mUDsnWRiqW9R9nTILGKIZg
DA:5,1,p7hNY1S5rX9QtYADf+cK4g
DA:6,1,hShnGf6SZdvV1LEbSpITgw
DA:7,1,pX7M3jmIgXgEhWVGwuibrA
DA:8,1,sTrh8mZuFtuuAANodaxsZA
DA:10,1,Yfk74hENi6n3v4JrNTyHag
DA:11,1,9gW3GyWbE5XIWAnPgebPKA
DA:13,1,sZvtsEsrXtQWHah6UQvcdQ
DA:14,1,Pr7qiAOB23xui4V7+nYZbQ
DA:15,1,KxgaGtJPkScc4OG7mJ59vg
DA:16,1,hgQMIDHG+6Kj61mWHZkptw
DA:19,1,KxgaGtJPkScc4OG7mJ59vg
DA:20,1,lG2oYGcfLGa5Nj2fPckfcA
DA:23,1,pLoifmVM8HjdJqrJizpThw
DA:24,1,7v1qSg9obVRqOt6fDkjniw
DA:29,1,bNZbxZlXlehgEj9LUA4DTg
DA:30,1,1uIIeQ1TZOb53JEUheJi8Q
DA:31,1,phQQDRBZmArX8lBZiJOFKw
DA:33,1,my33eMAfOKRNnidEXnp8Zg
DA:124,1,/QmN8+0+gEjsy2B9IIoYTg
DA:136,1,kQH+EaZalBfGHCQlZ7NcWg
DA:141,1,No/aEgc6WprQl8apkIliHQ
DA:146,1,3HdiVLdJwV3gZ19SLJDnSA
DA:149,1,CWK63BWQjR67cr1UcerIUw
DA:155,1,Gb1J8BmEFC+e8ChEIAj2bA
DA:157,1,Pwk/wvYd21jlJW9eqLJq8g
DA:182,1,cAA/T21C/mh9RUr2gCq1DQ
DA:192,1,1eP+A6HDbl+1gNV3uuHhhg
DA:240,1,St8WytOX+mYPKhz1E1e0hg
DA:343,1,HC3ZoxggWMBsOpIsxqtGOg
DA:371,1,nlbTzGhMxgOTqgXNuLHwxQ
DA:420,1,G0WaiN1jzrZT35rFf7LDww
DA:430,1,VZbp0ihhK6ykkmX1lo9ULw
DA:459,1,8Toeu8CU/Pekt6GJ52lmeg
DA:480,1,14/FJ08LgnjasFiR9+VXyg
DA:485,1,I1zITecU2Uv+yRJwyiVSNw
DA:501,1,G90JbndIXoGydy3nwmZozA
DA:506,1,4N/djU+fV+e0TA8j9v+afQ
DA:511,1,UzPNM9hrquE3aJtFcaV3Kw
DA:516,1,mnoV0T4hEkr2W8HjAfJidA
DA:519,1,bxaQ/aTfkbD2njKCzntISQ
DA:17,0,iX7Q3CYbMsKz6tK3+NbOAQ
DA:21,0,iX7Q3CYbMsKz6tK3+NbOAQ
DA:35,0,NbGoEJkrotx4CV0MYlBpvw
DA:36,0,+pbFGptt2iDoHdlxKEJVNQ
DA:37,0,Bik6rLGek1Afyt+JfzIfFQ
DA:39,0,11tE9ki2S794uSRUe8Dw1g
DA:40,0,/MJsfIM1eDEKNmueHN6djg
DA:41,0,tqUQY/bxI41fdDPnKaJo0g
DA:42,0,FNRqiZZ3y7hmQsfh3SCpNQ
DA:43,0,v+vSE0mYJq5mQHi+j7+VPA
DA:44,0,17PdOrsE7rYTtPsBHvd7Jg
DA:45,0,m6l+KPsCywlmIQl46HcKPw
DA:46,0,mTplZSOTyCqeEtCMShkDEw
DA:47,0,FcRApPP73cd+xfSCDaKXrg
DA:49,0,kpHhgwTNoOq2cmMSD6Btog
DA:51,0,b3uU0IDBwYCcjwYeT7LNxg
DA:52,0,Vsc1+u7vj5YaI47ooLXWyQ
DA:53,0,hTj5SIQThHtdsgsmqJaVuQ
DA:54,0,tq34KoXFqxJCTVsd/1H9sw
DA:56,0,ZgPTg7qbUIcazRt1Piy7/A
DA:58,0,n1aq5OaqEV0us6DqZ2elBg
DA:60,0,nYntgnOorMKDwzutSS/DKQ
DA:62,0,CqX5ruTxckXrj7mkA15uMg
DA:65,0,jb8SNezLd3WjpfeOGv5l+g
DA:68,0,mD3MbAOJSRNNdwCmyZPA+Q
DA:71,0,gLK/7zy5S0vSdAOXC9nHwQ
DA:77,0,REYiLr4v6u+71Eu0ELw/+w
DA:78,0,1CGufAgJf7hD1Hxxn879dw
[...]
DA:471,0,0jC/UuaVpOOEpRlKZ62/jQ
DA:472,0,Qm3x4EmTcn5M3J+k+TDNZw
DA:474,0,iHRyqrwKdTN7jyp3achA2g
DA:475,0,rxPZ0jgiHxXDNPB8TwlBUA
DA:476,0,4B6Ceiu5wesV7GCdgn8YJw
DA:478,0,f85cyfUdCVjP4Aql6W5ZPQ
DA:483,0,FiNxJCl5vtKfOEuys56lqA
DA:493,0,vnpX1g8RywfVeukguS5fqA
DA:495,0,E9j7Os4DX1fWfi3vy7y5cQ
DA:496,0,Z+o3oyoYoBIc76ZBHZzrPQ
DA:497,0,pOJwuGdEbe7GLbMcySd1QA
DA:498,0,91XPRwVgwMtzPV0i1vcbKg
DA:499,0,UmVmQa+F2TYFyZuI0aTMqQ
DA:504,0,WXkoGf+4Wjs8XnjlFP1uUg
DA:509,0,wWvyVCzDRWfTVXhFZNNl1w
DA:513,0,W/g8GJDAYJkSSurt59Mzfw
DA:517,0,ackOWdJx2/IgtB/ELuvQJg
DA:522,0,EpHlQwHaKaJyl+E7ePQheg
LF:224
LH:44
end_of_record
TN:
SF:/usr/lib/python3/dist-packages/pexpect/utils.py
DA:1,1,7Z9Lj4ed27Wf2hBX6jooEA
DA:2,1,mUDsnWRiqW9R9nTILGKIZg
DA:3,1,JHazmAa4ZPvgtvbYWt+uTA
DA:4,1,Q7C25mPkZG6RO80V7lOLKQ
DA:5,1,4KXOIu0EzlFAqlH6QJ+whA
DA:6,1,hShnGf6SZdvV1LEbSpITgw
DA:8,1,RuZ5KcncCoRYUb0REMXZIg
DA:9,1,ALRDT0exf+Pk707f6TkU8g
DA:14,1,FOJJGiJ/ImSGz9QuT8ROhA
DA:15,1,gJyxA6dyPnxbN4vlNTjEhw
DA:20,1,dZeGEJge80UFJuGh4dCeeg
DA:48,1,C9a+jR7eC5q6i46pos0DvQ
DA:69,1,5cggQCnGLTj+56wZfQ02DA
DA:130,1,2lVYONW87JH6pojg2kKi+A
DA:159,1,qiNaR8KwmutvKVrtl4//Vg
DA:10,0,YmVxZIWd/jmgbbRFOU7OqQ
DA:12,0,1aFVv2qQA4Tc1ygLpWuxlQ
DA:17,0,18xJsuRn5NSW5pF/67hz1w
DA:26,0,fzMYphtpyd131WPIeJNs0g
DA:28,0,ErWFdb/yH/FdOzyVjTS6kw
DA:30,0,W/g8GJDAYJkSSurt59Mzfw
DA:32,0,AtH6jnYMe5C1IBEzyadgQA
DA:34,0,jrhC8XegtLbvY1AtnTIX2Q
DA:41,0,b885cmuAkxyyzObzN+8EBA
DA:45,0,oQdcv0Oe9HIcxTXgywLIvg
DA:54,0,RbJDKfl6i3oTdW6gjQ2B4A
DA:55,0,jpaET2hifra1c7f1k4Go8g
DA:56,0,QqxpI3ZrGBBBlxbKMMTT9A
DA:57,0,Z7Af90Ki0mkgzXy0gc/8bQ
DA:58,0,HY7VADd6uuxkkm0Gtq1r4w
DA:59,0,pjm4Qhi7enU+yE3930IMRQ
DA:60,0,uTNtWKfJP17T7LfOkAO1Pw
DA:61,0,7tNmaJbGVaZWFl5t65uEbQ
DA:62,0,gxXDQbNxHg9apDLTGESRTA
DA:63,0,r6jNLhEH/fHUt04aGqFprQ
DA:64,0,4awyx0xfwyyDSg/SVnD82A
DA:65,0,82FBbpT2zDGJNUz6RmEfHA
DA:66,0,UntDfNWeIJlMcYl/4Lg0pA
DA:76,0,2N914Qjj9wiRdkWHzxNgBQ
DA:77,0,+0flm9WdMBPcmxx3AmdZUg
DA:80,0,6FwNxc8hhhq0BTbcMfSS6A
DA:81,0,QTwpgrXzu4X0WYmK5cLF+w
DA:82,0,MSaT30eEO8FsM4wTtxIB9Q
DA:83,0,ApmA1Qomqmi/1E7xEgjbYw
DA:85,0,5S2V8BRZNc5JpbLp5h/WfA
DA:86,0,YF40NUcNO39PVrlp2JwyWQ
DA:88,0,lVrhFLrSyhDG5HNNgK1DQA
DA:89,0,ujORM6241aVP4fjM6YSnLw
DA:90,0,2afCWL4cNhiZPp7+BmJKaQ
DA:92,0,8kub2mC7FO/oUEFr5J21vA
DA:93,0,cL7EEsfMhOe3Bj2WlAXNgg
DA:95,0,GJiKgA6qShfvlEy9BoUabg
DA:96,0,ItirJEcT0pu2C6Jea/y5Rw
DA:98,0,GaSlAdGUnuZUdgQou2yZkQ
DA:99,0,Gr0Advtso/39TuGr2IPwQw
DA:101,0,nv3OWNbNC9pXIXX89KAkhg
DA:103,0,/r99tQZQOEUoaHC4mbON0w
DA:105,0,t9QKwVQkOP0EM18tkZkpvQ
DA:106,0,9F4VgOpM1gBIIqgvnt5UTw
DA:107,0,17E82zMd0jcBaGZgn426OQ
DA:109,0,lt5eRsB+iK9cw2Yz1iNcBg
DA:110,0,hwbpMUxcPm4we1DVgYo20A
DA:111,0,a4KNvnCEZmCZaWvSRwPpIQ
DA:112,0,MwhzvriMhY26LJ+IGsL/SA
DA:113,0,e8D9LXLIR82A81U4WNI5Vg
DA:114,0,XID6KdbRII6JTz8Me4hg6g
DA:115,0,GPr9pZ5H4Zm0lO/MZtJt2Q
DA:116,0,hwbpMUxcPm4we1DVgYo20A
DA:118,0,lt5eRsB+iK9cw2Yz1iNcBg
DA:119,0,/ZTxPHDh7F+7cGB6ebFj8w
DA:120,0,hIGSlSx0vEY5Cs/J59fpGw
DA:121,0,hwbpMUxcPm4we1DVgYo20A
DA:123,0,lt5eRsB+iK9cw2Yz1iNcBg
DA:125,0,3AgiPvsvNdLkfMHDTZZXdQ
DA:126,0,slBfp56dUYrDZqGOH4jqwQ
DA:127,0,BGVBQ2UsQ5NKBmzds+jgqQ
DA:139,0,YWQ4VijT7gkGyMexhJoKrg
DA:140,0,SryrVhLuZOuA6UcVTZc4bw
DA:142,0,xjcDBnSwra0OiNOAYAwoHA
DA:143,0,tq/9EhzZbT4VLeL916jeWQ
DA:144,0,JN8t3F6umUh8T2bxmhdl3g
DA:145,0,oarziA9WzqXx52Se/jM/tg
DA:146,0,U55TRmCOytEsNYAuC7/mrw
DA:149,0,IBvf45tdtXOs6bDHKVRLfg
DA:150,0,rtQwMGiHYzxu4hjLajP1IA
DA:151,0,/4EBaFer9WA5S3pT8JAWOg
DA:152,0,FKOeXSyIp3/gBhEo0M+HBA
DA:156,0,4KPteOV7m05nTadkfTKqYw
DA:163,0,YWQ4VijT7gkGyMexhJoKrg
DA:164,0,SryrVhLuZOuA6UcVTZc4bw
DA:166,0,5eJ74F5WYfBdutSK+GIMXw
DA:167,0,zN7EtmXAB7qRVWISWM2rJw
DA:168,0,doxTRxVDj5zgaGOIUfWoSw
DA:171,0,xjcDBnSwra0OiNOAYAwoHA
DA:172,0,tUNmN9XZQ7IHICp9YI6oGQ
DA:173,0,ipOzz9M+/vWNGJpn00COog
DA:174,0,NlIjJChJ7ZbKZfw+9kaI/g
DA:175,0,JN8t3F6umUh8T2bxmhdl3g
DA:176,0,oarziA9WzqXx52Se/jM/tg
DA:177,0,U55TRmCOytEsNYAuC7/mrw
DA:180,0,IBvf45tdtXOs6bDHKVRLfg
DA:181,0,rtQwMGiHYzxu4hjLajP1IA
DA:182,0,/4EBaFer9WA5S3pT8JAWOg
DA:183,0,yi28UVgz6QdKSZmyibBODg
DA:187,0,4KPteOV7m05nTadkfTKqYw
LF:105
LH:15
end_of_record
TN:
SF:/usr/lib/python3/dist-packages/six.py
DA:21,1,tWGUWoqlkMhiEPdTvSUrig
DA:23,1,xymRVmeCoF1KMRXQYVMV8A
DA:25,1,rP4JHqAK36dzp9gm59AGTw
DA:26,1,S7y4sCZPz7Tt9orve1SZGw
DA:27,1,LLdv2p3EUGUMcq7ncGKSXQ
DA:28,1,mUDsnWRiqW9R9nTILGKIZg
DA:29,1,aaAPG7jy9GRgr+fPOQGgtw
DA:31,1,BnhTSDoqaUA0yT23MlsPyA
DA:32,1,Y4IFDUjHMHGoLbM7zEsL3w
DA:36,1,tCR9jZPxVNJTOR9Z5VLLKg
DA:37,1,kyj81ZDfOCEW6bVDsznvfg
DA:38,1,nLYk6dil/YppbqH/lyoZgg
DA:40,1,doWrbVupJgJAfioRb7EO5w
DA:41,1,NKq4SE24a2+3Ak9KPmTKzQ
DA:42,1,9N5icHLWxWGWrwIVZvocPQ
DA:43,1,6DFmYC88tNzOyzs2+CzKTQ
DA:44,1,v7zG68uJruWBuFfn/RZKUA
DA:45,1,oK05NmjaBMpy//8zAy5Drg
DA:47,1,mhPY2XYon13qfPvPLdq0Bw
DA:75,1,KFcirSn7LEEM9PwD9tJ1kA
DA:77,1,95uOFqFk4tWTLinn+9TwDQ
DA:80,1,1p7+YWHQZOje9FkbjfPwAQ
DA:82,1,u96DER/qzM66ebtdTgRkkw
DA:83,1,5ANpIFknEGtNXEsl6v2v7A
DA:86,1,ujiuDuqdVZ+7Rb8mtUpHDw
DA:88,1,18xNb1vabhJB42thK26OGQ
DA:89,1,BK+foMhfUltpwhLaXPLX4g
DA:91,1,/x0icpSa98gm0lEyBTfyAA
DA:92,1,37ZvAu23mRbY5Wkz2hb4LQ
DA:93,1,JiOUAQ29G6nLwJbSXR47nw
DA:94,1,xjcDBnSwra0OiNOAYAwoHA
DA:97,1,2evsB+pNS73P4GVsv4eWBQ
DA:100,1,cPa3dAsIk+eSRfSpgwNsyg
DA:103,1,oeSt3sZpG1BS71J9c1jNeQ
DA:105,1,UX23vd5isfKP9MBnH9kkaw
DA:106,1,QLmhXzV56EnprsYOX+PVgA
DA:107,1,z3pLRQG9Egr0PiESB+YiBw
DA:108,1,ffuXOxykz7hiP2zccHBCnA
DA:109,1,FDSiu7SYBLepdqMgtgkBGA
DA:110,1,104PUmTNNf7OpLF2721LiQ
DA:114,1,9gxOUFPj1tZ7C8a0FDcuXA
DA:115,1,/7Vyk7OE428X6k5j8RsNSw
DA:117,1,1DBuiEvAd1PJWLkfWa+ZaA
DA:124,1,qQFOcc+6W6GUVBe4OVkftg
DA:126,1,18xNb1vabhJB42thK26OGQ
DA:127,1,UTPy8mrOQmDyUMdtbQQopA
DA:128,1,jEzXNP+sM5Nr143Nouw1PA
DA:130,1,h+Hd/OAFFidyDiLHx89Eow
DA:136,1,PknTGkFpYQSjipgCSMKqVA
DA:139,1,mK7Au951C8gJHrk7EQrYRw
DA:141,1,0BthA2E7gUH0Zl+aS52uEQ
DA:142,1,8M3Bt0smK5hharkyILTaEA
DA:143,1,z3pLRQG9Egr0PiESB+YiBw
DA:144,1,b6hEqxiNG8fHD8dhdA1PMg
DA:146,1,e07bHqtQm5uHsakQ47bJ5w
DA:147,1,KtbEZCmqCoj6Td7RSCr/VQ
DA:148,1,mAKcqFqfKrTepuuRl1cq0g
DA:149,1,aY8lSKaQbd3twRTBy6CByQ
DA:151,1,J5dUuU4rnezKvyL5fhzMTg
DA:152,1,H2e/xMMPhQFGrzBi0Ktpbg
DA:159,1,9gxOUFPj1tZ7C8a0FDcuXA
DA:160,1,/v0icA0WZLhxsOnkVO4ocg
DA:161,1,+ljhB2/G5+tBZyoBKEDyow
DA:164,1,QvPgTVO439cRFxYMy6YUvg
DA:166,1,/ZvqiDY7XVzMiSFdpC6ZCg
DA:173,1,FqX0nlRkCZxNvFMEuDEVMw
DA:174,1,JFFXdrbfPMGfx+6xo/wIAw
DA:175,1,Dlf1wNX6bJEd9G3nXoto+Q
DA:177,1,MWoU+Lw/3/hNg3TujSQXDA
DA:178,1,v2K7OMsaKGWh8XvTpWSlpw
DA:179,1,gBr6GtOAbR4evGnjYVJLLg
DA:181,1,npm6HoXHsUkDNtepG9IJvA
DA:182,1,ArK7uu8tUmXZLgLEKTwGGw
DA:184,1,LsabRjnXxZJfvbvcYKzE4Q
DA:185,1,sfoDuZPbL4WYYETFfGr85w
DA:186,1,mG+Mp/zmfsGieDylC8U5Ew
DA:187,1,apkQQtiiE4JOuDIBvLOUjQ
DA:189,1,U+k4aRN3i7P5TCNu/ob3pw
DA:190,1,xjcDBnSwra0OiNOAYAwoHA
DA:191,1,qZInzlVOzvgLoUMXGltRLQ
DA:195,1,jqDBa8/h4gkLsHJDvIbQ5w
DA:196,1,xjcDBnSwra0OiNOAYAwoHA
DA:198,1,DOwWzkSyOV62JuVXsoB35g
DA:199,1,Iyc7OFdUwu47XssfhAqplw
DA:200,1,B+ZJQ8zBxPMiDZhsnR0Fag
DA:201,1,OyAd7XQVe5AsqophRH3NVg
DA:202,1,OULwuR/spHGxg5Ge+EwjIQ
DA:205,1,qaK2YSBHn8X2obZGA+pMqA
DA:206,1,HhCJS3syEkHS96AswVdQww
DA:207,1,eDOuNrzI1YWbesS8efyVFA
DA:209,1,d2gBSwZ+d0iWOoo/p+4H8Q
DA:216,1,A+aTSnmukCggbg1vYlqKjQ
DA:218,1,1/MDk6uUzFzrhdO9nhBRQw
DA:224,1,nHxUchdAi5AhCUP/3cf09A
DA:226,1,dqlM0xhJ7K3GeSEODXw5rA
DA:229,1,xCci7pjZuww25+j8HXylng
DA:231,1,L4nhhTt7VpLFBxZ19yTv6g
DA:232,1,vwEWfZ1GJ6scZvundhPGVA
DA:235,1,7mIGFt2zjN3PqFI6/EADKA
DA:307,1,w41vn66tdy00/yVzI6zmoA
DA:312,1,XM+i0EacdjdQ8L/NE0irQQ
DA:313,1,uAIAv9z7MYQypoweh/AnsA
DA:314,1,/fr5I+RgIL1a/pBQ2GudAA
DA:315,1,RWkL52D2TSFbvsvoOjyu1w
DA:316,1,MHfQcgrg71kTFMc+CvAO5Q
DA:318,1,MOKpGYAQ9BaYjKglgRAVcA
DA:320,1,dn4/nf0Z6ZdrJpL9x8P8hA
DA:321,1,rg0FdCfPYXeVv5XMGuAsyA
DA:324,1,Eh4RP6Rt5mxr2Az8xrxcjg
DA:326,1,GMdnjmxlQq7EIH/6X5eOeA
DA:329,1,YZzthgWonS2AUjPYBFmgyw
DA:356,1,q7b8M5U9zko6smfsjWQ8fA
DA:357,1,yczSx7UQsR+Nosz6LtXOUA
DA:358,1,MHfQcgrg71kTFMc+CvAO5Q
DA:360,1,r5TzFC3p3aiNkWv6u2Copg
DA:362,1,PI5mk9PC3GDnMYinZyIM5A
DA:366,1,FA0TKVAowk1VR0c7FdSrXg
DA:368,1,9M/QIkPPMkIIMpkZNCjuYg
DA:371,1,mkwhFIYkfuD/uB/S+PMNYg
DA:376,1,pyKel4ZhmHkfjMZEfGKtOg
DA:377,1,B+yt4S7BWfotub3qX6hZGA
DA:378,1,MHfQcgrg71kTFMc+CvAO5Q
DA:380,1,Yjdegr6oNQY5E+KE0Y3SfQ
DA:382,1,Iri4IXB8Tf8b+rlkkGmTCw
DA:386,1,RUPqu3xFsEMnLdaraXQf7Q
DA:388,1,tDdQcy75+vGu+34Lk4PbzQ
DA:391,1,0+vuhIC4LgJsex6aDgsErw
DA:428,1,knshRNaQsbhlbNTVjmAB0A
DA:429,1,HiAv8lhhDWbO74XOHtH8EA
DA:430,1,MHfQcgrg71kTFMc+CvAO5Q
DA:432,1,Td7guYDgBkHV4RiyYM9A/w
DA:434,1,aPMfjZtfB/A0ZOxN2c7/zw
DA:438,1,Y6Zb8FSv9XfBJRGUyEEErA
DA:440,1,bV3cz8vSDgVPSHiiQxR6+A
DA:443,1,YoqJVULwD14TiSgrrB1KRg
DA:449,1,4fwbk2QT6FFEnE8pex2eJQ
DA:450,1,XQM2zkEYo02fLs59rJacjQ
DA:451,1,MHfQcgrg71kTFMc+CvAO5Q
DA:453,1,PTIn1NrgTtdXYSh8c/gWlQ
DA:455,1,p7jdfW9saUHT9Xc92Rgbsw
DA:459,1,lvHM1JqAK76P4TyeU7rURg
DA:461,1,Rgsc/oE6q1ByM38XlElWZA
DA:464,1,0vk8q7oWnVPIiDt+yE1k0Q
DA:467,1,FIWOKNda1rKawV1xZlwvWQ
DA:468,1,rr6LwfTi3/AN/R38FJZL1A
DA:469,1,MHfQcgrg71kTFMc+CvAO5Q
DA:471,1,QfUoh+7sKjgW08Eh6y25pw
DA:473,1,3crwYCE1cX4WaahzZhWGIw
DA:477,1,IVZNSHTzV6AVcG/9rb3/kA
DA:479,1,8l5pR0uZja6iiz7MzQCcyw
DA:480,1,vwEWfZ1GJ6scZvundhPGVA
DA:481,1,rwC0KxtrppjK4hgVR9TVWA
DA:482,1,hODuM0usvfVUNueYV151cQ
DA:483,1,B7m5jC+2SOxRXY8Y27RB2Q
DA:484,1,7/qwHCu3J75xLp+itf0Dvg
DA:485,1,zSYbuThQ1ScNSBEkQWXh3w
DA:487,1,h+Hd/OAFFidyDiLHx89Eow
DA:490,1,QYURsLnlGRprLCrSzY9yHw
DA:494,1,yLX4Xf2dj0MQt9G8qV9NHw
DA:499,1,0iB2TfjBFVKlV4gBAi+xzg
DA:510,1,doWrbVupJgJAfioRb7EO5w
DA:511,1,mlxcVhqop11xqyHny7FcMg
DA:512,1,Zf91ASUw83htAP3/aihDIA
DA:514,1,kQ85amSscU+rOv74W0eO8w
DA:515,1,aizEeOhToiUGTS8UXSUPdg
DA:516,1,2Ktyk0jmwL9dm/HEabwScA
DA:517,1,iTAcaJr5/WpvqtfeU+p7yg
DA:528,1,RuZ5KcncCoRYUb0REMXZIg
DA:529,1,ZLwheAQvd8NgGrboW4cIAQ
DA:533,1,7StZBorBPaP4147Z4Kpokg
DA:536,1,RuZ5KcncCoRYUb0REMXZIg
DA:537,1,nI3m+alIxqJLycYJfy3OhQ
DA:543,1,doWrbVupJgJAfioRb7EO5w
DA:544,1,W15gQEfEcif8/NHYGksUcg
DA:547,1,F/k7U0zRyriGsvou8yrY4w
DA:549,1,DhhdkN3Wx41tWEKBBxIPFQ
DA:552,1,VWuVq6Ysgm8nUEBFrcdOyA
DA:569,1,wyzcU9CC2LwgCJj9pscknw
DA:573,1,U3VkF8LPSlUGii5OZCAASw
DA:574,1,NCeJiyW9umRdO7N2Zo6lmQ
DA:575,1,zd6EKn/K1cSKdkgUZiPe4Q
DA:576,1,7Q1IKzUvXM8HGYL6YPfatw
DA:577,1,cojbwOSw0oCuC7QYhFhHxg
DA:578,1,DalQZiGCsgN2P53bDh5wLQ
DA:581,1,doWrbVupJgJAfioRb7EO5w
DA:582,1,zlvVSkP8NHzJeIw4bTS6YQ
DA:585,1,K/Yx+COIilQg8sCWnpsMWw
DA:588,1,IfCIpJMedKUycYAgDHfUBw
DA:589,1,V5AeZVT3Gszvp+Z5qiCKUg
DA:591,1,Kckgh8njXMact7nP1Ok3FQ
DA:594,1,fejUrlTF4yiFk7CrXD3GvQ
DA:596,1,lkapr+O+7H/MeCvTYw6rZA
DA:598,1,hCgqE2hoXB7CZvGubyTupg
DA:618,1,qgboRLuByy/yPc3IPRTNkw
DA:619,1,QGceQ5gGKT9tyNwaXXcKlw
DA:620,1,ZvU1OPc5blSqQgPLI3n5mw
DA:622,1,24IqzmBSDddP+D2qqMlG9Q
DA:626,1,doWrbVupJgJAfioRb7EO5w
DA:627,1,RThxbXap415r5yIkZ6mtkA
DA:630,1,yc0FTu2WQKXt2RhDJRZ75Q
DA:632,1,QLBEuxWW6TNPDk6sXIURPw
DA:633,1,qAH/dYS0SjI1mJnVw0Wlfw
DA:634,1,LBsrG8OUJV8uaj7B1JiJIA
DA:635,1,dNyILcbXw47J/0180SH/wg
DA:636,1,aM68Pswadt/WWBJwdEz01A
DA:637,1,MJrGmz16XRYK9zbemvSTJw
DA:638,1,vMAFf/EikpHdzmmmBxgTvQ
DA:639,1,t69LhOrYrhN9k2TQ2py0GA
DA:640,1,ltJ/T8vDxnP6oIr0RdnrbA
DA:641,1,ixZBi9nikyM9rEPK7+7vWg
DA:642,1,fxK+DPxxdNZFc+hT05iBZQ
DA:643,1,VXrt3QOXWNAPXJuD082Xsg
DA:644,1,8H8srYK8KgjVVKdZs8z7NQ
DA:649,1,us5KcCHR1HuMSzodqgKGMA
DA:650,1,6l689BZNfYrKMQJlzecBfA
DA:651,1,Nj4aUnnIEldChRID2atfgA
DA:674,1,6ZLFYyWxsvSsieU6jN2WbQ
DA:675,1,en/9SG7aaKrkbC8VIpXcHA
DA:678,1,Ka3H3N2joxflDtKSP6r4sg
DA:682,1,Sdqzla+jgrzD/hJ7YHkdCw
DA:686,1,dlApP2ujiMzmc75pFs1Lqw
DA:690,1,qEJwZ8joKsEEmm1HKbMM1g
DA:694,1,doWrbVupJgJAfioRb7EO5w
DA:695,1,vZoi+qRiWiXSr6PrXcNpGg
DA:697,1,lg/6aMKbp2MIXO51qShHJA
DA:729,1,n4KQPID0dEdZUfIAvbrkGQ
DA:730,1,KAmR9CHbUOfFMdP0yp0mSA
DA:741,1,BOJvOk1B98y1bwa4atnuhQ
DA:742,1,cZjLgPIfTnuQMAYiKNXeWQ
DA:796,1,JVsg0jfd+ETQgCBOGqvZhw
DA:806,1,lEq7yFALqqS1uyjHxb5zOQ
DA:808,1,yX/vYLAaJHeQgMRHb/XZzg
DA:837,1,1o2mo3dRS5cTYzKzCTaJrg
DA:840,1,jaExX9P4DOeZkU67FWXl/Q
DA:864,1,OC1OMbB6K6l4Mikziu/UDA
DA:866,1,FUlGlRQlu0nTzpBkxscYDw
DA:867,1,KnSVsZS6rvJ3dqSYiGY24A
DA:868,1,8aFnyOk3nIv/00x+I6EuHg
DA:869,1,sJ+9t6hxdDpopIYv4foEKw
DA:874,1,1rs7ITPSV6Ode2JqDfT03Q
DA:875,1,BaKr7TacRhNaXTB1Utiv2w
DA:876,1,y6/4JEAeyyKuHbyBo7KPZQ
DA:877,1,aoZth1m/6PVRtIjPS9yV1w
DA:878,1,sNOO3uEeQZ5eUBPPrrjEJw
DA:879,1,uLR4Zy6Vf10KYq89VxqnSg
DA:882,1,jZrmarKBl6Sl5lWF5zecTA
DA:901,1,NcNyJ5NYBJDcsD9b0laZCg
DA:921,1,bXwulC3HtBojSmg1iCawpw
DA:940,1,4j1OVfGaqTdEPWreHwGfrg
DA:961,1,XnO6b1M8Y9C2XWdJPTFOWw
DA:962,1,ZHwX92GCCIXgppdotdJxSw
DA:963,1,fxTEAhNXUPPQ7bJuYCYmFA
DA:964,1,7/MNdMIDGG+2M+tvv8DWgg
DA:968,1,+0tUw04d4XCTDiItUw7xJA
DA:969,1,VWHaljcD8LAt3MSAmA7S4w
DA:974,1,ELvn+EcKR6kmB5CUvlCwrg
DA:978,1,eWIR7XTEgA/mg152XX7yxg
DA:980,1,0edMn7kgCg3cyEpxHuN3vw
DA:49,0,EBiMi108Ca76aZkS9IndWw
DA:50,0,xoXP+NnG6kDav0HIbbBhjg
DA:51,0,9CC2Ly9QUY7a8wLtxpPU+g
DA:52,0,83kX8AEtbWKWTkT6OZwT7g
DA:53,0,b3ftRooE8bWGCihkOea/2Q
DA:55,0,iVDhrGDqidKOkWhusRqCKA
DA:57,0,i7xrqOwabWx6joWK5NlmOg
DA:60,0,HhxRoe4uU4JuhvzsaKwE7w
DA:62,0,ZMfJQsYgHdKRUj9Wn9uCMg
DA:63,0,hEOijIr2NmPx76eDuOH3Qw
DA:64,0,xjcDBnSwra0OiNOAYAwoHA
DA:65,0,L1yvnvs6XAXCHJ82Sdkyxg
DA:66,0,lcMcSHSasR2+nwhz9abuoA
DA:68,0,DuxCz0OYGZ1yXnFmCXwwtA
DA:71,0,Flzro36Vo0LmOakqg2oaLg
DA:72,0,7CGPRTcg6jYrB9HKnFD5iw
DA:98,0,TulZRDVyZgwaluSyPp9m8w
DA:99,0,B+ZJQ8zBxPMiDZhsnR0Fag
DA:112,0,ElPSZq+EYobUgp1PNICyMA
DA:118,0,2pWrOCLFKtYHR7rUlcgykg
DA:119,0,ksdU3ICuA45suXQb9US1iQ
DA:120,0,aO1euqh3iz15c7Oqg3sbNg
DA:121,0,BorTe+0HQpcr3zDD5zth5A
DA:131,0,H1ObAeSwIgZbAXm91mwFmw
DA:132,0,Ks9yCLhGd4rlJNIF41EaKA
DA:133,0,KQ6dUxI1xCV6W2fUlWRuAA
DA:145,0,4CmxcbduyAeSmsmzFiZ/oA
DA:154,0,xVz5TnPXAFkLWNpEgqtxLQ
DA:155,0,avxKnK4+DsfB5H68Y60hIg
DA:156,0,E+TPwzQfXQZp7xFuC9Cirg
DA:157,0,O0ztPg8kL738G+1ETISg7A
DA:192,0,Iyc7OFdUwu47XssfhAqplw
DA:193,0,y1GRsmgpIdw6mUr/7j4FcA
DA:203,0,qXcElWOQeMVlwlFCi/NVgw
DA:222,0,TSBOQe4cC61LVxUhGxvS1A
DA:223,0,apkQQtiiE4JOuDIBvLOUjQ
DA:308,0,dR6lE1gdGT6T1A50w3TneA
DA:488,0,nXtcr0JrygUIS4zb1iLTkg
DA:496,0,WYcFe0kv/dWpjCQL7w5U0Q
DA:501,0,B/Fo9U4/nMeRNS1JjGZVyQ
DA:502,0,uGhzmaHMFWhUZg17YQJnVQ
DA:503,0,W7gQKZE150AQEaXFQIudGg
DA:504,0,xjcDBnSwra0OiNOAYAwoHA
DA:505,0,ztc00Zn1GK9ZnTADT19dpg
DA:506,0,Iyc7OFdUwu47XssfhAqplw
DA:507,0,9SBD4dYcb6g+lQ7Fd1s/Ag
DA:519,0,qRREenYn4c5PjoJTC0YoKA
DA:520,0,ULj8Wfa0ijBy9OIyhtMNeA
DA:522,0,YTs/o/nZP00n9+N5c0WkCg
DA:523,0,kFYvhchG8KxvF2O34S5rOQ
DA:524,0,CM8MNncQ1AlsBfFg+2NPog
DA:525,0,MN12OG4jrNTkw9ZmXWW7AA
DA:530,0,YmVxZIWd/jmgbbRFOU7OqQ
DA:531,0,91hTrHXNX2T/bmG2YUN3jg
DA:532,0,Iy7DKmj2HuZ2Il8crLX6SQ
DA:538,0,YmVxZIWd/jmgbbRFOU7OqQ
DA:539,0,BRjEVjM1HdoJD/ad7NEqxg
DA:540,0,hKgLdGIHFy8Qqk2C4Bk3Rg
DA:545,0,Lb0yfWVSBZso/46im8tB3Q
DA:550,0,z/xu0biDWVrFxQI/rvCfwg
DA:554,0,W15gQEfEcif8/NHYGksUcg
DA:555,0,R5ex6ebHFjCPOrE23UvgHw
DA:557,0,73GrTy/Q8MlZ+G3eithb6g
DA:558,0,Lc8zsg9RtPceCnlHqWl3Pw
DA:560,0,DhhdkN3Wx41tWEKBBxIPFQ
DA:561,0,+VCe9Tu4o5XienEBfQHUyg
DA:563,0,ipLBGZJ07ldga1a2emsQlw
DA:565,0,aG7Yg4H4JKrleXI9f9FuKw
DA:566,0,L/acBf3XUaNVOQqhUX4mbQ
DA:568,0,nI3m+alIxqJLycYJfy3OhQ
DA:583,0,V2Q01A0v6SQNXf84Jalowg
DA:586,0,N+YGyhMdFr2f526tba0Ksg
DA:592,0,8DQuMsk2cRFzD8GcCZMMQQ
DA:600,0,zlvVSkP8NHzJeIw4bTS6YQ
DA:601,0,aBzWy7X7FXPO/yZNfUxzMQ
DA:603,0,K/Yx+COIilQg8sCWnpsMWw
DA:604,0,wL73oJgPu4G5MHSZjgXTSw
DA:606,0,IfCIpJMedKUycYAgDHfUBw
DA:607,0,kHl5u2g2Hadi6b8bVCYshw
DA:609,0,Kckgh8njXMact7nP1Ok3FQ
DA:610,0,t/d+toIJDQMAZ2b6Siqy/w
DA:612,0,O8n1G4jpE9NgiDmRtSXG8A
DA:614,0,U5eYRGuaFkc9UP/CbCziKQ
DA:616,0,cxR4XLnhHb4Ciydg+PqPnA
DA:628,0,O5hKgp4YCvAMaBp13AITmw
DA:631,0,0YG1kEGauIm+0cSuSosQHA
DA:645,0,X0mK4bjmSdCIRNudTtRamA
DA:646,0,/OqIcKLWWYw8jnvLoovlww
DA:647,0,JGBNdHFliZZ+TdVwAKgyxg
DA:653,0,RThxbXap415r5yIkZ6mtkA
DA:654,0,0YG1kEGauIm+0cSuSosQHA
DA:657,0,yc0FTu2WQKXt2RhDJRZ75Q
DA:658,0,/KBzHxffS+Q6ccEOjVHGYg
DA:659,0,PhYvPSiGO9TprUS81cwgNQ
DA:660,0,SpyPes3pMahQJApsils2ew
DA:662,0,JfRdWWxRN4dqP7El6R3IwQ
DA:663,0,qan6Gs3eaWUPdn2wPtdtLQ
DA:665,0,MJwedTLg85Jm91tRdQ4dHw
DA:666,0,T57Qg0LC1xrYx2oCu3727A
DA:667,0,rTuX05zFbr3qOP4L4rdvtw
DA:668,0,hlbkZB3sBRNhGV4zo26lvQ
DA:669,0,xgaWurST5EB6UB1LMPbEHg
DA:670,0,wff6fz9z0xecFEB1q7stPA
DA:671,0,1FQgf3PQzYqf0VSsRwRWfg
DA:672,0,IkryPrN6tOobSRQo5yz7JA
DA:673,0,eAZ/VH79r078BZS2eD/EgA
DA:679,0,WsyTNFrOj4+vyXuh5CVPvQ
DA:683,0,acqTnAARwQZkSo/9SuoHTA
DA:687,0,hlTFvg1LkaYn/UWsZokY1g
DA:691,0,NQzmcr0lB16Z/8MpNMK7GQ
DA:698,0,xjcDBnSwra0OiNOAYAwoHA
DA:699,0,9z9hf6+NL8rtbsgS1ZxGcQ
DA:700,0,UJ7+LdEnCVBh2PXdpNtcMw
DA:701,0,4pAUk6ycW0KCvBAw3wYCWg
DA:702,0,lJyab8HLLeBAmFfuglldXg
DA:703,0,dIeXM8bKpGtZq6M1Y2tntg
DA:705,0,T8y7ZRWRhoxDZ53nKD7sHg
DA:706,0,JDar0iFRfn4Pmu6e/Y49AA
DA:709,0,GRQx1Davd7WZUynlYf+WbQ
DA:711,0,mue3KQF4Q/fvIubeRVVcrQ
DA:712,0,e8kfP1FJt/CdlwWu/iG/vQ
DA:713,0,+CR5oPQRxkihfbalOu2/8A
DA:714,0,D6f8TaxyoHoTq97tgJf4ww
DA:715,0,jcLI+gnBXSRVdboDBHKmVg
DA:716,0,a7K/HCYSwKApLMEi7uZOVw
DA:717,0,0t3OqBlyt4S90jPEr8tioQ
DA:718,0,0u4hx1qcmHhUNpsfD8WCWw
DA:719,0,vCimXYVSvHerB12tGi3BZQ
DA:721,0,iFLAqdRRsch9fIOJp0xwpw
DA:737,0,Wqe97u5AG+2NiDVOjzkuJg
DA:738,0,Ab7H3+jC6CvlCq+qRqqkJA
DA:743,0,M4JG1FAcJyZhEKAkccafow
DA:745,0,kRpLAn0gcaQBY0VQIVIT/w
DA:746,0,bx9BMbfinfvhhIBf5u3CuQ
DA:747,0,MnzpXe1veqpfA7nIMRo0OA
DA:749,0,N+TudfRYeGW2arsFoaMxpA
DA:750,0,nFuKcmmIjW8yksQ8aPF81A
DA:751,0,3OTIi4fVDt77VcYB3MsKZg
DA:753,0,U3yc2n7Jg0kFVh5bkf+apw
DA:756,0,hIY6pd+dnVz6vF0teysl8A
DA:757,0,1bBMsxJ3oIE2N6UaF3bHaQ
DA:758,0,NRNV262QwXarMfilxfTthA
DA:759,0,ebWYl/7u1UpdO4JVcTw52Q
DA:760,0,LHbZR68LR9KF3+ypLl/CEw
DA:761,0,Yspp9Fqd0ULu+qD2CxedLg
DA:762,0,p4jADojz5U7PWT0g6db9Gg
DA:763,0,ttsJxh3sZSGPt5e+Cvkt6w
DA:764,0,jXTizR4XhaHG+v18fRzB5g
DA:765,0,1JpqSQLo+Qil8oMgDlV/vQ
DA:766,0,2pxQC2K9VBZdORCKjpxvEQ
DA:767,0,6D2bAgpa9a+QluiUDe8LJw
DA:768,0,jy2hmt/vamFZ9ydqlDH15A
DA:769,0,lXLkMkU5nnVlwpBz5AP7Gg
DA:770,0,UFk/Aehdy1kKXApiJY59dA
DA:771,0,1JpqSQLo+Qil8oMgDlV/vQ
DA:772,0,1nwDYPW0T8PgDK02/SkJ4A
DA:773,0,Eh+jN9l3f/2JDJsaZhFo6Q
DA:774,0,7EIyBg5OiXtx8mO1gM2cgQ
DA:775,0,JYUBYGaxJaKmCWB7eIorMA
DA:776,0,VbbTuEvsrH76M0WFiGfjCA
DA:777,0,DPAYCCyiTGLI6lo/p9mdTw
DA:778,0,6jU4JLDLuQU6FrCxEjXRhg
DA:779,0,EJxBrPojTlO5lZPYJlcLQA
DA:780,0,bILj4pY/pxwJC6+WfN+YlQ
DA:781,0,Xi5Qqo3bmBiRFRf71au5+Q
DA:782,0,3a+qrOvkcitghVPd0hwzSA
DA:783,0,ezByVieyZ8FaiwDQp1NYng
DA:785,0,n5b7fBJbrt2dXQSDFhkoYA
DA:786,0,+suyjfPu+DmS7tMnE3jmUw
DA:787,0,Nd4yaCEReEDlvYxwHT5L7A
DA:788,0,iQZA97dvU239ywk1iLVzTg
DA:789,0,ptvdzQa+XwXx1w7iyfFy5g
DA:790,0,r8/Uf647LpIYigLmeG2aMw
DA:791,0,LcyfmFDpNq+DOGv0tB1/0Q
DA:792,0,8TyjSyRHHCn8zMznWe0Tkw
DA:793,0,RTVt6/2vbTxb80Uz1St4wQ
DA:794,0,6jb1JKoXx+XCvMzK5xHp3w
DA:795,0,SN/5COOLueiuQl/yAtP3/Q
DA:797,0,Dx/lyAjxPqcyttKfoT1mfw
DA:799,0,M4JG1FAcJyZhEKAkccafow
DA:800,0,SK+Z7QiFa3OCGXC/RgZyBw
DA:801,0,vNZ8o4GUWRMmA7tR6MestQ
DA:802,0,s/C6mZMQVrxcOT0R5chp4w
DA:803,0,rvMZtXwWTXxgv+AcBfT38w
DA:804,0,ijeMz7+YJwn/LbuTlqG2eQ
DA:814,0,KN9mS6qty10l8MjdySQRFA
DA:817,0,2/wiiLX5UjrZwzWv5qvmxQ
DA:818,0,xvWIcpcyNr0gyGcTkdMxXw
DA:819,0,FhUOsXnYwqAG8Pi/lg/dVw
DA:820,0,Dr4iceMEi7qvXsS7VW/wYg
DA:821,0,HRmYgrUgQRrlHMAQ7gWdXQ
DA:823,0,rqnq5EkontiUyhLhl5pu2g
DA:824,0,5jbYWTQemwM8PkuO+ncykA
DA:825,0,KP4lW/+DwxwB5u39mCd5jg
DA:826,0,F/ovhxXzD1Q7Y5kkpnTprQ
DA:827,0,bYkvrvdfY9dc2JMPkr+OGg
DA:828,0,SdpP3AGgp8Mb60ThDwJKoA
DA:830,0,suGL5c23+3eDWHThaeoUWQ
DA:832,0,Na/TIEmDaQ1rJAvKT5uFVQ
DA:834,0,15TXpb/ydhgwIYULUgD0Rw
DA:845,0,x4iwXbiRXJs+M0H+FZktGQ
DA:847,0,q747Xi+HV8Y4/IMY7QlkUQ
DA:848,0,l2rEc0bG6METgxDFDDWGHQ
DA:851,0,nu5SG66TQWxxnrgMSA++Zg
DA:852,0,btAIFE/XUscZREpD/uOuqw
DA:853,0,ghgzVpC5g5KvtxJ7DoXJnw
DA:855,0,zpyyIJe7/ha1mLt6KQYLag
DA:856,0,ALIYz5TJObRy8/fFItz8BA
DA:858,0,bvdYGj+UMYK2oFfucLH1dg
DA:859,0,5AGGWRgArwWg5opgDLIZ6A
DA:860,0,yAXYi9E5Y7jVruKLVMdUiA
DA:861,0,Kab694ZVFKry+cBPR/4fKA
DA:870,0,zsrqRdU31m1qVnZG+OF/yQ
DA:871,0,iGL3UaQoA2/lXz2Gp553tw
DA:872,0,Awm7PhV9x5yk46j5kzeUVg
DA:873,0,GxiROecVwdLOOHrk+JyNbA
DA:893,0,Nd+rvC+tgoCyZsKEaZJMGQ
DA:894,0,hk38MM/MFYm/GnDDHF7ySA
DA:895,0,/dun4mQAEQyGCxdLfEGT2A
DA:896,0,0YG1kEGauIm+0cSuSosQHA
DA:898,0,8eRudg868J5dC1Z7KltlTg
DA:912,0,0ztDLI0IYvFsdM/YB314qw
DA:913,0,8eRudg868J5dC1Z7KltlTg
DA:914,0,RRb7lVINnDdh71aNbTDQvw
DA:915,0,XfipmGASJ1VH8QM6CXeDeA
DA:916,0,26tI1H92PZBQlEjq01OrgQ
DA:917,0,pjjLvm0x9Wd6+vIVzqugpQ
DA:918,0,/zlrmFogZjBhLdhih0WPwg
DA:932,0,DKEavIjFjZxjisLxaifgGg
DA:933,0,ybxqidk4F4J76ppz2KbGwA
DA:934,0,JgONLfAgIQ6ne19SnBY36A
DA:935,0,0YG1kEGauIm+0cSuSosQHA
DA:937,0,8eRudg868J5dC1Z7KltlTg
DA:948,0,/tI8uuJSpiblO6mg2StImQ
DA:949,0,EjSEu/U2deICRr1ykxBvwg
DA:950,0,zQDC7WjUZY8IxviHFeizoQ
DA:953,0,iSM3L638x1jls0eE/TKYcA
DA:954,0,D5VWzDr+fg9v9cNeK8kspA
DA:955,0,+x2+azKvmsOqbofgUpXLzA
DA:976,0,WWRPmPoQxEZYJkhk9+9axQ
DA:977,0,7a6iEiO6Zzu8yfez5LxOyQ
LF:491
LH:258
end_of_record
