TN:
SF:src/BasicLineAlg/Interpolation/InterpolationVisualizer.py
DA:1,1,IWWjrCeOtk8NNtrE95++2g
DA:2,1,2vT16BZi5I8zGI6Be4uoGA
DA:3,1,ZKcxIdhvrVjF78XcabCCLw
DA:4,1,o3e9LnFf2bHgINyNVeB12A
DA:5,1,MKZymsCiUCSWIIbhlW8n2w
DA:7,1,s5sqARTqdpk/FtjTShb50A
DA:8,1,3HS7+QsTcCP0LRGHkPxRyw
DA:17,1,6J+BzFDtzbvZVxXpmczX+A
DA:20,1,rav7/ZGEwDF4bG93PXiKwA
DA:21,1,C+CNW30BGi+Knttr0V4ndA
DA:22,1,ys7QpWStFFAbP8QI8EzrEQ
DA:24,1,iuMwCfBk6aNQl6mMvZlfcQ
DA:26,1,nWUEQYknhipUDz3YCexq0w
DA:35,1,TqXWL9G28LpZxy9oIB0ACQ
DA:54,1,apZsjsw2lCG1DEoyWYLF+g
DA:55,1,Z/TugCApycBHLX8pf24x2Q
DA:56,1,Z6kQ3qBuEO7Yotc5Jdp06A
DA:57,1,XXhJIjSzq5y+vCeeO6h18g
DA:58,1,2yomJdrqXW4WdBNVyamQ5g
DA:59,1,V32c40pIPdgMHJ+BFywUog
DA:67,1,5035ntR2hpb2GK4g+8eIvw
DA:68,1,JZoxRDuOnrggTVJjuLMDpg
DA:76,1,lYmu3BXPqN8tAgC6cAs3lg
DA:77,1,BA9nFhsL0SFQXSE2s+4eiQ
DA:89,1,qpPfv9pCwNU5UaubQ9lyVA
DA:92,1,GXGznm+veAtrh5M91FmrOw
DA:98,1,sgje1SyX39hY/JTwtmsWsA
DA:101,1,8lyIEt2vc822cXh/oDWd8A
DA:102,1,4STPfsqtsAZYvx65KmAdoA
DA:103,1,qe5OuUu/QRt+pwkx6/FZkw
DA:106,1,TD3ofsFE9nqUsAGnAXf0pA
DA:111,1,pO4BUXIXm/Og3AHEkJmmIA
DA:117,1,LrEmGX/vSmyJatJbRe3tmg
DA:124,1,YrchyJEgxAUkkqO3hDLE7w
DA:126,1,yvKU00RsI5brOvzrLifqyw
DA:127,1,z0YXa1E7wOn3Z/SHI4aZfQ
DA:129,1,pLxx2cq+5NJDzb4QziohQQ
DA:137,1,zoVFK98EwCXenZvbNUrDlg
DA:138,1,LsW3dSNqdQ9gd9jAmo30GA
DA:140,1,rwV9Bj875gzUKxEZlQJYlg
DA:141,1,zIr/LB6VyiUOMRtDpKuLfg
DA:143,1,edTKMaUJ7QTemlvGQy+lmg
DA:145,1,NnY77JnUjlCnDr6X0xgFSQ
DA:147,1,lGSFM+scySxOt4tpng0XJA
DA:148,1,NKUYU76TuyrO4+fvL39UEg
DA:149,1,srsdsW00wLAY1K69Twx5pA
DA:150,1,ZlLZ6lWYoME82FT1VJiRYw
DA:152,1,2+TRj8ETeDaiRwcLnv772A
DA:156,1,wlbbUQsCcCFjh5l7Wavx9w
DA:158,1,k4a7aZltNcIjEwD7ZmIgFA
DA:159,1,/vckOShzJtGeujUrJrD8Ow
DA:162,1,rq2s6MsuQs05W6ImKk2lDw
DA:163,1,DMQD3ixuecffzkIFDlSzSg
DA:165,1,Oqnb2AqhfFy5uECT3eAnfQ
DA:169,1,k4a7aZltNcIjEwD7ZmIgFA
DA:170,1,/vckOShzJtGeujUrJrD8Ow
DA:171,1,7vsAuOKxJOL5g8u8atFWeQ
DA:175,1,dwvexK1fsIkOfSqwoAhRWA
DA:176,1,yixrmbDVj1WOz80/qVtPrQ
DA:177,1,k5Ig8URDh2HZm2wPh2RjGw
DA:179,1,lYmu3BXPqN8tAgC6cAs3lg
DA:180,1,14VSW83PY1oiw+aJNMfUpA
DA:183,1,k4a7aZltNcIjEwD7ZmIgFA
DA:184,1,/vckOShzJtGeujUrJrD8Ow
DA:187,1,FL/Mschq9Oy+GAC1Dd4lIA
DA:188,1,OULd7N7nuxMvDtYXAeBugQ
DA:192,1,LC4OxTFcDeo3Tj5ROh56Qw
DA:193,1,ehU+gBJNYvuTX2uFQYamoQ
DA:196,1,YbuKLXfOfK889Jve4fdLkQ
DA:200,1,oOdTMbufbiol8OUWnAG3Pw
DA:201,1,eorNdSJnfCc12gw/02UIIQ
DA:202,1,fl6sT3kqr9rb48Ga53ajGg
DA:203,1,+dR/wssajCFEriUtdVi5Zg
DA:206,1,fXwjv1NDVPi35mETCbur2w
DA:207,1,axYCHVw6xgY9PznKvv8dLg
DA:208,1,r8wIBheUr/86UpgBrtWUBw
DA:210,1,9Uy/sGAq/tONw6c9h0AB1A
DA:212,1,FIU6O8fwq/kXspkG20xzRg
DA:214,1,WZlO/cnPWe/G4S6fcg+4fQ
DA:215,1,KDrZ4nnjStnwOidNAeRddw
DA:217,1,kY61zsZArhUYzH/qcYFkTQ
DA:219,1,AbQGAjcOxkrm+EZ/0BadZg
DA:220,1,vSmmywJrjCuWcauVIVuJbg
DA:221,1,CfqA5Of659GMuxTWryxdIQ
DA:223,1,vOUl0Ax2G8iLD+rgtnpC9Q
DA:225,1,CSgE7WkmT30IAfbPdqJbqg
DA:226,1,NTGuB6E7AGR1U4JzoP/uqg
DA:238,1,TqXWL9G28LpZxy9oIB0ACQ
DA:285,1,IOD0KyzbLLvJr5eNoKiYSQ
DA:299,1,3sBvlYPSXzF2/tW+6J5HTA
DA:312,1,ajdU0cW3gQ/BiE2mxVW4+g
DA:324,1,ej+3OJXwTYBIxqd2/Jln/Q
DA:346,1,2+TRj8ETeDaiRwcLnv772A
DA:354,1,Oqnb2AqhfFy5uECT3eAnfQ
DA:361,1,7vsAuOKxJOL5g8u8atFWeQ
DA:373,1,kX5NAbtStxNjDU6ZuPC04g
DA:389,1,YbuKLXfOfK889Jve4fdLkQ
DA:18,0,EI5j0pR7VDP39f+p9VcFkw
DA:229,0,6J+BzFDtzbvZVxXpmczX+A
DA:230,0,EI5j0pR7VDP39f+p9VcFkw
DA:232,0,rav7/ZGEwDF4bG93PXiKwA
DA:233,0,C+CNW30BGi+Knttr0V4ndA
DA:234,0,ys7QpWStFFAbP8QI8EzrEQ
DA:236,0,iuMwCfBk6aNQl6mMvZlfcQ
DA:249,0,KREwg1rgdxHlAGrzXDwq2g
DA:258,0,5035ntR2hpb2GK4g+8eIvw
DA:261,0,lYmu3BXPqN8tAgC6cAs3lg
DA:262,0,BA9nFhsL0SFQXSE2s+4eiQ
DA:275,0,qpPfv9pCwNU5UaubQ9lyVA
DA:276,0,JZoxRDuOnrggTVJjuLMDpg
DA:277,0,fqCljRw88Iws6kU1V+s4Yg
DA:278,0,fimcr4qbo7w+ek5oddFhEA
DA:281,0,WZlO/cnPWe/G4S6fcg+4fQ
DA:291,0,Dwrb3cV55ZBs1pz73s751A
DA:293,0,/SzY16Z7qsx8hKJVM0efRQ
DA:295,0,tqfFnAeARSDv4ChY8BSgIg
DA:296,0,BE0u5dohXOqvGuKqFt+hpA
DA:297,0,8RcHiRlBeWwIbl7vDNiJMg
DA:305,0,UDANl78dwpLK/BQmeHuxPA
DA:306,0,2t5kQlNxzA5BAZtMj7tshQ
DA:307,0,jXX4dYXgMgut6/grVuzcpg
DA:308,0,TITYQ1KIOeBFkCqFlN9UFA
DA:309,0,VBlSBvrVNf1P8ui0nAYNyw
DA:310,0,6u+3+xrmd3ylZYlMLM8vnw
DA:322,0,YrchyJEgxAUkkqO3hDLE7w
DA:334,0,ODkSpg251mcNEh6WYtgnPw
DA:335,0,QNhXcXj8ydnqVx/IZjXdaw
DA:337,0,yvKU00RsI5brOvzrLifqyw
DA:338,0,z0YXa1E7wOn3Z/SHI4aZfQ
DA:341,0,tqfFnAeARSDv4ChY8BSgIg
DA:342,0,w/f6RB2Cj8LHovAOvcEX8A
DA:344,0,8RcHiRlBeWwIbl7vDNiJMg
DA:350,0,wlbbUQsCcCFjh5l7Wavx9w
DA:351,0,0w7wx3gGXfXpuzVsdjDmEg
DA:352,0,9aJfsYqy9YmHJQMD6WXbbw
DA:358,0,0w7wx3gGXfXpuzVsdjDmEg
DA:359,0,9aJfsYqy9YmHJQMD6WXbbw
DA:365,0,dwvexK1fsIkOfSqwoAhRWA
DA:366,0,yixrmbDVj1WOz80/qVtPrQ
DA:367,0,k5Ig8URDh2HZm2wPh2RjGw
DA:369,0,0w7wx3gGXfXpuzVsdjDmEg
DA:370,0,9aJfsYqy9YmHJQMD6WXbbw
DA:377,0,LTbvvNadScs8MXSh74guRQ
DA:378,0,MzA/ikag0bL92ghQhR0wJg
DA:379,0,dwq2VCvVqkGi7zfQfpvV0Q
DA:380,0,hrmgoJXJByKuQPVDGkQtAA
DA:381,0,XkAAXBQJyK5mCtS86cnARg
DA:382,0,5O9QFpnXD+8t9fdbQtVt0A
DA:383,0,JI4k8ykpfS2ZhJeUBUBiHQ
DA:384,0,r+0LeWwBjAsgZle2RaG+ZA
DA:393,0,fXwjv1NDVPi35mETCbur2w
DA:394,0,oNKRUiI3CtNd+0jXK3q4Sg
DA:396,0,KDrZ4nnjStnwOidNAeRddw
DA:398,0,fqC99r8D3PImYxUhRiOjzQ
DA:400,0,sdU7COak+Y+INWtuVGtJLg
DA:401,0,ivr9FHcMpna0NE4b3HUsdw
DA:402,0,0DOAW5h906Jax5Gi99XrYA
DA:406,0,tQc7ydXjULCA8ywhCgXSwA
LF:158
LH:97
end_of_record
TN:
SF:src/BasicLineAlg/Interpolation/interpolation.py
DA:1,1,VdtqRd9UkoeRPBIwTBp++Q
DA:2,1,IWWjrCeOtk8NNtrE95++2g
DA:4,1,qs6i1VWn7k0qgWvOcZQpWw
DA:16,1,qGrhzsza11/wmgO9iM5Wvw
DA:17,1,16hFP6oXYG4jhCkdnbdGfA
DA:18,1,kCV+Z6qFxFcADlJ2YO9CnQ
DA:19,1,ZzwmSlk88LL4pD4Trm9jkw
DA:20,1,vdLZfXliYMoPLXuG6AOcHg
DA:21,1,6H7bPSanWYKXvcwnL07r3w
DA:22,1,1SBPKjHvRvGtL9UrpnNzww
DA:23,1,Qz3ANLT/uz9fPGZr5Fi1tg
DA:25,1,ftXoBK66AoUvmLvv6seS4g
DA:26,1,6ddFT11IGCK3Bw8D8BcDeg
DA:39,1,u6bqkHu9eWnqFW+cYKJubA
DA:41,1,sOwATdCqcb8/N0PtTFZH1g
DA:42,1,wrSzMSNMv7A2lfE4uSJU/g
DA:43,1,mM7IlU5UiZUjqWWLY8viNQ
DA:44,1,diWPWpeRqy+hsJvKR6DhWw
DA:45,1,TGD0sdxQxwtnjwVt3LYSOw
DA:47,1,uQS2DFyB2VYE7QDOBNpuMQ
DA:48,1,J7LqGoIklgWWy0cAPrlmWA
DA:51,1,t+s1gWUjkv18k4u+v+BaLw
DA:52,1,um7K/lef9nQPCf2pnJskLg
DA:53,1,74JLaKGkTQY8JyRxv2x6Ow
DA:56,1,Z4huGJHBVsFRHgxnEHHvRQ
DA:59,1,zCkF/Qs7nI21KT8S4+yfGg
DA:62,1,ftXoBK66AoUvmLvv6seS4g
DA:66,1,wgC/K2OQ0owv74UOy1nDyw
DA:79,1,nQOWMdv1wS3JGhZ3DGqwiQ
DA:94,1,lN3LZRCh8sZWr9EcN8Z8Jg
DA:96,1,WuAyDt8qRdOyVkIH2dIkOg
DA:97,1,v2fZIVc6bx9QD+forWuRWw
DA:100,1,4nfsiR4f+BdQR8BkGhM9sg
DA:103,1,RGM770oADryGLfvmpp5svQ
DA:104,1,XmDA0dtWWQsPNnbmtWn1Aw
DA:120,1,GvbI0pXwz8pmlXUmdfr5vw
DA:121,1,+ZCqT3gkGOrxsip4y2GShg
DA:124,1,9ftNILKNk9APN1qQsOSZdg
DA:125,1,IERhf3/LkmpiAOeUkYhaUA
DA:128,1,4Oa1fvGtSeqfs6lhuMz60A
DA:129,1,w+3U9lXVqY5OltqwXAjlQw
DA:130,1,H2jR31KOspw6z3W8nSvqGQ
DA:133,1,6wR0uQZzZAxhXIFjGuMLag
DA:135,1,rREphKALmWNhc82leFukDQ
DA:137,1,RGM770oADryGLfvmpp5svQ
DA:140,1,tIRal9J3Ohe9SI7wgApFMA
DA:141,1,j4LPOWjrznGX6zFVE3aBxw
DA:142,1,u6bqkHu9eWnqFW+cYKJubA
DA:143,1,mM7IlU5UiZUjqWWLY8viNQ
DA:144,1,diWPWpeRqy+hsJvKR6DhWw
DA:145,1,TGD0sdxQxwtnjwVt3LYSOw
DA:148,1,LldcweYKer/oxyBEho2hsw
DA:149,1,Ny/4IRtSr0dDjeVMsUqlZQ
DA:151,1,+ww8WWjwKN0W47vuFwx9Hg
DA:153,1,qGrhzsza11/wmgO9iM5Wvw
DA:154,1,gdvM3YSJJcwfxRemVD0Vhw
DA:155,1,BRAcW+W6imWRq5tFcskN6g
DA:158,1,t+s1gWUjkv18k4u+v+BaLw
DA:159,1,um7K/lef9nQPCf2pnJskLg
DA:160,1,z95cdHVmtBRHvi50+qN8ng
DA:162,1,a7nR69IQFTC6/JGkAeBi/Q
DA:165,1,8xgiuLrJD82qtWK+wUmZHA
DA:169,1,ftXoBK66AoUvmLvv6seS4g
DA:173,1,foCIFXEY6IALDHntCcvQQw
DA:188,1,TuJazZxwpu0Pic6rK5FBdQ
DA:199,1,ARaXx76v5Dl/E5CGo+as6g
DA:200,1,33GXLsNohgrwfzEx+4W8iw
DA:201,1,x3/qYuPd5KMa3CEznrBx9A
DA:202,1,RrXg0M5Xq6vI59NHDYFaXg
DA:204,1,qyyxM0z9VUujbEgIeTkjWw
DA:205,1,/VjDGDLMJ4v68Yil+z3rWg
DA:206,1,jphsx3SNyQhUpYbY/PDrVg
DA:207,1,m8fZEIIgTqWiLQYBiGLYKA
DA:208,1,wc2vdCAfLB8s+s2w+OdUUw
DA:209,1,pkojtJlpKvX4MLIqqQykcA
DA:210,1,xGieQ616omw0aIuR1WDlyA
DA:214,1,mm5+VvF49bluu/WfXlt8pg
DA:215,1,WVY655QQZZb4HlEoJufS5w
DA:216,1,Io+7rwecFtdNCT2FWbW8NA
DA:218,1,Z3tB/T8pbnXvMWa3eq0CGg
DA:220,1,EE0nMy03txKFlUhSywAmtg
DA:222,1,tIRal9J3Ohe9SI7wgApFMA
DA:223,1,j4LPOWjrznGX6zFVE3aBxw
DA:224,1,u6bqkHu9eWnqFW+cYKJubA
DA:226,1,mM7IlU5UiZUjqWWLY8viNQ
DA:227,1,diWPWpeRqy+hsJvKR6DhWw
DA:228,1,TGD0sdxQxwtnjwVt3LYSOw
DA:231,1,LldcweYKer/oxyBEho2hsw
DA:232,1,Ny/4IRtSr0dDjeVMsUqlZQ
DA:234,1,wikFWJvnJC9OLql6er9Qig
DA:236,1,qGrhzsza11/wmgO9iM5Wvw
DA:237,1,gdvM3YSJJcwfxRemVD0Vhw
DA:238,1,BRAcW+W6imWRq5tFcskN6g
DA:241,1,t+s1gWUjkv18k4u+v+BaLw
DA:242,1,um7K/lef9nQPCf2pnJskLg
DA:243,1,z95cdHVmtBRHvi50+qN8ng
DA:245,1,a7nR69IQFTC6/JGkAeBi/Q
DA:248,1,8xgiuLrJD82qtWK+wUmZHA
DA:252,1,ftXoBK66AoUvmLvv6seS4g
DA:101,0,v2fZIVc6bx9QD+forWuRWw
LF:100
LH:99
end_of_record
TN:
SF:src/BasicLineAlg/LinearEquations/LUVisualizer.py
DA:1,1,IWWjrCeOtk8NNtrE95++2g
DA:2,1,o3e9LnFf2bHgINyNVeB12A
DA:3,1,npItjD5asCb+9l15XN2+dA
DA:4,1,r0VPfYDSdjZGxl9rGXG42g
DA:6,1,NS/K9qk6Aopoml7vz388xA
DA:7,1,PybMj3RxCuRVSLe/6T0KYw
DA:8,1,zcDkFOKcfvJJwylQva+gfg
DA:9,1,2xm1GW+Ma1VcdBJk/aPMqg
DA:10,1,pjoykiLFOXPCsBcBgJnRWw
DA:11,1,NyHEOy8NSO20zrOKshuvnw
DA:12,1,THoynyYLF6cDixE3w+J5UA
DA:13,1,oRFma4arOPH47u7+a6+Ctw
DA:14,1,sMqIq20ivH3AyTpkMUHnQw
DA:17,1,VH6XhYeI5GUM7C95imCspg
DA:19,1,TqXWL9G28LpZxy9oIB0ACQ
DA:21,1,pmK6aHyrrcT/o7S/nAzQPg
DA:22,1,ftGGw4WHK7OVija8qJ0thQ
DA:23,1,kcSMz6++d4X1YIEWpreZtQ
DA:24,1,jWK1WkWsIUP6C2dHkDnMJw
DA:25,1,u3E1Ty2/MNYT7F+eDcUSYA
DA:26,1,fvjImlETPE1rPWMG2YVXtg
DA:29,1,9o5X8Eg5LJ7F9i1fiJQVNA
DA:30,1,8ASq7r0hIGYpvdKypnjpxQ
DA:31,1,RhCVBmmzuhSno+lcpCijMA
DA:32,1,7+9I5w6WxoyqLQpS0QB9lA
DA:35,1,Xwk1Fcp+x0mcNjVQJSKtpQ
DA:36,1,LgbRl/CAkDs1q8bj5nkxMQ
DA:37,1,X+ekbZMYCG2Cgvk+vfwWfw
DA:38,1,493g5f0Stxs/BTSchN6dbg
DA:40,1,h3Rb1pAkZ/aaeoJZ3k+JOg
DA:42,1,I32LXfMCK0viHm5+CkM56g
DA:44,1,qUeKY1hie5xT2iGS2E7nsA
DA:45,1,02ik+/JQt2fzRD1omg6VGA
DA:47,1,gWuQEmnpGtutQanIiZ9Dng
DA:49,1,SttgR+dDWcYUMCDFZcVowA
DA:53,1,yr+QjgsDVADG+UnzZdUAIg
DA:55,1,jaQmdeBrpN7xQuFHFaYQ8A
DA:56,1,VqSjB4LAseDtXbj2N9Qx+g
DA:57,1,cySW7l2wMy0IZAkTxjSeXQ
DA:59,1,QbBxgPDooQH1p9Pkxve8gg
DA:60,1,ymIChXyQbNd5NfnXlS+KAw
DA:61,1,anALTUWNI77DUBJEtPznKQ
DA:63,1,IxVEZ8TlUsHi1wbnLH++7w
DA:64,1,DXUBadI3eGLFRDE4YR+DsA
DA:68,1,9hLRPFVDofBcnUYh1IUQhg
DA:74,1,epnKEiIZrqT9DqmaIoi9/A
DA:75,1,M7nqks13ByTtnkRG8n9Yig
DA:76,1,KuZhq6MrWTE8gEB7XhOQCA
DA:77,1,wGL7Vw1gvKLbl6qCtXZO4Q
DA:78,1,Ti5oCtC98hvfTNxOXVMjvw
DA:80,1,VHUzm0eGU2tAceayiRzaDA
DA:82,1,JZ+URKLcEg12KBl/DC0vWw
DA:84,1,1nOVGf0PpAxAbgnCftR3Xg
DA:87,1,rIYWcBjx920yZx5FNear6g
DA:88,1,W8cEKLqLfE1KIhA1Kw8zPQ
DA:90,1,h3Rb1pAkZ/aaeoJZ3k+JOg
DA:91,1,2zO0FmqiCR9/nC7IEMBmTQ
DA:92,1,TybTS/TnAdkaE96VWn1sSQ
DA:94,1,slkT+Qb0GfPhML8tTh4q9Q
DA:95,1,WlphoCb4p/yFEYSQyDmWhA
DA:99,1,IIrCQ7PwAQ89hR7qAiOB0Q
DA:100,1,08deWd6Sy9jDyTSSV2Ekqw
DA:102,1,p3t5g/vM/nV0EkNo5ij6Qg
DA:103,1,jeqs69kuDcJLj9ZIfNdtsw
DA:104,1,fq1Kmo1qb8k9yBGIeTSuVw
DA:105,1,2IMBS7q8Ri+w9YNcihBsPA
DA:106,1,ASGZzZjYXVDbauz20xcCFw
DA:109,1,cmCGtspM4cXzscRg+hd/+g
DA:111,1,Zw5lKF4yHDHuNqr2NN6w/A
DA:112,1,fZxMrZvJFuAaE6g/AbRn7Q
DA:113,1,AbC7WRInUZ+6cK4AcYW0PQ
DA:114,1,qI+wkJ4soOHqJky8hF+iiw
DA:116,1,DXMiTFKcf8NK+1uLCBZnjA
DA:118,1,10yTLqxSxwQhSEKpwqks5g
DA:120,1,NyHEOy8NSO20zrOKshuvnw
DA:121,1,THoynyYLF6cDixE3w+J5UA
DA:122,1,oRFma4arOPH47u7+a6+Ctw
DA:123,1,sMqIq20ivH3AyTpkMUHnQw
DA:126,1,VH6XhYeI5GUM7C95imCspg
DA:127,1,Ti5oCtC98hvfTNxOXVMjvw
DA:129,1,VHUzm0eGU2tAceayiRzaDA
DA:131,1,JZ+URKLcEg12KBl/DC0vWw
DA:133,1,/NRJeFZncCPASm4Nh6Exsw
DA:135,1,fXwjv1NDVPi35mETCbur2w
DA:136,1,owpDj6FNE46Ls7N84hPY7g
DA:140,1,RsNw+8TUcTCUpHG0S4WQaw
DA:141,1,J6L4Fss/AkKEBEVqyG89oA
DA:142,1,UkpXCOwQ+xJS3+OtUCGdjA
DA:143,1,O/czdQBQpHPtWQFNjROZHA
DA:144,1,LwrViWdDqu0S0kJXpLLKIg
DA:146,1,QAtqBEoQxYblt/TuGAffKQ
LF:91
LH:91
end_of_record
TN:
SF:src/BasicLineAlg/LinearEquations/lu.py
DA:1,1,IWWjrCeOtk8NNtrE95++2g
DA:2,1,aXdNZQfBEVDYour+ao2izg
DA:29,1,YIlYYmp+VpWiBxZQiLR2Gg
DA:30,1,eHCW82r7fEZp3/SZ2RQicA
DA:32,1,n7tcDIgiMEqcjGlSnNXFEg
DA:33,1,NO/8S+DNRYLEJ9pD/rPgOg
DA:34,1,iXM+nU4P0k63ggHrs98eyg
DA:37,1,uKPKDDtHwb33kIVI/vIPfA
DA:39,1,WgYiQDjjCdxspaX6BvztwQ
DA:42,1,w//exyold5IfohpxM4JdUw
DA:44,1,qmWqohDlOMvUrNoZJejxhQ
DA:45,1,U/3DXGAPPtYqIm5KSnnmCA
DA:48,1,HyHqs7Soze+K4qfShBFVDw
DA:49,1,eWlLVuNCttZW6FdEPbwgjw
DA:50,1,t+rUm31pJgDW3H6CDBOWbw
DA:52,1,aAt4hhhkk2FfCWFKC9QDUA
DA:53,1,bol2cf9RAhGAJoYd/N/VPA
DA:56,1,wlpTAI7IiHWyXQMi/Lc0iA
DA:58,1,ZG/yTjywu24FpF6o8Y7Erw
DA:86,1,mQ3tHfOXohhFwNR9egKAnw
DA:89,1,RO0vQHRooyq1tMAyN8/iIw
DA:90,1,neqXqejuKBbVHwZBycZthQ
DA:93,1,29/qlyfKVclVhazukeJ4Ug
DA:96,1,WE2PC9mjj1EgDOrOTepyLg
DA:98,1,KXXcuwiQCuL8qQEfKbpvCg
DA:99,1,qKm0SGg//aW1rGpm4mv4WA
DA:100,1,28hF499bkBNaOENZNkZ1mA
DA:103,1,AgFXSFn0KNM0iU9GFVzwXg
DA:104,1,U84uKrAkGzNijuAcR1H3kg
DA:105,1,SJJcTPwxK6wqxDTDx/Ia7g
DA:106,1,nOdl4Lq4RGCoR1B5ypGEdQ
DA:109,1,ORNoaTc/L/eMV+n6KbGpZA
DA:112,1,awA8ANCzTKXnho50dJ+vpw
DA:132,1,IGNWVNmNEyYG7iyGuXQA9Q
DA:133,1,HMKh5AfyYPEMU5DfxPi6uQ
DA:87,0,upVQKhWxmG4k8vgG4D69UQ
LF:36
LH:35
end_of_record
TN:
SF:src/BasicLineAlg/Zeros/roots.py
DA:1,1,IWWjrCeOtk8NNtrE95++2g
DA:2,1,5o2LTgay2cAutSFYQPzu2A
DA:4,1,+wbb+KfVJWMxjbSb5IaMfg
DA:21,1,svldc3LQZHnTJsGXRYML4A
DA:22,1,KV9PMOb6TJ0s6qN9xKCxDw
DA:23,1,PeKkBj8ELcf7pTrP+Cw0Jw
DA:25,1,aG7WJf5n9w6y+Mx7Vb23ug
DA:26,1,ViTutvOHOyi8AvOhzmFF+g
DA:27,1,VNR87UpYVZmrNWS5eI+EWA
DA:28,1,Xz5PmRM3A+65sRdZiRfvXg
DA:30,1,l92KRvvsK2lIhulJGGYQ7w
DA:31,1,BIA0fsnqcB28KYK+sOAq/A
DA:32,1,g0ChGRqjOCyRMv3HunrnqA
DA:36,1,JLq0Gm7vVbLxwjpIwiTcOA
DA:37,1,AJgjGipvQvbq5ftttQJ7FA
DA:38,1,Y6t3MlnCvEYrnR1Ha8AqQQ
DA:40,1,Au8ykpDNQ/bY/LWL7UnuoQ
DA:56,1,svldc3LQZHnTJsGXRYML4A
DA:57,1,42VZXg8c2cgQ4LpJ/gRxuw
DA:58,1,fUM4rmXe9qR0WMSdhMB0NA
DA:60,1,r6qWxIh5KHOxbHGvqgTsTg
DA:61,1,aG7WJf5n9w6y+Mx7Vb23ug
DA:62,1,ViTutvOHOyi8AvOhzmFF+g
DA:64,1,VNR87UpYVZmrNWS5eI+EWA
DA:65,1,Xz5PmRM3A+65sRdZiRfvXg
DA:66,1,qilJWgB4U+pcEdAWoHWlcQ
DA:67,1,MoD/dkepzsZxmGWkGVh2Nw
DA:68,1,Yk/vVbcRuNkANd1YqETGeQ
DA:69,1,VVKFo7+TzXZNE5nIeiyikw
DA:70,1,OIlo7457xfVJBMEoJzn3GA
DA:71,1,L5hEQ4BtEAzjbB58KSx5Rg
DA:73,1,Y6t3MlnCvEYrnR1Ha8AqQQ
DA:75,1,U+zOzLp5By+S+NKbMYbEXQ
DA:91,1,svldc3LQZHnTJsGXRYML4A
DA:92,1,42VZXg8c2cgQ4LpJ/gRxuw
DA:93,1,fUM4rmXe9qR0WMSdhMB0NA
DA:95,1,aG7WJf5n9w6y+Mx7Vb23ug
DA:96,1,ViTutvOHOyi8AvOhzmFF+g
DA:97,1,VNR87UpYVZmrNWS5eI+EWA
DA:98,1,Xz5PmRM3A+65sRdZiRfvXg
DA:99,1,qilJWgB4U+pcEdAWoHWlcQ
DA:100,1,MoD/dkepzsZxmGWkGVh2Nw
DA:101,1,Yk/vVbcRuNkANd1YqETGeQ
DA:102,1,VVKFo7+TzXZNE5nIeiyikw
DA:103,1,OIlo7457xfVJBMEoJzn3GA
DA:104,1,L5hEQ4BtEAzjbB58KSx5Rg
DA:106,1,Y6t3MlnCvEYrnR1Ha8AqQQ
DA:109,1,wnHfW/EFD+u1tPdEasP6GA
DA:126,1,svldc3LQZHnTJsGXRYML4A
DA:127,1,KV9PMOb6TJ0s6qN9xKCxDw
DA:128,1,PeKkBj8ELcf7pTrP+Cw0Jw
DA:130,1,aG7WJf5n9w6y+Mx7Vb23ug
DA:131,1,ViTutvOHOyi8AvOhzmFF+g
DA:133,1,QhPC/lAWbXqlCojTHfRD4Q
DA:134,1,+8hlVZAop3b7mLuZbzxLSw
DA:136,1,R7CNUB2pZ0Le7St3RgqM3w
DA:137,1,uSEOVGHypkUMj334LHrGIg
DA:140,1,+sAuYe0rYzr3svtrFuKR/A
DA:141,1,4sYzWZ7gZKQPLpVa5A7rWw
DA:142,1,Ko0SuTrqWD2RBb1+qFW2SA
DA:143,1,RjTi3DoyxyMTAn0rWjVlpg
DA:144,1,ruA4ZrpBKzo3xdnJ4WQOhQ
DA:145,1,N3JbIUD+OHpZuYS/+EIkkw
DA:146,1,WRvlbNGtSHIE3gqgWSr8ww
DA:147,1,HnTXKCpjZTNKucP7DAzCjw
DA:148,1,C/OIaPuMY/q3nL3nafi8OQ
DA:149,1,Ko0SuTrqWD2RBb1+qFW2SA
DA:150,1,lqYGipWsGEVFN5WiUK8xrQ
DA:151,1,iKaJM1TkGmNRXVHafHcRVA
DA:152,1,RjTi3DoyxyMTAn0rWjVlpg
DA:154,1,DYBvRMoRCmVwiRAO3N+xQg
DA:155,1,o/tyyPEi9ezkT2AgGfX2rw
DA:156,1,MkaTHne+jhbSHz+3vRp0eg
DA:160,1,OEA6PXbx54U2xCKKUp1wcQ
DA:166,1,nNPUGXOcw+/THuI+cYOHCQ
DA:167,1,d7XFgkvdf6oVp23ZKt4zWQ
DA:169,1,/VhBoERi49BhjzQmhJv8EA
DA:170,1,a81DVqla7grryVHqIaxarQ
DA:173,1,zzpLBZu44seM0DcN0d4RxQ
DA:174,1,DmQ2wtN8eLqL4gdo7rdEug
DA:175,1,/WWn4p5TtIanaFXpHfMYIQ
DA:176,1,ObBQE8qzfT4A7Fpc/Nn+mQ
DA:178,1,hzgS7I0MR0m4v3PjHMXDmA
DA:179,1,w64+2UluFs7xiKrw1GbZ3g
DA:181,1,FP9QV908vEHSbFkKPMQkMg
DA:183,1,vElpl6K9i+MY7imcQQK9Yg
DA:184,1,fvqhHAQVj8pMGuuvDc1MvA
DA:185,1,uEAb+LlLYPZ0Af1sYGwnZA
DA:187,1,DBjgw0u0ZGXzfS9biWVK+A
DA:188,1,Swhx3jsVlogMYLFj9BwArg
DA:191,1,drSuHM9Oc+/kJ4LVL0ru0g
DA:192,1,J8Jr/2FZaknD8pdjol0jAg
DA:193,1,AavfQe6CPCZt8JdcK1Zb7g
DA:194,1,tEKjzvnKypI+p67QoSicww
DA:198,1,bRqO3tY9kE/NB5NLSP6xvg
DA:201,1,3AfiS0M+aYC2Hezq2mzATQ
DA:33,0,HUUeWsoZ7q+FVutrJb2zcw
DA:34,0,zjUW2NyL1LZsp9TmJMW+pA
DA:157,0,7a6iEiO6Zzu8yfez5LxOyQ
DA:162,0,KDmozqio21kSFOlR2Q1Seg
DA:163,0,LmHWifhcMtHUOGx/0ew6IA
DA:196,0,tIAsQQtAhj1Oi4aJCsCFTg
LF:102
LH:96
end_of_record
TN:
SF:src/BasicLineAlg/__init__.py
DA:1,1,1B2M2Y8AsgTpgAmY7PhCfg
LF:0
LH:1
end_of_record
TN:
SF:src/BasicLineAlg/module.py
DA:1,1,IWWjrCeOtk8NNtrE95++2g
DA:2,1,71QqNTIjqmmCvilNABuBHA
DA:3,1,XxZ64K9tmyNYkPuPmw6/Fg
DA:4,1,UkpXCOwQ+xJS3+OtUCGdjA
DA:5,1,RbNyuVPHS50ARmTYA/dygw
DA:6,1,+dlmlQiKmNkE8QGQFoyHjA
DA:7,1,AexTfISHsWDuRw3/PziRhQ
DA:9,1,13AYUV5lcrGbQYQY1078FQ
DA:10,1,tIRal9J3Ohe9SI7wgApFMA
DA:11,1,j4LPOWjrznGX6zFVE3aBxw
DA:12,1,Ad3NggILqjyiTsYjz+znMQ
DA:13,1,J3cDi424MjI8ZSdl8N7FWw
DA:14,1,+O89zLPF6vdZe0ptXUmB/g
DA:16,1,TSsz35nJ16L6dA/8bbzb4g
DA:18,1,xQVNdxAJxuGw1z9RcZmDQw
DA:19,0,bXryxGksGMyG0fOcYqRtew
LF:16
LH:15
end_of_record
TN:
SF:tests/__init__.py
DA:1,1,CfPvDOlknCCEpz6CoVfiMw
DA:5,1,CKoMXMB8Xv5ZC6iTILRdvA
DA:22,1,PCd+tTkojc+/9k3Gg2wfWw
DA:7,0,TMG7fbHUJt/09yeCJAn/5w
DA:23,0,2loYFqKsWTLg8EsfxY4sxw
LF:5
LH:3
end_of_record
TN:
SF:tests/test_Interpolation.py
DA:1,1,3ijn/dNPscvvyHsHyPyRcA
DA:2,1,6EqVyswJtxIE+9LVqyxOlA
DA:3,1,ZKcxIdhvrVjF78XcabCCLw
DA:4,1,aCIimeTB/mb0eYN3QtYGtA
DA:5,1,4xMCp84uBZZOHkddS/fzRQ
DA:6,1,IWWjrCeOtk8NNtrE95++2g
DA:9,1,FEsgDPQK87ojFAXBwmpmqA
DA:10,1,kuBKBCChb6c8Csi70W0hlw
DA:14,1,9yrV5QWgcc3qjKil1Wg+MQ
DA:15,1,tTJl9l2kmdSRg5kctGMYkg
DA:16,1,OopN7dcMsqi8zbmOUABmzA
DA:17,1,6HmJyHWfN3sEZc1lakxdoA
DA:18,1,fh0A97vnBNWzwFgFwoiDLw
DA:19,1,MxsG0+DRxlSYJKJKwdeL1Q
DA:20,1,VG0FCyECPY32OtA+KeIQbA
DA:24,1,z8Pz1zsHetbq5WzdH3jEZw
DA:25,1,3xf/z9JACrifAePqXhOhhA
DA:26,1,6WKjeRD68ydlkepsf8QQDw
DA:27,1,6HmJyHWfN3sEZc1lakxdoA
DA:30,1,3sDtAsjlzkF0T+nju2mLTw
DA:32,1,t57P9H8g5G65ADVihrDsyw
DA:34,1,CsqzZmuJU5IbLadTNAak6A
DA:36,1,ntCvRivf6jbaYBgCWfWOrw
DA:37,1,kuBKBCChb6c8Csi70W0hlw
DA:41,1,9yrV5QWgcc3qjKil1Wg+MQ
DA:42,1,tTJl9l2kmdSRg5kctGMYkg
DA:43,1,w6yU4bUud4LbRMmPfJAR8g
DA:44,1,5q/FPpKUnr4lFVke4jPZog
DA:46,1,nIkH56Txh25MthypoLxOoA
DA:48,1,Ei/3dNtZTjdC3cpjZiO5kw
DA:49,1,1Eq2lBv+QKzNzfzITDJRiQ
DA:50,1,0UM06xHvB+s95qRXzzUgmw
DA:51,1,VG0FCyECPY32OtA+KeIQbA
DA:55,1,z8Pz1zsHetbq5WzdH3jEZw
DA:56,1,zD5KwAntw+d3FzMxXK2U4Q
DA:57,1,6WKjeRD68ydlkepsf8QQDw
DA:58,1,Q39Ilyck5Xfr0T3HccJ4/g
DA:61,1,3sDtAsjlzkF0T+nju2mLTw
DA:63,1,t57P9H8g5G65ADVihrDsyw
DA:65,1,NliaeCVEsPJRMbMY0N3sFg
DA:66,1,DLX1zPC2CfGrfWtlZYYpyg
DA:70,1,z8Pz1zsHetbq5WzdH3jEZw
DA:71,1,zD5KwAntw+d3FzMxXK2U4Q
DA:72,1,6WKjeRD68ydlkepsf8QQDw
DA:73,1,2wEvoLKF+MrT/+QnnvTUgw
DA:76,1,3sDtAsjlzkF0T+nju2mLTw
DA:78,1,t57P9H8g5G65ADVihrDsyw
DA:80,1,f1KptxBsD3yIkazgzWfatA
DA:82,1,QmIh5w30g/LP3a+s19HG3A
DA:83,1,kuBKBCChb6c8Csi70W0hlw
DA:87,1,9yrV5QWgcc3qjKil1Wg+MQ
DA:88,1,tTJl9l2kmdSRg5kctGMYkg
DA:89,1,w6yU4bUud4LbRMmPfJAR8g
DA:90,1,MS/uy0lYavshZp5I1JUPvg
DA:92,1,nIkH56Txh25MthypoLxOoA
DA:94,1,Ei/3dNtZTjdC3cpjZiO5kw
DA:95,1,1Eq2lBv+QKzNzfzITDJRiQ
DA:96,1,0UM06xHvB+s95qRXzzUgmw
DA:97,1,VG0FCyECPY32OtA+KeIQbA
DA:101,1,z8Pz1zsHetbq5WzdH3jEZw
DA:102,1,zD5KwAntw+d3FzMxXK2U4Q
DA:103,1,6WKjeRD68ydlkepsf8QQDw
DA:104,1,C9KtGoWIYtNKStZVbKGWVQ
DA:107,1,3sDtAsjlzkF0T+nju2mLTw
DA:109,1,t57P9H8g5G65ADVihrDsyw
DA:111,1,NliaeCVEsPJRMbMY0N3sFg
DA:113,1,DLX1zPC2CfGrfWtlZYYpyg
DA:117,1,z8Pz1zsHetbq5WzdH3jEZw
DA:118,1,zD5KwAntw+d3FzMxXK2U4Q
DA:119,1,6WKjeRD68ydlkepsf8QQDw
DA:120,1,XQ4d4CXHwgq7dBiU6rGqkg
DA:123,1,3sDtAsjlzkF0T+nju2mLTw
DA:125,1,t57P9H8g5G65ADVihrDsyw
DA:127,1,f1KptxBsD3yIkazgzWfatA
DA:129,1,hixxenpXBuSEulvs+dt3kQ
DA:130,1,kuBKBCChb6c8Csi70W0hlw
DA:134,1,9yrV5QWgcc3qjKil1Wg+MQ
DA:135,1,tTJl9l2kmdSRg5kctGMYkg
DA:136,1,w6yU4bUud4LbRMmPfJAR8g
DA:137,1,d/dYC+vSpos+JA3aC4qMxQ
DA:139,1,nIkH56Txh25MthypoLxOoA
DA:141,1,Ei/3dNtZTjdC3cpjZiO5kw
DA:142,1,1Eq2lBv+QKzNzfzITDJRiQ
DA:143,1,0UM06xHvB+s95qRXzzUgmw
DA:144,1,VG0FCyECPY32OtA+KeIQbA
DA:148,1,z8Pz1zsHetbq5WzdH3jEZw
DA:149,1,zD5KwAntw+d3FzMxXK2U4Q
DA:150,1,6WKjeRD68ydlkepsf8QQDw
DA:151,1,r3mYyrehpY1zfg3VqzT8sw
DA:154,1,3sDtAsjlzkF0T+nju2mLTw
DA:156,1,t57P9H8g5G65ADVihrDsyw
DA:158,1,NliaeCVEsPJRMbMY0N3sFg
DA:160,1,DLX1zPC2CfGrfWtlZYYpyg
DA:164,1,z8Pz1zsHetbq5WzdH3jEZw
DA:165,1,zD5KwAntw+d3FzMxXK2U4Q
DA:166,1,6WKjeRD68ydlkepsf8QQDw
DA:167,1,c+dm52u8Fa1hkZIq+1UNhQ
DA:170,1,3sDtAsjlzkF0T+nju2mLTw
DA:172,1,t57P9H8g5G65ADVihrDsyw
DA:174,1,f1KptxBsD3yIkazgzWfatA
DA:179,1,n+Blk8EisBl7S70Kuvf3ZA
DA:182,1,mU0xMxVWCE6ya4SZeQPQIw
DA:183,1,xjcDBnSwra0OiNOAYAwoHA
DA:184,1,ZCigiidtk3BaOBKS24QW4g
DA:185,1,TulZRDVyZgwaluSyPp9m8w
DA:186,1,B+ZJQ8zBxPMiDZhsnR0Fag
DA:189,1,xUqTbuzxb7VwTPfC/vlI0g
DA:190,1,+B/zwCpkXqpMkhlD7XhiUA
DA:191,1,SXCjdCrghWKgw552e3e8bA
DA:193,1,EF4/RcSsgo7gsOt1e8nBoA
DA:194,1,udgcMw8+eiOLjKPemNE58w
DA:197,1,hIxLYV9LW/yfM4UGbBPkQQ
DA:199,1,wnDLkbBVuDzbBibh3dTLTA
DA:200,1,1xJGxyEGgIGmNUFMK20RYQ
DA:202,1,f9f0thEcWi+ra3LGz1XeMQ
DA:203,1,aLWxqzB/QxTGXl1R9ryzRg
DA:206,1,wfwhlebECLT+nVdMvQabhg
DA:207,1,8dYc5ujwKlMcIQHIJo29+w
DA:208,1,acMeSotBV6QL/ojn6HNxAw
DA:214,1,wfwhlebECLT+nVdMvQabhg
DA:215,1,naZjCREUftakOfdA7aE+xQ
DA:216,1,acMeSotBV6QL/ojn6HNxAw
DA:222,1,WgY9Fj7KB3woEzpuMuWp0g
DA:223,1,acMeSotBV6QL/ojn6HNxAw
DA:229,1,WbbC2RZM3YzehWVA6GUWUw
DA:230,1,1xJGxyEGgIGmNUFMK20RYQ
DA:232,1,PvpRBJtGjBiEbXcoStjAjw
DA:233,1,N51u6+0yNo0lyF33i0w2lQ
DA:234,1,rUATSXs6p0a1laF9yBmLYw
DA:236,1,acMeSotBV6QL/ojn6HNxAw
DA:242,1,O5kLTAr3iLuqkgVRwfrGpA
DA:244,1,acMeSotBV6QL/ojn6HNxAw
DA:249,1,acMeSotBV6QL/ojn6HNxAw
DA:255,1,9ymEIWJVDbkRP8Qm+Utvmw
DA:256,1,1xJGxyEGgIGmNUFMK20RYQ
DA:258,1,vfQmlvIZYzSBd7oOhhQ0BA
DA:259,1,acMeSotBV6QL/ojn6HNxAw
DA:263,1,HUZGQ3k249gzxncKWJ05gA
DA:264,1,acMeSotBV6QL/ojn6HNxAw
DA:268,1,f+/cg1qNew8lJPM7WF0ScQ
DA:269,1,1xJGxyEGgIGmNUFMK20RYQ
DA:272,1,f9f0thEcWi+ra3LGz1XeMQ
DA:273,1,aLWxqzB/QxTGXl1R9ryzRg
DA:276,1,wfwhlebECLT+nVdMvQabhg
DA:277,1,8dYc5ujwKlMcIQHIJo29+w
DA:279,1,9Si7i35bgYcGH68icO81Sg
DA:281,1,acMeSotBV6QL/ojn6HNxAw
LF:147
LH:147
end_of_record
TN:
SF:tests/test_LinealEquations.py
DA:1,1,mUDsnWRiqW9R9nTILGKIZg
DA:2,1,7Z9Lj4ed27Wf2hBX6jooEA
DA:3,1,3ijn/dNPscvvyHsHyPyRcA
DA:4,1,E/tvV9JPVDhEcTCkgrwOFw
DA:5,1,IWWjrCeOtk8NNtrE95++2g
DA:9,1,c943vq7o1CAR70Yol0m8Nw
DA:10,1,RdyzCiq/nsfdX53bjPmKSA
DA:13,1,ba5A0dhz/5J/g1D3HM7Wqw
DA:14,1,vnq8h0lP3B2MZfN37ju8ug
DA:15,1,HC8D7T39+XrZQTdVhIXmmQ
DA:16,1,yGoEIV/KQrhnLznB5B6ebg
DA:18,1,KprqoHuYkDj1S15+mZN+VQ
DA:19,1,Hnl8dUTli+xPlGsm0MvhEw
DA:20,1,Jj4+JEdv//9Gbz+rbQApEQ
DA:22,1,piC5JKcMQNtDmljrZl2ciw
DA:24,1,DVKIXnzLovhO3TFE4QXRag
DA:25,1,QWb7XqVW7ItFl5WWaLU4Jw
DA:26,1,yGoEIV/KQrhnLznB5B6ebg
DA:28,1,J/Jgf+Vbc1imlHIWIxzpZg
DA:30,1,BGrhD7a0OuaotSlpRprjrw
DA:31,1,GGN/bEURQlx/8WwFmOkX2A
DA:32,1,tP+UFhgc0p88v9y3FA17uw
DA:33,1,RHJxknPFvloY5WBtmazPxw
DA:36,1,tcji1Mw3ovHFVyh0BLVfDQ
DA:37,1,HC8D7T39+XrZQTdVhIXmmQ
DA:39,1,Q6TicAQn3YNnZK82Jdlluw
DA:40,1,CrCHit5B4Ud3Fxsl+exPpg
DA:41,1,4UMAG9MxoIOLgu7juF8fog
DA:42,1,fEzKRBNTpQMLTCkFkWq5YA
DA:44,1,/s3xNmWaZrWhyQNXmlyFnw
DA:45,1,HC8D7T39+XrZQTdVhIXmmQ
DA:46,1,Q9+VznyBKpWqxM4M37X0FQ
DA:47,1,bNbsFOLIoc6UHSn7zyWUag
DA:48,1,hjIjhwt+04QU34S3Rg9QEg
DA:50,1,mbF1PyWJ3/1Cg2NU8tmONw
DA:51,1,A4d9RCUW+nlDgMqF4fKsZQ
DA:59,1,z3859DrMK/FHpwYxfpMxxg
DA:60,1,mU0xMxVWCE6ya4SZeQPQIw
DA:61,1,q7CJKaivUXrZeoi5pJvgGA
DA:62,1,6ixWsg33auZ8uoZvmdXo8g
DA:63,1,oRzdsTBKHbPK2i8IQ+/omA
DA:65,1,DVX48YqovkxU5nwLboA51g
DA:66,1,1xJGxyEGgIGmNUFMK20RYQ
DA:67,1,SFr5PPacha5dxTxVLkrYtA
DA:68,1,bfsNR11E3LaKYfBXfw5Lpw
DA:70,1,/fxp6Dourd6JlQ209Hzfjw
DA:71,1,AknJbympIWuHd+s7ixsi0g
DA:73,1,c36Pr25ozKYPztt6bPNWWQ
DA:74,1,tP+UFhgc0p88v9y3FA17uw
DA:75,1,v+VEzQCsc9MOmlBSXNZQ6A
DA:77,1,KRWYGyCqcJUorscQUBx3PA
DA:78,1,1xJGxyEGgIGmNUFMK20RYQ
DA:80,1,8UJ1wQyHTjSsdMZcSbMxMQ
DA:83,1,DTjd4VdpkD4IuUFdELqclw
DA:86,1,fLugnu13bdPGKgezGN/aBg
DA:87,1,jEXUUwk1hm3bM9t1QYRifw
DA:88,1,zJJea+u6yErtgI7s3FnzKA
DA:91,1,qKD2v+NHRyDQXFxYHZma0w
DA:92,1,DTjd4VdpkD4IuUFdELqclw
DA:93,1,fLugnu13bdPGKgezGN/aBg
DA:95,1,LBXt67Eu/k3cMaOERWfObw
DA:96,1,C4gHX2HhlAqV7ULLJePLCQ
DA:98,1,cJatccCyH6LbKHe4HcfWUQ
DA:99,1,1xJGxyEGgIGmNUFMK20RYQ
DA:101,1,rmccY/UNIPFypb9iIPLTXQ
DA:103,1,LhN7vwfQIUobqR9MkX4jYw
DA:105,1,8UJ1wQyHTjSsdMZcSbMxMQ
DA:107,1,DTjd4VdpkD4IuUFdELqclw
DA:108,1,R571l9B5iQIGKmeP0nVipQ
DA:110,1,VCKsxFCWc8u/Jllb4TH6jQ
DA:111,1,kpUaTRqAS1cC4F3Rdynrnw
DA:112,1,ToDLLt9GqHiII+qH9lhYCA
DA:113,1,Woge9nyK80B9g22Ad3oGHw
DA:114,1,6s2+wOrwjviZHoAZzMuuJg
DA:116,1,f+/cg1qNew8lJPM7WF0ScQ
DA:117,1,1xJGxyEGgIGmNUFMK20RYQ
DA:119,1,8UJ1wQyHTjSsdMZcSbMxMQ
DA:120,1,sop/wktOnkCxtALtHV+xUQ
DA:121,1,abbVQK4WSl191t5UXnST4g
DA:122,1,tY6Xu435PSq2FMQ2fH7lvg
DA:125,1,36eHwA86sIr0c21riE5ZHA
DA:127,1,olaWeAKMKLrQuFm63oE8vA
DA:128,1,SFr5PPacha5dxTxVLkrYtA
DA:129,1,QLGr14jsSzZ3HlGS54ANXw
DA:130,1,nvjZZHxZHkreFXeQHJaozg
DA:131,1,hwhsyf7WS8Rh005IrudjmQ
DA:132,1,RDZHgp4+BVG4mq7VzuDrbw
DA:52,0,ODPHDeTBcpKUL4zwKbKhOA
DA:53,0,7LbvUsIbTyk7L9d2U87XKg
LF:89
LH:87
end_of_record
TN:
SF:tests/test_Roots.py
DA:1,1,UpkHIznvfWFNvkeZEQR/ng
DA:2,1,IWWjrCeOtk8NNtrE95++2g
DA:3,1,3ijn/dNPscvvyHsHyPyRcA
DA:5,1,+RDOdMfzs8b/FWoZIPyp+Q
DA:6,1,CHWV0deRAr3+oaqs+0OFmw
DA:10,1,KfFh6xhFgcrKwYeiIyvPsw
DA:11,1,NqmH1YZd88aon9O7aBFH7g
DA:12,1,XYkMuGuow2sZ6KMk96pOnQ
DA:14,1,g2jqgNYal2yy6GsacTUu/A
DA:18,1,KfFh6xhFgcrKwYeiIyvPsw
DA:19,1,A4PFYmaytyVpu/avuRmxEw
DA:21,1,XYkMuGuow2sZ6KMk96pOnQ
DA:23,1,g6sQ7f4VTxr+V2BrLBhyOg
DA:27,1,KfFh6xhFgcrKwYeiIyvPsw
DA:28,1,vBG4FeVPPuVcVJ/RFark/w
DA:29,1,XYkMuGuow2sZ6KMk96pOnQ
DA:31,1,LNKlZNyZqNUfxJsI++oinA
DA:35,1,KfFh6xhFgcrKwYeiIyvPsw
DA:36,1,03jL5yY/0SeqB1+oDvJY1A
DA:37,1,XYkMuGuow2sZ6KMk96pOnQ
DA:39,1,aVXvGri85RoboRbuumusXQ
DA:44,1,KfFh6xhFgcrKwYeiIyvPsw
DA:46,1,tP+UFhgc0p88v9y3FA17uw
DA:47,1,M6XV1D/mSTARAj3pgK+xlg
DA:48,1,tP+UFhgc0p88v9y3FA17uw
DA:49,1,Y2iYEBetaL6sI6E96gFwtw
DA:51,1,tP+UFhgc0p88v9y3FA17uw
DA:52,1,XsPm/BD9Kxhj84BTzfjQSw
DA:54,1,tP+UFhgc0p88v9y3FA17uw
DA:55,1,0gsx9M17pr8pLM1ML//I9w
LF:30
LH:30
end_of_record
TN:
SF:tests/test_module.py
DA:1,1,3ijn/dNPscvvyHsHyPyRcA
DA:2,1,rM8ZvnfLbWnCT6etNT706g
DA:4,1,kck/VuIOV+uSsO6Pr+w+Kw
DA:5,1,JZoZ675D4Zl5DMYy6Pi1XA
DA:6,1,1niIc/cfYboGsQY7qxzpbQ
DA:7,1,+ZBwcScorHP+QZYAvjfAaA
DA:9,1,wNuuNrhtog6hwiNnPtEo4A
DA:11,1,1pw5RwFUeiw3t/iHB+Fotw
DA:12,1,Ecz9N3cnpULPtgC783yyeQ
DA:13,1,XZemQ7dFu118ySe5Vowumw
DA:14,1,A2c0PqllbDlanCMiReNC9g
DA:15,1,fqm+2QNzFhbpQS+LKY5O9g
DA:16,1,lL+TL/67hJbxig8+JnH+Lg
DA:18,1,TAW2BQWsosR0jSZtYX74Gg
LF:14
LH:14
end_of_record
